[0.185s] DEBUG:colcon:Command line arguments: ['/usr/bin/colcon', 'build']
[0.185s] DEBUG:colcon:Parsed command line arguments: Namespace(log_base=None, log_level=None, verb_name='build', build_base='build', install_base='install', merge_install=False, symlink_install=False, test_result_base=None, continue_on_error=False, executor='parallel', parallel_workers=6, event_handlers=None, ignore_user_meta=False, metas=['./colcon.meta'], base_paths=['.'], packages_ignore=None, packages_ignore_regex=None, paths=None, packages_up_to=None, packages_up_to_regex=None, packages_above=None, packages_above_and_dependencies=None, packages_above_depth=None, packages_select_by_dep=None, packages_skip_by_dep=None, packages_skip_up_to=None, packages_select_build_failed=False, packages_skip_build_finished=False, packages_select_test_failures=False, packages_skip_test_passed=False, packages_select=None, packages_skip=None, packages_select_regex=None, packages_skip_regex=None, packages_start=None, packages_end=None, allow_overriding=[], cmake_args=None, cmake_target=None, cmake_target_skip_unavailable=False, cmake_clean_cache=False, cmake_clean_first=False, cmake_force_configure=False, ament_cmake_args=None, catkin_cmake_args=None, catkin_skip_building_tests=False, mixin_files=None, mixin=None, verb_parser=<colcon_mixin.mixin.mixin_argument.MixinArgumentDecorator object at 0x704dad88f4d0>, verb_extension=<colcon_core.verb.build.BuildVerb object at 0x704dad88e6c0>, main=<bound method BuildVerb.main of <colcon_core.verb.build.BuildVerb object at 0x704dad88e6c0>>, mixin_verb=('build',))
[0.437s] Level 1:colcon.colcon_core.package_discovery:discover_packages(colcon_meta) check parameters
[0.437s] Level 1:colcon.colcon_core.package_discovery:discover_packages(recursive) check parameters
[0.437s] Level 1:colcon.colcon_core.package_discovery:discover_packages(ignore) check parameters
[0.437s] Level 1:colcon.colcon_core.package_discovery:discover_packages(path) check parameters
[0.437s] Level 1:colcon.colcon_core.package_discovery:discover_packages(colcon_meta) discover
[0.437s] Level 1:colcon.colcon_core.package_discovery:discover_packages(recursive) discover
[0.437s] INFO:colcon.colcon_core.package_discovery:Crawling recursively for packages in '/home/leo11dk/Desktop/drobot'
[0.437s] Level 1:colcon.colcon_core.package_identification:_identify(.) by extensions ['ignore', 'ignore_ament_install']
[0.437s] Level 1:colcon.colcon_core.package_identification:_identify(.) by extension 'ignore'
[0.437s] Level 1:colcon.colcon_core.package_identification:_identify(.) by extension 'ignore_ament_install'
[0.437s] Level 1:colcon.colcon_core.package_identification:_identify(.) by extensions ['colcon_pkg']
[0.437s] Level 1:colcon.colcon_core.package_identification:_identify(.) by extension 'colcon_pkg'
[0.437s] Level 1:colcon.colcon_core.package_identification:_identify(.) by extensions ['colcon_meta']
[0.437s] Level 1:colcon.colcon_core.package_identification:_identify(.) by extension 'colcon_meta'
[0.437s] Level 1:colcon.colcon_core.package_identification:_identify(.) by extensions ['ros']
[0.438s] Level 1:colcon.colcon_core.package_identification:_identify(.) by extension 'ros'
[0.468s] Level 1:colcon.colcon_core.package_identification:_identify(.) by extensions ['cmake', 'python']
[0.468s] Level 1:colcon.colcon_core.package_identification:_identify(.) by extension 'cmake'
[0.468s] Level 1:colcon.colcon_core.package_identification:_identify(.) by extension 'python'
[0.468s] Level 1:colcon.colcon_core.package_identification:_identify(.) by extensions ['python_setup_py']
[0.468s] Level 1:colcon.colcon_core.package_identification:_identify(.) by extension 'python_setup_py'
[0.468s] Level 1:colcon.colcon_core.package_identification:_identify(build) by extensions ['ignore', 'ignore_ament_install']
[0.468s] Level 1:colcon.colcon_core.package_identification:_identify(build) by extension 'ignore'
[0.468s] Level 1:colcon.colcon_core.package_identification:_identify(build) ignored
[0.468s] Level 1:colcon.colcon_core.package_identification:_identify(install) by extensions ['ignore', 'ignore_ament_install']
[0.468s] Level 1:colcon.colcon_core.package_identification:_identify(install) by extension 'ignore'
[0.468s] Level 1:colcon.colcon_core.package_identification:_identify(install) ignored
[0.469s] Level 1:colcon.colcon_core.package_identification:_identify(log) by extensions ['ignore', 'ignore_ament_install']
[0.469s] Level 1:colcon.colcon_core.package_identification:_identify(log) by extension 'ignore'
[0.469s] Level 1:colcon.colcon_core.package_identification:_identify(log) ignored
[0.469s] Level 1:colcon.colcon_core.package_identification:_identify(src) by extensions ['ignore', 'ignore_ament_install']
[0.469s] Level 1:colcon.colcon_core.package_identification:_identify(src) by extension 'ignore'
[0.469s] Level 1:colcon.colcon_core.package_identification:_identify(src) by extension 'ignore_ament_install'
[0.469s] Level 1:colcon.colcon_core.package_identification:_identify(src) by extensions ['colcon_pkg']
[0.469s] Level 1:colcon.colcon_core.package_identification:_identify(src) by extension 'colcon_pkg'
[0.469s] Level 1:colcon.colcon_core.package_identification:_identify(src) by extensions ['colcon_meta']
[0.469s] Level 1:colcon.colcon_core.package_identification:_identify(src) by extension 'colcon_meta'
[0.469s] Level 1:colcon.colcon_core.package_identification:_identify(src) by extensions ['ros']
[0.469s] Level 1:colcon.colcon_core.package_identification:_identify(src) by extension 'ros'
[0.469s] Level 1:colcon.colcon_core.package_identification:_identify(src) by extensions ['cmake', 'python']
[0.469s] Level 1:colcon.colcon_core.package_identification:_identify(src) by extension 'cmake'
[0.469s] Level 1:colcon.colcon_core.package_identification:_identify(src) by extension 'python'
[0.469s] Level 1:colcon.colcon_core.package_identification:_identify(src) by extensions ['python_setup_py']
[0.469s] Level 1:colcon.colcon_core.package_identification:_identify(src) by extension 'python_setup_py'
[0.469s] Level 1:colcon.colcon_core.package_identification:_identify(src/drobot_bringup) by extensions ['ignore', 'ignore_ament_install']
[0.469s] Level 1:colcon.colcon_core.package_identification:_identify(src/drobot_bringup) by extension 'ignore'
[0.470s] Level 1:colcon.colcon_core.package_identification:_identify(src/drobot_bringup) by extension 'ignore_ament_install'
[0.470s] Level 1:colcon.colcon_core.package_identification:_identify(src/drobot_bringup) by extensions ['colcon_pkg']
[0.470s] Level 1:colcon.colcon_core.package_identification:_identify(src/drobot_bringup) by extension 'colcon_pkg'
[0.470s] Level 1:colcon.colcon_core.package_identification:_identify(src/drobot_bringup) by extensions ['colcon_meta']
[0.470s] Level 1:colcon.colcon_core.package_identification:_identify(src/drobot_bringup) by extension 'colcon_meta'
[0.470s] Level 1:colcon.colcon_core.package_identification:_identify(src/drobot_bringup) by extensions ['ros']
[0.470s] Level 1:colcon.colcon_core.package_identification:_identify(src/drobot_bringup) by extension 'ros'
[0.483s] DEBUG:colcon.colcon_core.package_identification:Package 'src/drobot_bringup' with type 'ros.ament_python' and name 'drobot_bringup'
[0.483s] Level 1:colcon.colcon_core.package_identification:_identify(src/drobot_controller) by extensions ['ignore', 'ignore_ament_install']
[0.483s] Level 1:colcon.colcon_core.package_identification:_identify(src/drobot_controller) by extension 'ignore'
[0.483s] Level 1:colcon.colcon_core.package_identification:_identify(src/drobot_controller) by extension 'ignore_ament_install'
[0.484s] Level 1:colcon.colcon_core.package_identification:_identify(src/drobot_controller) by extensions ['colcon_pkg']
[0.484s] Level 1:colcon.colcon_core.package_identification:_identify(src/drobot_controller) by extension 'colcon_pkg'
[0.484s] Level 1:colcon.colcon_core.package_identification:_identify(src/drobot_controller) by extensions ['colcon_meta']
[0.484s] Level 1:colcon.colcon_core.package_identification:_identify(src/drobot_controller) by extension 'colcon_meta'
[0.484s] Level 1:colcon.colcon_core.package_identification:_identify(src/drobot_controller) by extensions ['ros']
[0.484s] Level 1:colcon.colcon_core.package_identification:_identify(src/drobot_controller) by extension 'ros'
[0.484s] DEBUG:colcon.colcon_core.package_identification:Package 'src/drobot_controller' with type 'ros.ament_python' and name 'drobot_controller'
[0.484s] Level 1:colcon.colcon_core.package_identification:_identify(src/drobot_description) by extensions ['ignore', 'ignore_ament_install']
[0.484s] Level 1:colcon.colcon_core.package_identification:_identify(src/drobot_description) by extension 'ignore'
[0.484s] Level 1:colcon.colcon_core.package_identification:_identify(src/drobot_description) by extension 'ignore_ament_install'
[0.485s] Level 1:colcon.colcon_core.package_identification:_identify(src/drobot_description) by extensions ['colcon_pkg']
[0.485s] Level 1:colcon.colcon_core.package_identification:_identify(src/drobot_description) by extension 'colcon_pkg'
[0.485s] Level 1:colcon.colcon_core.package_identification:_identify(src/drobot_description) by extensions ['colcon_meta']
[0.485s] Level 1:colcon.colcon_core.package_identification:_identify(src/drobot_description) by extension 'colcon_meta'
[0.485s] Level 1:colcon.colcon_core.package_identification:_identify(src/drobot_description) by extensions ['ros']
[0.485s] Level 1:colcon.colcon_core.package_identification:_identify(src/drobot_description) by extension 'ros'
[0.485s] DEBUG:colcon.colcon_core.package_identification:Package 'src/drobot_description' with type 'ros.ament_cmake' and name 'drobot_description'
[0.485s] Level 1:colcon.colcon_core.package_identification:_identify(src/drobot_scan_2d) by extensions ['ignore', 'ignore_ament_install']
[0.485s] Level 1:colcon.colcon_core.package_identification:_identify(src/drobot_scan_2d) by extension 'ignore'
[0.485s] Level 1:colcon.colcon_core.package_identification:_identify(src/drobot_scan_2d) by extension 'ignore_ament_install'
[0.485s] Level 1:colcon.colcon_core.package_identification:_identify(src/drobot_scan_2d) by extensions ['colcon_pkg']
[0.485s] Level 1:colcon.colcon_core.package_identification:_identify(src/drobot_scan_2d) by extension 'colcon_pkg'
[0.485s] Level 1:colcon.colcon_core.package_identification:_identify(src/drobot_scan_2d) by extensions ['colcon_meta']
[0.485s] Level 1:colcon.colcon_core.package_identification:_identify(src/drobot_scan_2d) by extension 'colcon_meta'
[0.486s] Level 1:colcon.colcon_core.package_identification:_identify(src/drobot_scan_2d) by extensions ['ros']
[0.486s] Level 1:colcon.colcon_core.package_identification:_identify(src/drobot_scan_2d) by extension 'ros'
[0.486s] DEBUG:colcon.colcon_core.package_identification:Package 'src/drobot_scan_2d' with type 'ros.ament_python' and name 'drobot_scan_2d'
[0.486s] Level 1:colcon.colcon_core.package_identification:_identify(src/drobot_scan_3d) by extensions ['ignore', 'ignore_ament_install']
[0.486s] Level 1:colcon.colcon_core.package_identification:_identify(src/drobot_scan_3d) by extension 'ignore'
[0.486s] Level 1:colcon.colcon_core.package_identification:_identify(src/drobot_scan_3d) by extension 'ignore_ament_install'
[0.486s] Level 1:colcon.colcon_core.package_identification:_identify(src/drobot_scan_3d) by extensions ['colcon_pkg']
[0.486s] Level 1:colcon.colcon_core.package_identification:_identify(src/drobot_scan_3d) by extension 'colcon_pkg'
[0.486s] Level 1:colcon.colcon_core.package_identification:_identify(src/drobot_scan_3d) by extensions ['colcon_meta']
[0.486s] Level 1:colcon.colcon_core.package_identification:_identify(src/drobot_scan_3d) by extension 'colcon_meta'
[0.486s] Level 1:colcon.colcon_core.package_identification:_identify(src/drobot_scan_3d) by extensions ['ros']
[0.486s] Level 1:colcon.colcon_core.package_identification:_identify(src/drobot_scan_3d) by extension 'ros'
[0.487s] DEBUG:colcon.colcon_core.package_identification:Package 'src/drobot_scan_3d' with type 'ros.ament_python' and name 'drobot_scan_3d'
[0.487s] Level 1:colcon.colcon_core.package_identification:_identify(src/drobot_simulation) by extensions ['ignore', 'ignore_ament_install']
[0.487s] Level 1:colcon.colcon_core.package_identification:_identify(src/drobot_simulation) by extension 'ignore'
[0.487s] Level 1:colcon.colcon_core.package_identification:_identify(src/drobot_simulation) by extension 'ignore_ament_install'
[0.487s] Level 1:colcon.colcon_core.package_identification:_identify(src/drobot_simulation) by extensions ['colcon_pkg']
[0.487s] Level 1:colcon.colcon_core.package_identification:_identify(src/drobot_simulation) by extension 'colcon_pkg'
[0.487s] Level 1:colcon.colcon_core.package_identification:_identify(src/drobot_simulation) by extensions ['colcon_meta']
[0.487s] Level 1:colcon.colcon_core.package_identification:_identify(src/drobot_simulation) by extension 'colcon_meta'
[0.487s] Level 1:colcon.colcon_core.package_identification:_identify(src/drobot_simulation) by extensions ['ros']
[0.487s] Level 1:colcon.colcon_core.package_identification:_identify(src/drobot_simulation) by extension 'ros'
[0.488s] DEBUG:colcon.colcon_core.package_identification:Package 'src/drobot_simulation' with type 'ros.ament_cmake' and name 'drobot_simulation'
[0.488s] Level 1:colcon.colcon_core.package_identification:_identify(src/drobot_strategy) by extensions ['ignore', 'ignore_ament_install']
[0.488s] Level 1:colcon.colcon_core.package_identification:_identify(src/drobot_strategy) by extension 'ignore'
[0.488s] Level 1:colcon.colcon_core.package_identification:_identify(src/drobot_strategy) by extension 'ignore_ament_install'
[0.488s] Level 1:colcon.colcon_core.package_identification:_identify(src/drobot_strategy) by extensions ['colcon_pkg']
[0.488s] Level 1:colcon.colcon_core.package_identification:_identify(src/drobot_strategy) by extension 'colcon_pkg'
[0.488s] Level 1:colcon.colcon_core.package_identification:_identify(src/drobot_strategy) by extensions ['colcon_meta']
[0.488s] Level 1:colcon.colcon_core.package_identification:_identify(src/drobot_strategy) by extension 'colcon_meta'
[0.488s] Level 1:colcon.colcon_core.package_identification:_identify(src/drobot_strategy) by extensions ['ros']
[0.488s] Level 1:colcon.colcon_core.package_identification:_identify(src/drobot_strategy) by extension 'ros'
[0.489s] DEBUG:colcon.colcon_core.package_identification:Package 'src/drobot_strategy' with type 'ros.ament_python' and name 'drobot_strategy'
[0.489s] Level 1:colcon.colcon_core.package_identification:_identify(src/drobot_ui) by extensions ['ignore', 'ignore_ament_install']
[0.489s] Level 1:colcon.colcon_core.package_identification:_identify(src/drobot_ui) by extension 'ignore'
[0.489s] Level 1:colcon.colcon_core.package_identification:_identify(src/drobot_ui) by extension 'ignore_ament_install'
[0.489s] Level 1:colcon.colcon_core.package_identification:_identify(src/drobot_ui) by extensions ['colcon_pkg']
[0.489s] Level 1:colcon.colcon_core.package_identification:_identify(src/drobot_ui) by extension 'colcon_pkg'
[0.489s] Level 1:colcon.colcon_core.package_identification:_identify(src/drobot_ui) by extensions ['colcon_meta']
[0.489s] Level 1:colcon.colcon_core.package_identification:_identify(src/drobot_ui) by extension 'colcon_meta'
[0.489s] Level 1:colcon.colcon_core.package_identification:_identify(src/drobot_ui) by extensions ['ros']
[0.489s] Level 1:colcon.colcon_core.package_identification:_identify(src/drobot_ui) by extension 'ros'
[0.490s] DEBUG:colcon.colcon_core.package_identification:Package 'src/drobot_ui' with type 'ros.ament_python' and name 'drobot_ui'
[0.490s] Level 1:colcon.colcon_core.package_identification:_identify(src/drobot_yolo) by extensions ['ignore', 'ignore_ament_install']
[0.490s] Level 1:colcon.colcon_core.package_identification:_identify(src/drobot_yolo) by extension 'ignore'
[0.490s] Level 1:colcon.colcon_core.package_identification:_identify(src/drobot_yolo) by extension 'ignore_ament_install'
[0.490s] Level 1:colcon.colcon_core.package_identification:_identify(src/drobot_yolo) by extensions ['colcon_pkg']
[0.490s] Level 1:colcon.colcon_core.package_identification:_identify(src/drobot_yolo) by extension 'colcon_pkg'
[0.490s] Level 1:colcon.colcon_core.package_identification:_identify(src/drobot_yolo) by extensions ['colcon_meta']
[0.490s] Level 1:colcon.colcon_core.package_identification:_identify(src/drobot_yolo) by extension 'colcon_meta'
[0.490s] Level 1:colcon.colcon_core.package_identification:_identify(src/drobot_yolo) by extensions ['ros']
[0.490s] Level 1:colcon.colcon_core.package_identification:_identify(src/drobot_yolo) by extension 'ros'
[0.491s] DEBUG:colcon.colcon_core.package_identification:Package 'src/drobot_yolo' with type 'ros.ament_python' and name 'drobot_yolo'
[0.491s] Level 1:colcon.colcon_core.package_discovery:discover_packages(recursive) using defaults
[0.491s] Level 1:colcon.colcon_core.package_discovery:discover_packages(ignore) discover
[0.491s] Level 1:colcon.colcon_core.package_discovery:discover_packages(ignore) using defaults
[0.491s] Level 1:colcon.colcon_core.package_discovery:discover_packages(path) discover
[0.491s] Level 1:colcon.colcon_core.package_discovery:discover_packages(path) using defaults
[0.697s] Level 1:colcon.colcon_core.package_discovery:discover_packages(prefix_path) check parameters
[0.697s] Level 1:colcon.colcon_core.package_discovery:discover_packages(prefix_path) discover
[0.723s] DEBUG:colcon.colcon_installed_package_information.package_discovery:Found 394 installed packages in /opt/ros/jazzy
[0.724s] Level 1:colcon.colcon_core.package_discovery:discover_packages(prefix_path) using defaults
[0.800s] Level 5:colcon.colcon_core.verb:set package 'drobot_bringup' build argument 'cmake_args' from command line to 'None'
[0.800s] Level 5:colcon.colcon_core.verb:set package 'drobot_bringup' build argument 'cmake_target' from command line to 'None'
[0.800s] Level 5:colcon.colcon_core.verb:set package 'drobot_bringup' build argument 'cmake_target_skip_unavailable' from command line to 'False'
[0.800s] Level 5:colcon.colcon_core.verb:set package 'drobot_bringup' build argument 'cmake_clean_cache' from command line to 'False'
[0.800s] Level 5:colcon.colcon_core.verb:set package 'drobot_bringup' build argument 'cmake_clean_first' from command line to 'False'
[0.800s] Level 5:colcon.colcon_core.verb:set package 'drobot_bringup' build argument 'cmake_force_configure' from command line to 'False'
[0.800s] Level 5:colcon.colcon_core.verb:set package 'drobot_bringup' build argument 'ament_cmake_args' from command line to 'None'
[0.800s] Level 5:colcon.colcon_core.verb:set package 'drobot_bringup' build argument 'catkin_cmake_args' from command line to 'None'
[0.800s] Level 5:colcon.colcon_core.verb:set package 'drobot_bringup' build argument 'catkin_skip_building_tests' from command line to 'False'
[0.800s] DEBUG:colcon.colcon_core.verb:Building package 'drobot_bringup' with the following arguments: {'ament_cmake_args': None, 'build_base': '/home/leo11dk/Desktop/drobot/build/drobot_bringup', 'catkin_cmake_args': None, 'catkin_skip_building_tests': False, 'cmake_args': None, 'cmake_clean_cache': False, 'cmake_clean_first': False, 'cmake_force_configure': False, 'cmake_target': None, 'cmake_target_skip_unavailable': False, 'install_base': '/home/leo11dk/Desktop/drobot/install/drobot_bringup', 'merge_install': False, 'path': '/home/leo11dk/Desktop/drobot/src/drobot_bringup', 'symlink_install': False, 'test_result_base': None}
[0.800s] Level 5:colcon.colcon_core.verb:set package 'drobot_controller' build argument 'cmake_args' from command line to 'None'
[0.800s] Level 5:colcon.colcon_core.verb:set package 'drobot_controller' build argument 'cmake_target' from command line to 'None'
[0.800s] Level 5:colcon.colcon_core.verb:set package 'drobot_controller' build argument 'cmake_target_skip_unavailable' from command line to 'False'
[0.800s] Level 5:colcon.colcon_core.verb:set package 'drobot_controller' build argument 'cmake_clean_cache' from command line to 'False'
[0.800s] Level 5:colcon.colcon_core.verb:set package 'drobot_controller' build argument 'cmake_clean_first' from command line to 'False'
[0.801s] Level 5:colcon.colcon_core.verb:set package 'drobot_controller' build argument 'cmake_force_configure' from command line to 'False'
[0.801s] Level 5:colcon.colcon_core.verb:set package 'drobot_controller' build argument 'ament_cmake_args' from command line to 'None'
[0.801s] Level 5:colcon.colcon_core.verb:set package 'drobot_controller' build argument 'catkin_cmake_args' from command line to 'None'
[0.801s] Level 5:colcon.colcon_core.verb:set package 'drobot_controller' build argument 'catkin_skip_building_tests' from command line to 'False'
[0.801s] DEBUG:colcon.colcon_core.verb:Building package 'drobot_controller' with the following arguments: {'ament_cmake_args': None, 'build_base': '/home/leo11dk/Desktop/drobot/build/drobot_controller', 'catkin_cmake_args': None, 'catkin_skip_building_tests': False, 'cmake_args': None, 'cmake_clean_cache': False, 'cmake_clean_first': False, 'cmake_force_configure': False, 'cmake_target': None, 'cmake_target_skip_unavailable': False, 'install_base': '/home/leo11dk/Desktop/drobot/install/drobot_controller', 'merge_install': False, 'path': '/home/leo11dk/Desktop/drobot/src/drobot_controller', 'symlink_install': False, 'test_result_base': None}
[0.801s] Level 5:colcon.colcon_core.verb:set package 'drobot_description' build argument 'cmake_args' from command line to 'None'
[0.801s] Level 5:colcon.colcon_core.verb:set package 'drobot_description' build argument 'cmake_target' from command line to 'None'
[0.801s] Level 5:colcon.colcon_core.verb:set package 'drobot_description' build argument 'cmake_target_skip_unavailable' from command line to 'False'
[0.801s] Level 5:colcon.colcon_core.verb:set package 'drobot_description' build argument 'cmake_clean_cache' from command line to 'False'
[0.801s] Level 5:colcon.colcon_core.verb:set package 'drobot_description' build argument 'cmake_clean_first' from command line to 'False'
[0.801s] Level 5:colcon.colcon_core.verb:set package 'drobot_description' build argument 'cmake_force_configure' from command line to 'False'
[0.801s] Level 5:colcon.colcon_core.verb:set package 'drobot_description' build argument 'ament_cmake_args' from command line to 'None'
[0.801s] Level 5:colcon.colcon_core.verb:set package 'drobot_description' build argument 'catkin_cmake_args' from command line to 'None'
[0.801s] Level 5:colcon.colcon_core.verb:set package 'drobot_description' build argument 'catkin_skip_building_tests' from command line to 'False'
[0.801s] DEBUG:colcon.colcon_core.verb:Building package 'drobot_description' with the following arguments: {'ament_cmake_args': None, 'build_base': '/home/leo11dk/Desktop/drobot/build/drobot_description', 'catkin_cmake_args': None, 'catkin_skip_building_tests': False, 'cmake_args': None, 'cmake_clean_cache': False, 'cmake_clean_first': False, 'cmake_force_configure': False, 'cmake_target': None, 'cmake_target_skip_unavailable': False, 'install_base': '/home/leo11dk/Desktop/drobot/install/drobot_description', 'merge_install': False, 'path': '/home/leo11dk/Desktop/drobot/src/drobot_description', 'symlink_install': False, 'test_result_base': None}
[0.801s] Level 5:colcon.colcon_core.verb:set package 'drobot_scan_2d' build argument 'cmake_args' from command line to 'None'
[0.801s] Level 5:colcon.colcon_core.verb:set package 'drobot_scan_2d' build argument 'cmake_target' from command line to 'None'
[0.801s] Level 5:colcon.colcon_core.verb:set package 'drobot_scan_2d' build argument 'cmake_target_skip_unavailable' from command line to 'False'
[0.801s] Level 5:colcon.colcon_core.verb:set package 'drobot_scan_2d' build argument 'cmake_clean_cache' from command line to 'False'
[0.801s] Level 5:colcon.colcon_core.verb:set package 'drobot_scan_2d' build argument 'cmake_clean_first' from command line to 'False'
[0.801s] Level 5:colcon.colcon_core.verb:set package 'drobot_scan_2d' build argument 'cmake_force_configure' from command line to 'False'
[0.801s] Level 5:colcon.colcon_core.verb:set package 'drobot_scan_2d' build argument 'ament_cmake_args' from command line to 'None'
[0.801s] Level 5:colcon.colcon_core.verb:set package 'drobot_scan_2d' build argument 'catkin_cmake_args' from command line to 'None'
[0.801s] Level 5:colcon.colcon_core.verb:set package 'drobot_scan_2d' build argument 'catkin_skip_building_tests' from command line to 'False'
[0.802s] DEBUG:colcon.colcon_core.verb:Building package 'drobot_scan_2d' with the following arguments: {'ament_cmake_args': None, 'build_base': '/home/leo11dk/Desktop/drobot/build/drobot_scan_2d', 'catkin_cmake_args': None, 'catkin_skip_building_tests': False, 'cmake_args': None, 'cmake_clean_cache': False, 'cmake_clean_first': False, 'cmake_force_configure': False, 'cmake_target': None, 'cmake_target_skip_unavailable': False, 'install_base': '/home/leo11dk/Desktop/drobot/install/drobot_scan_2d', 'merge_install': False, 'path': '/home/leo11dk/Desktop/drobot/src/drobot_scan_2d', 'symlink_install': False, 'test_result_base': None}
[0.802s] Level 5:colcon.colcon_core.verb:set package 'drobot_scan_3d' build argument 'cmake_args' from command line to 'None'
[0.802s] Level 5:colcon.colcon_core.verb:set package 'drobot_scan_3d' build argument 'cmake_target' from command line to 'None'
[0.802s] Level 5:colcon.colcon_core.verb:set package 'drobot_scan_3d' build argument 'cmake_target_skip_unavailable' from command line to 'False'
[0.802s] Level 5:colcon.colcon_core.verb:set package 'drobot_scan_3d' build argument 'cmake_clean_cache' from command line to 'False'
[0.802s] Level 5:colcon.colcon_core.verb:set package 'drobot_scan_3d' build argument 'cmake_clean_first' from command line to 'False'
[0.802s] Level 5:colcon.colcon_core.verb:set package 'drobot_scan_3d' build argument 'cmake_force_configure' from command line to 'False'
[0.802s] Level 5:colcon.colcon_core.verb:set package 'drobot_scan_3d' build argument 'ament_cmake_args' from command line to 'None'
[0.802s] Level 5:colcon.colcon_core.verb:set package 'drobot_scan_3d' build argument 'catkin_cmake_args' from command line to 'None'
[0.802s] Level 5:colcon.colcon_core.verb:set package 'drobot_scan_3d' build argument 'catkin_skip_building_tests' from command line to 'False'
[0.802s] DEBUG:colcon.colcon_core.verb:Building package 'drobot_scan_3d' with the following arguments: {'ament_cmake_args': None, 'build_base': '/home/leo11dk/Desktop/drobot/build/drobot_scan_3d', 'catkin_cmake_args': None, 'catkin_skip_building_tests': False, 'cmake_args': None, 'cmake_clean_cache': False, 'cmake_clean_first': False, 'cmake_force_configure': False, 'cmake_target': None, 'cmake_target_skip_unavailable': False, 'install_base': '/home/leo11dk/Desktop/drobot/install/drobot_scan_3d', 'merge_install': False, 'path': '/home/leo11dk/Desktop/drobot/src/drobot_scan_3d', 'symlink_install': False, 'test_result_base': None}
[0.802s] Level 5:colcon.colcon_core.verb:set package 'drobot_simulation' build argument 'cmake_args' from command line to 'None'
[0.802s] Level 5:colcon.colcon_core.verb:set package 'drobot_simulation' build argument 'cmake_target' from command line to 'None'
[0.802s] Level 5:colcon.colcon_core.verb:set package 'drobot_simulation' build argument 'cmake_target_skip_unavailable' from command line to 'False'
[0.802s] Level 5:colcon.colcon_core.verb:set package 'drobot_simulation' build argument 'cmake_clean_cache' from command line to 'False'
[0.802s] Level 5:colcon.colcon_core.verb:set package 'drobot_simulation' build argument 'cmake_clean_first' from command line to 'False'
[0.802s] Level 5:colcon.colcon_core.verb:set package 'drobot_simulation' build argument 'cmake_force_configure' from command line to 'False'
[0.802s] Level 5:colcon.colcon_core.verb:set package 'drobot_simulation' build argument 'ament_cmake_args' from command line to 'None'
[0.802s] Level 5:colcon.colcon_core.verb:set package 'drobot_simulation' build argument 'catkin_cmake_args' from command line to 'None'
[0.802s] Level 5:colcon.colcon_core.verb:set package 'drobot_simulation' build argument 'catkin_skip_building_tests' from command line to 'False'
[0.802s] DEBUG:colcon.colcon_core.verb:Building package 'drobot_simulation' with the following arguments: {'ament_cmake_args': None, 'build_base': '/home/leo11dk/Desktop/drobot/build/drobot_simulation', 'catkin_cmake_args': None, 'catkin_skip_building_tests': False, 'cmake_args': None, 'cmake_clean_cache': False, 'cmake_clean_first': False, 'cmake_force_configure': False, 'cmake_target': None, 'cmake_target_skip_unavailable': False, 'install_base': '/home/leo11dk/Desktop/drobot/install/drobot_simulation', 'merge_install': False, 'path': '/home/leo11dk/Desktop/drobot/src/drobot_simulation', 'symlink_install': False, 'test_result_base': None}
[0.803s] Level 5:colcon.colcon_core.verb:set package 'drobot_strategy' build argument 'cmake_args' from command line to 'None'
[0.803s] Level 5:colcon.colcon_core.verb:set package 'drobot_strategy' build argument 'cmake_target' from command line to 'None'
[0.803s] Level 5:colcon.colcon_core.verb:set package 'drobot_strategy' build argument 'cmake_target_skip_unavailable' from command line to 'False'
[0.803s] Level 5:colcon.colcon_core.verb:set package 'drobot_strategy' build argument 'cmake_clean_cache' from command line to 'False'
[0.803s] Level 5:colcon.colcon_core.verb:set package 'drobot_strategy' build argument 'cmake_clean_first' from command line to 'False'
[0.803s] Level 5:colcon.colcon_core.verb:set package 'drobot_strategy' build argument 'cmake_force_configure' from command line to 'False'
[0.803s] Level 5:colcon.colcon_core.verb:set package 'drobot_strategy' build argument 'ament_cmake_args' from command line to 'None'
[0.803s] Level 5:colcon.colcon_core.verb:set package 'drobot_strategy' build argument 'catkin_cmake_args' from command line to 'None'
[0.803s] Level 5:colcon.colcon_core.verb:set package 'drobot_strategy' build argument 'catkin_skip_building_tests' from command line to 'False'
[0.803s] DEBUG:colcon.colcon_core.verb:Building package 'drobot_strategy' with the following arguments: {'ament_cmake_args': None, 'build_base': '/home/leo11dk/Desktop/drobot/build/drobot_strategy', 'catkin_cmake_args': None, 'catkin_skip_building_tests': False, 'cmake_args': None, 'cmake_clean_cache': False, 'cmake_clean_first': False, 'cmake_force_configure': False, 'cmake_target': None, 'cmake_target_skip_unavailable': False, 'install_base': '/home/leo11dk/Desktop/drobot/install/drobot_strategy', 'merge_install': False, 'path': '/home/leo11dk/Desktop/drobot/src/drobot_strategy', 'symlink_install': False, 'test_result_base': None}
[0.803s] Level 5:colcon.colcon_core.verb:set package 'drobot_ui' build argument 'cmake_args' from command line to 'None'
[0.803s] Level 5:colcon.colcon_core.verb:set package 'drobot_ui' build argument 'cmake_target' from command line to 'None'
[0.803s] Level 5:colcon.colcon_core.verb:set package 'drobot_ui' build argument 'cmake_target_skip_unavailable' from command line to 'False'
[0.803s] Level 5:colcon.colcon_core.verb:set package 'drobot_ui' build argument 'cmake_clean_cache' from command line to 'False'
[0.803s] Level 5:colcon.colcon_core.verb:set package 'drobot_ui' build argument 'cmake_clean_first' from command line to 'False'
[0.803s] Level 5:colcon.colcon_core.verb:set package 'drobot_ui' build argument 'cmake_force_configure' from command line to 'False'
[0.803s] Level 5:colcon.colcon_core.verb:set package 'drobot_ui' build argument 'ament_cmake_args' from command line to 'None'
[0.803s] Level 5:colcon.colcon_core.verb:set package 'drobot_ui' build argument 'catkin_cmake_args' from command line to 'None'
[0.803s] Level 5:colcon.colcon_core.verb:set package 'drobot_ui' build argument 'catkin_skip_building_tests' from command line to 'False'
[0.803s] DEBUG:colcon.colcon_core.verb:Building package 'drobot_ui' with the following arguments: {'ament_cmake_args': None, 'build_base': '/home/leo11dk/Desktop/drobot/build/drobot_ui', 'catkin_cmake_args': None, 'catkin_skip_building_tests': False, 'cmake_args': None, 'cmake_clean_cache': False, 'cmake_clean_first': False, 'cmake_force_configure': False, 'cmake_target': None, 'cmake_target_skip_unavailable': False, 'install_base': '/home/leo11dk/Desktop/drobot/install/drobot_ui', 'merge_install': False, 'path': '/home/leo11dk/Desktop/drobot/src/drobot_ui', 'symlink_install': False, 'test_result_base': None}
[0.803s] Level 5:colcon.colcon_core.verb:set package 'drobot_yolo' build argument 'cmake_args' from command line to 'None'
[0.804s] Level 5:colcon.colcon_core.verb:set package 'drobot_yolo' build argument 'cmake_target' from command line to 'None'
[0.804s] Level 5:colcon.colcon_core.verb:set package 'drobot_yolo' build argument 'cmake_target_skip_unavailable' from command line to 'False'
[0.804s] Level 5:colcon.colcon_core.verb:set package 'drobot_yolo' build argument 'cmake_clean_cache' from command line to 'False'
[0.804s] Level 5:colcon.colcon_core.verb:set package 'drobot_yolo' build argument 'cmake_clean_first' from command line to 'False'
[0.804s] Level 5:colcon.colcon_core.verb:set package 'drobot_yolo' build argument 'cmake_force_configure' from command line to 'False'
[0.804s] Level 5:colcon.colcon_core.verb:set package 'drobot_yolo' build argument 'ament_cmake_args' from command line to 'None'
[0.804s] Level 5:colcon.colcon_core.verb:set package 'drobot_yolo' build argument 'catkin_cmake_args' from command line to 'None'
[0.804s] Level 5:colcon.colcon_core.verb:set package 'drobot_yolo' build argument 'catkin_skip_building_tests' from command line to 'False'
[0.804s] DEBUG:colcon.colcon_core.verb:Building package 'drobot_yolo' with the following arguments: {'ament_cmake_args': None, 'build_base': '/home/leo11dk/Desktop/drobot/build/drobot_yolo', 'catkin_cmake_args': None, 'catkin_skip_building_tests': False, 'cmake_args': None, 'cmake_clean_cache': False, 'cmake_clean_first': False, 'cmake_force_configure': False, 'cmake_target': None, 'cmake_target_skip_unavailable': False, 'install_base': '/home/leo11dk/Desktop/drobot/install/drobot_yolo', 'merge_install': False, 'path': '/home/leo11dk/Desktop/drobot/src/drobot_yolo', 'symlink_install': False, 'test_result_base': None}
[0.804s] INFO:colcon.colcon_core.executor:Executing jobs using 'parallel' executor
[0.804s] DEBUG:colcon.colcon_parallel_executor.executor.parallel:run_until_complete
[0.805s] INFO:colcon.colcon_ros.task.ament_python.build:Building ROS package in '/home/leo11dk/Desktop/drobot/src/drobot_bringup' with build type 'ament_python'
[0.805s] Level 1:colcon.colcon_core.shell:create_environment_hook('drobot_bringup', 'ament_prefix_path')
[0.821s] INFO:colcon.colcon_core.plugin_system:Skipping extension 'colcon_core.shell.bat': Not used on non-Windows systems
[0.821s] INFO:colcon.colcon_core.shell:Creating environment hook '/home/leo11dk/Desktop/drobot/install/drobot_bringup/share/drobot_bringup/hook/ament_prefix_path.ps1'
[0.838s] INFO:colcon.colcon_core.shell:Creating environment descriptor '/home/leo11dk/Desktop/drobot/install/drobot_bringup/share/drobot_bringup/hook/ament_prefix_path.dsv'
[0.849s] INFO:colcon.colcon_core.shell:Creating environment hook '/home/leo11dk/Desktop/drobot/install/drobot_bringup/share/drobot_bringup/hook/ament_prefix_path.sh'
[0.850s] INFO:colcon.colcon_core.shell:Skip shell extension 'powershell' for command environment: Not usable outside of PowerShell
[0.850s] DEBUG:colcon.colcon_core.shell:Skip shell extension 'dsv' for command environment
[0.853s] INFO:colcon.colcon_ros.task.ament_python.build:Building ROS package in '/home/leo11dk/Desktop/drobot/src/drobot_controller' with build type 'ament_python'
[0.853s] Level 1:colcon.colcon_core.shell:create_environment_hook('drobot_controller', 'ament_prefix_path')
[0.854s] INFO:colcon.colcon_core.shell:Creating environment hook '/home/leo11dk/Desktop/drobot/install/drobot_controller/share/drobot_controller/hook/ament_prefix_path.ps1'
[0.854s] INFO:colcon.colcon_core.shell:Creating environment descriptor '/home/leo11dk/Desktop/drobot/install/drobot_controller/share/drobot_controller/hook/ament_prefix_path.dsv'
[0.854s] INFO:colcon.colcon_core.shell:Creating environment hook '/home/leo11dk/Desktop/drobot/install/drobot_controller/share/drobot_controller/hook/ament_prefix_path.sh'
[0.855s] INFO:colcon.colcon_core.shell:Skip shell extension 'powershell' for command environment: Not usable outside of PowerShell
[0.855s] DEBUG:colcon.colcon_core.shell:Skip shell extension 'dsv' for command environment
[0.858s] INFO:colcon.colcon_ros.task.ament_cmake.build:Building ROS package in '/home/leo11dk/Desktop/drobot/src/drobot_description' with build type 'ament_cmake'
[0.858s] INFO:colcon.colcon_cmake.task.cmake.build:Building CMake package in '/home/leo11dk/Desktop/drobot/src/drobot_description'
[0.858s] INFO:colcon.colcon_core.shell:Skip shell extension 'powershell' for command environment: Not usable outside of PowerShell
[0.858s] DEBUG:colcon.colcon_core.shell:Skip shell extension 'dsv' for command environment
[0.861s] INFO:colcon.colcon_ros.task.ament_python.build:Building ROS package in '/home/leo11dk/Desktop/drobot/src/drobot_scan_2d' with build type 'ament_python'
[0.861s] Level 1:colcon.colcon_core.shell:create_environment_hook('drobot_scan_2d', 'ament_prefix_path')
[0.861s] INFO:colcon.colcon_core.shell:Creating environment hook '/home/leo11dk/Desktop/drobot/install/drobot_scan_2d/share/drobot_scan_2d/hook/ament_prefix_path.ps1'
[0.862s] INFO:colcon.colcon_core.shell:Creating environment descriptor '/home/leo11dk/Desktop/drobot/install/drobot_scan_2d/share/drobot_scan_2d/hook/ament_prefix_path.dsv'
[0.862s] INFO:colcon.colcon_core.shell:Creating environment hook '/home/leo11dk/Desktop/drobot/install/drobot_scan_2d/share/drobot_scan_2d/hook/ament_prefix_path.sh'
[0.863s] INFO:colcon.colcon_core.shell:Skip shell extension 'powershell' for command environment: Not usable outside of PowerShell
[0.863s] DEBUG:colcon.colcon_core.shell:Skip shell extension 'dsv' for command environment
[0.866s] INFO:colcon.colcon_ros.task.ament_python.build:Building ROS package in '/home/leo11dk/Desktop/drobot/src/drobot_scan_3d' with build type 'ament_python'
[0.866s] Level 1:colcon.colcon_core.shell:create_environment_hook('drobot_scan_3d', 'ament_prefix_path')
[0.866s] INFO:colcon.colcon_core.shell:Creating environment hook '/home/leo11dk/Desktop/drobot/install/drobot_scan_3d/share/drobot_scan_3d/hook/ament_prefix_path.ps1'
[0.866s] INFO:colcon.colcon_core.shell:Creating environment descriptor '/home/leo11dk/Desktop/drobot/install/drobot_scan_3d/share/drobot_scan_3d/hook/ament_prefix_path.dsv'
[0.867s] INFO:colcon.colcon_core.shell:Creating environment hook '/home/leo11dk/Desktop/drobot/install/drobot_scan_3d/share/drobot_scan_3d/hook/ament_prefix_path.sh'
[0.867s] INFO:colcon.colcon_core.shell:Skip shell extension 'powershell' for command environment: Not usable outside of PowerShell
[0.867s] DEBUG:colcon.colcon_core.shell:Skip shell extension 'dsv' for command environment
[0.870s] INFO:colcon.colcon_ros.task.ament_cmake.build:Building ROS package in '/home/leo11dk/Desktop/drobot/src/drobot_simulation' with build type 'ament_cmake'
[0.870s] INFO:colcon.colcon_cmake.task.cmake.build:Building CMake package in '/home/leo11dk/Desktop/drobot/src/drobot_simulation'
[0.870s] INFO:colcon.colcon_core.shell:Skip shell extension 'powershell' for command environment: Not usable outside of PowerShell
[0.870s] DEBUG:colcon.colcon_core.shell:Skip shell extension 'dsv' for command environment
[1.119s] INFO:colcon.colcon_core.task.python.build:Building Python package in '/home/leo11dk/Desktop/drobot/src/drobot_bringup'
[1.120s] INFO:colcon.colcon_core.shell:Skip shell extension 'powershell' for command environment: Not usable outside of PowerShell
[1.120s] DEBUG:colcon.colcon_core.shell:Skip shell extension 'dsv' for command environment
[1.349s] INFO:colcon.colcon_core.task.python.build:Building Python package in '/home/leo11dk/Desktop/drobot/src/drobot_controller'
[1.349s] INFO:colcon.colcon_core.shell:Skip shell extension 'powershell' for command environment: Not usable outside of PowerShell
[1.349s] DEBUG:colcon.colcon_core.shell:Skip shell extension 'dsv' for command environment
[1.354s] DEBUG:colcon.colcon_core.event_handler.log_command:Invoking command in '/home/leo11dk/Desktop/drobot/build/drobot_description': CMAKE_PREFIX_PATH=${CMAKE_PREFIX_PATH}:/opt/ros/jazzy DEBUGINFOD_URLS=https://debuginfod.ubuntu.com /usr/bin/cmake /home/leo11dk/Desktop/drobot/src/drobot_description -DCMAKE_INSTALL_PREFIX=/home/leo11dk/Desktop/drobot/install/drobot_description
[1.624s] INFO:colcon.colcon_core.task.python.build:Building Python package in '/home/leo11dk/Desktop/drobot/src/drobot_scan_2d'
[1.624s] INFO:colcon.colcon_core.shell:Skip shell extension 'powershell' for command environment: Not usable outside of PowerShell
[1.624s] DEBUG:colcon.colcon_core.shell:Skip shell extension 'dsv' for command environment
[1.848s] INFO:colcon.colcon_core.task.python.build:Building Python package in '/home/leo11dk/Desktop/drobot/src/drobot_scan_3d'
[1.848s] INFO:colcon.colcon_core.shell:Skip shell extension 'powershell' for command environment: Not usable outside of PowerShell
[1.848s] DEBUG:colcon.colcon_core.shell:Skip shell extension 'dsv' for command environment
[1.855s] DEBUG:colcon.colcon_core.event_handler.log_command:Invoking command in '/home/leo11dk/Desktop/drobot/build/drobot_simulation': CMAKE_PREFIX_PATH=${CMAKE_PREFIX_PATH}:/opt/ros/jazzy DEBUGINFOD_URLS=https://debuginfod.ubuntu.com /usr/bin/cmake /home/leo11dk/Desktop/drobot/src/drobot_simulation -DCMAKE_INSTALL_PREFIX=/home/leo11dk/Desktop/drobot/install/drobot_simulation
[6.463s] DEBUG:colcon.colcon_core.event_handler.log_command:Invoked command in '/home/leo11dk/Desktop/drobot/build/drobot_simulation' returned '0': CMAKE_PREFIX_PATH=${CMAKE_PREFIX_PATH}:/opt/ros/jazzy DEBUGINFOD_URLS=https://debuginfod.ubuntu.com /usr/bin/cmake /home/leo11dk/Desktop/drobot/src/drobot_simulation -DCMAKE_INSTALL_PREFIX=/home/leo11dk/Desktop/drobot/install/drobot_simulation
[6.465s] DEBUG:colcon.colcon_core.event_handler.log_command:Invoking command in '/home/leo11dk/Desktop/drobot/build/drobot_simulation': CMAKE_PREFIX_PATH=${CMAKE_PREFIX_PATH}:/opt/ros/jazzy DEBUGINFOD_URLS=https://debuginfod.ubuntu.com /usr/bin/cmake --build /home/leo11dk/Desktop/drobot/build/drobot_simulation -- -j6 -l6
[6.467s] DEBUG:colcon.colcon_core.event_handler.log_command:Invoked command in '/home/leo11dk/Desktop/drobot/build/drobot_description' returned '0': CMAKE_PREFIX_PATH=${CMAKE_PREFIX_PATH}:/opt/ros/jazzy DEBUGINFOD_URLS=https://debuginfod.ubuntu.com /usr/bin/cmake /home/leo11dk/Desktop/drobot/src/drobot_description -DCMAKE_INSTALL_PREFIX=/home/leo11dk/Desktop/drobot/install/drobot_description
[6.468s] DEBUG:colcon.colcon_core.event_handler.log_command:Invoking command in '/home/leo11dk/Desktop/drobot/build/drobot_description': CMAKE_PREFIX_PATH=${CMAKE_PREFIX_PATH}:/opt/ros/jazzy DEBUGINFOD_URLS=https://debuginfod.ubuntu.com /usr/bin/cmake --build /home/leo11dk/Desktop/drobot/build/drobot_description -- -j6 -l6
[6.510s] DEBUG:colcon.colcon_core.event_handler.log_command:Invoked command in '/home/leo11dk/Desktop/drobot/build/drobot_simulation' returned '0': CMAKE_PREFIX_PATH=${CMAKE_PREFIX_PATH}:/opt/ros/jazzy DEBUGINFOD_URLS=https://debuginfod.ubuntu.com /usr/bin/cmake --build /home/leo11dk/Desktop/drobot/build/drobot_simulation -- -j6 -l6
[6.520s] DEBUG:colcon.colcon_core.event_handler.log_command:Invoking command in '/home/leo11dk/Desktop/drobot/build/drobot_simulation': CMAKE_PREFIX_PATH=${CMAKE_PREFIX_PATH}:/opt/ros/jazzy DEBUGINFOD_URLS=https://debuginfod.ubuntu.com /usr/bin/cmake --install /home/leo11dk/Desktop/drobot/build/drobot_simulation
[6.520s] DEBUG:colcon.colcon_core.event_handler.log_command:Invoked command in '/home/leo11dk/Desktop/drobot/build/drobot_description' returned '0': CMAKE_PREFIX_PATH=${CMAKE_PREFIX_PATH}:/opt/ros/jazzy DEBUGINFOD_URLS=https://debuginfod.ubuntu.com /usr/bin/cmake --build /home/leo11dk/Desktop/drobot/build/drobot_description -- -j6 -l6
[6.521s] DEBUG:colcon.colcon_core.event_handler.log_command:Invoking command in '/home/leo11dk/Desktop/drobot/build/drobot_description': CMAKE_PREFIX_PATH=${CMAKE_PREFIX_PATH}:/opt/ros/jazzy DEBUGINFOD_URLS=https://debuginfod.ubuntu.com /usr/bin/cmake --install /home/leo11dk/Desktop/drobot/build/drobot_description
[6.531s] Level 1:colcon.colcon_core.environment:create_environment_scripts_only(drobot_simulation)
[6.531s] DEBUG:colcon.colcon_core.event_handler.log_command:Invoked command in '/home/leo11dk/Desktop/drobot/build/drobot_simulation' returned '0': CMAKE_PREFIX_PATH=${CMAKE_PREFIX_PATH}:/opt/ros/jazzy DEBUGINFOD_URLS=https://debuginfod.ubuntu.com /usr/bin/cmake --install /home/leo11dk/Desktop/drobot/build/drobot_simulation
[6.662s] Level 1:colcon.colcon_core.environment:checking '/home/leo11dk/Desktop/drobot/install/drobot_simulation' for CMake module files
[6.663s] Level 1:colcon.colcon_core.environment:checking '/home/leo11dk/Desktop/drobot/install/drobot_simulation' for CMake config files
[6.663s] Level 1:colcon.colcon_core.shell:create_environment_hook('drobot_simulation', 'cmake_prefix_path')
[6.664s] INFO:colcon.colcon_core.shell:Creating environment hook '/home/leo11dk/Desktop/drobot/install/drobot_simulation/share/drobot_simulation/hook/cmake_prefix_path.ps1'
[6.664s] INFO:colcon.colcon_core.shell:Creating environment descriptor '/home/leo11dk/Desktop/drobot/install/drobot_simulation/share/drobot_simulation/hook/cmake_prefix_path.dsv'
[6.665s] INFO:colcon.colcon_core.shell:Creating environment hook '/home/leo11dk/Desktop/drobot/install/drobot_simulation/share/drobot_simulation/hook/cmake_prefix_path.sh'
[6.666s] Level 1:colcon.colcon_core.environment:checking '/home/leo11dk/Desktop/drobot/install/drobot_simulation/bin'
[6.666s] Level 1:colcon.colcon_core.environment:checking '/home/leo11dk/Desktop/drobot/install/drobot_simulation/lib/pkgconfig/drobot_simulation.pc'
[6.666s] Level 1:colcon.colcon_core.environment:checking '/home/leo11dk/Desktop/drobot/install/drobot_simulation/lib/python3.12/site-packages'
[6.667s] Level 1:colcon.colcon_core.environment:checking '/home/leo11dk/Desktop/drobot/install/drobot_simulation/bin'
[6.667s] INFO:colcon.colcon_core.shell:Creating package script '/home/leo11dk/Desktop/drobot/install/drobot_simulation/share/drobot_simulation/package.ps1'
[6.670s] INFO:colcon.colcon_core.shell:Creating package descriptor '/home/leo11dk/Desktop/drobot/install/drobot_simulation/share/drobot_simulation/package.dsv'
[6.671s] INFO:colcon.colcon_core.shell:Creating package script '/home/leo11dk/Desktop/drobot/install/drobot_simulation/share/drobot_simulation/package.sh'
[6.680s] INFO:colcon.colcon_core.shell:Creating package script '/home/leo11dk/Desktop/drobot/install/drobot_simulation/share/drobot_simulation/package.bash'
[6.696s] INFO:colcon.colcon_core.shell:Creating package script '/home/leo11dk/Desktop/drobot/install/drobot_simulation/share/drobot_simulation/package.zsh'
[6.699s] Level 1:colcon.colcon_core.environment:create_file_with_runtime_dependencies(/home/leo11dk/Desktop/drobot/install/drobot_simulation/share/colcon-core/packages/drobot_simulation)
[6.699s] Level 1:colcon.colcon_core.environment:create_environment_scripts_only(drobot_simulation)
[6.699s] Level 1:colcon.colcon_core.environment:checking '/home/leo11dk/Desktop/drobot/install/drobot_simulation' for CMake module files
[6.700s] Level 1:colcon.colcon_core.environment:checking '/home/leo11dk/Desktop/drobot/install/drobot_simulation' for CMake config files
[6.700s] Level 1:colcon.colcon_core.shell:create_environment_hook('drobot_simulation', 'cmake_prefix_path')
[6.700s] INFO:colcon.colcon_core.shell:Creating environment hook '/home/leo11dk/Desktop/drobot/install/drobot_simulation/share/drobot_simulation/hook/cmake_prefix_path.ps1'
[6.701s] INFO:colcon.colcon_core.shell:Creating environment descriptor '/home/leo11dk/Desktop/drobot/install/drobot_simulation/share/drobot_simulation/hook/cmake_prefix_path.dsv'
[6.701s] INFO:colcon.colcon_core.shell:Creating environment hook '/home/leo11dk/Desktop/drobot/install/drobot_simulation/share/drobot_simulation/hook/cmake_prefix_path.sh'
[6.701s] Level 1:colcon.colcon_core.environment:checking '/home/leo11dk/Desktop/drobot/install/drobot_simulation/bin'
[6.701s] Level 1:colcon.colcon_core.environment:checking '/home/leo11dk/Desktop/drobot/install/drobot_simulation/lib/pkgconfig/drobot_simulation.pc'
[6.702s] Level 1:colcon.colcon_core.environment:checking '/home/leo11dk/Desktop/drobot/install/drobot_simulation/lib/python3.12/site-packages'
[6.702s] Level 1:colcon.colcon_core.environment:checking '/home/leo11dk/Desktop/drobot/install/drobot_simulation/bin'
[6.702s] INFO:colcon.colcon_core.shell:Creating package script '/home/leo11dk/Desktop/drobot/install/drobot_simulation/share/drobot_simulation/package.ps1'
[6.703s] INFO:colcon.colcon_core.shell:Creating package descriptor '/home/leo11dk/Desktop/drobot/install/drobot_simulation/share/drobot_simulation/package.dsv'
[6.703s] INFO:colcon.colcon_core.shell:Creating package script '/home/leo11dk/Desktop/drobot/install/drobot_simulation/share/drobot_simulation/package.sh'
[6.703s] INFO:colcon.colcon_core.shell:Creating package script '/home/leo11dk/Desktop/drobot/install/drobot_simulation/share/drobot_simulation/package.bash'
[6.704s] INFO:colcon.colcon_core.shell:Creating package script '/home/leo11dk/Desktop/drobot/install/drobot_simulation/share/drobot_simulation/package.zsh'
[6.704s] Level 1:colcon.colcon_core.environment:create_file_with_runtime_dependencies(/home/leo11dk/Desktop/drobot/install/drobot_simulation/share/colcon-core/packages/drobot_simulation)
[6.705s] INFO:colcon.colcon_ros.task.ament_python.build:Building ROS package in '/home/leo11dk/Desktop/drobot/src/drobot_strategy' with build type 'ament_python'
[6.705s] Level 1:colcon.colcon_core.shell:create_environment_hook('drobot_strategy', 'ament_prefix_path')
[6.705s] INFO:colcon.colcon_core.shell:Creating environment hook '/home/leo11dk/Desktop/drobot/install/drobot_strategy/share/drobot_strategy/hook/ament_prefix_path.ps1'
[6.706s] INFO:colcon.colcon_core.shell:Creating environment descriptor '/home/leo11dk/Desktop/drobot/install/drobot_strategy/share/drobot_strategy/hook/ament_prefix_path.dsv'
[6.706s] INFO:colcon.colcon_core.shell:Creating environment hook '/home/leo11dk/Desktop/drobot/install/drobot_strategy/share/drobot_strategy/hook/ament_prefix_path.sh'
[6.707s] INFO:colcon.colcon_core.shell:Skip shell extension 'powershell' for command environment: Not usable outside of PowerShell
[6.707s] DEBUG:colcon.colcon_core.shell:Skip shell extension 'dsv' for command environment
[6.710s] Level 1:colcon.colcon_core.environment:create_environment_scripts_only(drobot_description)
[6.711s] Level 1:colcon.colcon_core.environment:checking '/home/leo11dk/Desktop/drobot/install/drobot_description' for CMake module files
[6.711s] Level 1:colcon.colcon_core.environment:checking '/home/leo11dk/Desktop/drobot/install/drobot_description' for CMake config files
[6.711s] Level 1:colcon.colcon_core.shell:create_environment_hook('drobot_description', 'cmake_prefix_path')
[6.712s] INFO:colcon.colcon_core.shell:Creating environment hook '/home/leo11dk/Desktop/drobot/install/drobot_description/share/drobot_description/hook/cmake_prefix_path.ps1'
[6.712s] INFO:colcon.colcon_core.shell:Creating environment descriptor '/home/leo11dk/Desktop/drobot/install/drobot_description/share/drobot_description/hook/cmake_prefix_path.dsv'
[6.712s] INFO:colcon.colcon_core.shell:Creating environment hook '/home/leo11dk/Desktop/drobot/install/drobot_description/share/drobot_description/hook/cmake_prefix_path.sh'
[6.713s] Level 1:colcon.colcon_core.environment:checking '/home/leo11dk/Desktop/drobot/install/drobot_description/bin'
[6.713s] Level 1:colcon.colcon_core.environment:checking '/home/leo11dk/Desktop/drobot/install/drobot_description/lib/pkgconfig/drobot_description.pc'
[6.713s] Level 1:colcon.colcon_core.environment:checking '/home/leo11dk/Desktop/drobot/install/drobot_description/lib/python3.12/site-packages'
[6.713s] Level 1:colcon.colcon_core.environment:checking '/home/leo11dk/Desktop/drobot/install/drobot_description/bin'
[6.714s] INFO:colcon.colcon_core.shell:Creating package script '/home/leo11dk/Desktop/drobot/install/drobot_description/share/drobot_description/package.ps1'
[6.714s] DEBUG:colcon.colcon_core.event_handler.log_command:Invoked command in '/home/leo11dk/Desktop/drobot/build/drobot_description' returned '0': CMAKE_PREFIX_PATH=${CMAKE_PREFIX_PATH}:/opt/ros/jazzy DEBUGINFOD_URLS=https://debuginfod.ubuntu.com /usr/bin/cmake --install /home/leo11dk/Desktop/drobot/build/drobot_description
[6.714s] INFO:colcon.colcon_core.shell:Creating package descriptor '/home/leo11dk/Desktop/drobot/install/drobot_description/share/drobot_description/package.dsv'
[6.715s] INFO:colcon.colcon_core.shell:Creating package script '/home/leo11dk/Desktop/drobot/install/drobot_description/share/drobot_description/package.sh'
[6.715s] INFO:colcon.colcon_core.shell:Creating package script '/home/leo11dk/Desktop/drobot/install/drobot_description/share/drobot_description/package.bash'
[6.715s] INFO:colcon.colcon_core.shell:Creating package script '/home/leo11dk/Desktop/drobot/install/drobot_description/share/drobot_description/package.zsh'
[6.716s] Level 1:colcon.colcon_core.environment:create_file_with_runtime_dependencies(/home/leo11dk/Desktop/drobot/install/drobot_description/share/colcon-core/packages/drobot_description)
[6.716s] Level 1:colcon.colcon_core.environment:create_environment_scripts_only(drobot_description)
[6.716s] Level 1:colcon.colcon_core.environment:checking '/home/leo11dk/Desktop/drobot/install/drobot_description' for CMake module files
[6.717s] Level 1:colcon.colcon_core.environment:checking '/home/leo11dk/Desktop/drobot/install/drobot_description' for CMake config files
[6.717s] Level 1:colcon.colcon_core.shell:create_environment_hook('drobot_description', 'cmake_prefix_path')
[6.717s] INFO:colcon.colcon_core.shell:Creating environment hook '/home/leo11dk/Desktop/drobot/install/drobot_description/share/drobot_description/hook/cmake_prefix_path.ps1'
[6.718s] INFO:colcon.colcon_core.shell:Creating environment descriptor '/home/leo11dk/Desktop/drobot/install/drobot_description/share/drobot_description/hook/cmake_prefix_path.dsv'
[6.718s] INFO:colcon.colcon_core.shell:Creating environment hook '/home/leo11dk/Desktop/drobot/install/drobot_description/share/drobot_description/hook/cmake_prefix_path.sh'
[6.718s] Level 1:colcon.colcon_core.environment:checking '/home/leo11dk/Desktop/drobot/install/drobot_description/bin'
[6.718s] Level 1:colcon.colcon_core.environment:checking '/home/leo11dk/Desktop/drobot/install/drobot_description/lib/pkgconfig/drobot_description.pc'
[6.719s] Level 1:colcon.colcon_core.environment:checking '/home/leo11dk/Desktop/drobot/install/drobot_description/lib/python3.12/site-packages'
[6.719s] Level 1:colcon.colcon_core.environment:checking '/home/leo11dk/Desktop/drobot/install/drobot_description/bin'
[6.719s] INFO:colcon.colcon_core.shell:Creating package script '/home/leo11dk/Desktop/drobot/install/drobot_description/share/drobot_description/package.ps1'
[6.720s] INFO:colcon.colcon_core.shell:Creating package descriptor '/home/leo11dk/Desktop/drobot/install/drobot_description/share/drobot_description/package.dsv'
[6.720s] INFO:colcon.colcon_core.shell:Creating package script '/home/leo11dk/Desktop/drobot/install/drobot_description/share/drobot_description/package.sh'
[6.720s] INFO:colcon.colcon_core.shell:Creating package script '/home/leo11dk/Desktop/drobot/install/drobot_description/share/drobot_description/package.bash'
[6.721s] INFO:colcon.colcon_core.shell:Creating package script '/home/leo11dk/Desktop/drobot/install/drobot_description/share/drobot_description/package.zsh'
[6.731s] Level 1:colcon.colcon_core.environment:create_file_with_runtime_dependencies(/home/leo11dk/Desktop/drobot/install/drobot_description/share/colcon-core/packages/drobot_description)
[6.731s] INFO:colcon.colcon_ros.task.ament_python.build:Building ROS package in '/home/leo11dk/Desktop/drobot/src/drobot_ui' with build type 'ament_python'
[6.731s] Level 1:colcon.colcon_core.shell:create_environment_hook('drobot_ui', 'ament_prefix_path')
[6.732s] INFO:colcon.colcon_core.shell:Creating environment hook '/home/leo11dk/Desktop/drobot/install/drobot_ui/share/drobot_ui/hook/ament_prefix_path.ps1'
[6.732s] INFO:colcon.colcon_core.shell:Creating environment descriptor '/home/leo11dk/Desktop/drobot/install/drobot_ui/share/drobot_ui/hook/ament_prefix_path.dsv'
[6.733s] INFO:colcon.colcon_core.shell:Creating environment hook '/home/leo11dk/Desktop/drobot/install/drobot_ui/share/drobot_ui/hook/ament_prefix_path.sh'
[6.733s] INFO:colcon.colcon_core.shell:Skip shell extension 'powershell' for command environment: Not usable outside of PowerShell
[6.733s] DEBUG:colcon.colcon_core.shell:Skip shell extension 'dsv' for command environment
[6.963s] INFO:colcon.colcon_core.task.python.build:Building Python package in '/home/leo11dk/Desktop/drobot/src/drobot_strategy'
[6.963s] INFO:colcon.colcon_core.shell:Skip shell extension 'powershell' for command environment: Not usable outside of PowerShell
[6.963s] DEBUG:colcon.colcon_core.shell:Skip shell extension 'dsv' for command environment
[7.188s] INFO:colcon.colcon_core.task.python.build:Building Python package in '/home/leo11dk/Desktop/drobot/src/drobot_ui'
[7.188s] INFO:colcon.colcon_core.shell:Skip shell extension 'powershell' for command environment: Not usable outside of PowerShell
[7.188s] DEBUG:colcon.colcon_core.shell:Skip shell extension 'dsv' for command environment
[8.806s] DEBUG:colcon.colcon_core.event_handler.log_command:Invoking command in '/home/leo11dk/Desktop/drobot/src/drobot_strategy': DEBUGINFOD_URLS=https://debuginfod.ubuntu.com PYTHONPATH=/home/leo11dk/Desktop/drobot/build/drobot_strategy/prefix_override:/usr/lib/python3/dist-packages/colcon_core/task/python/colcon_distutils_commands:/home/leo11dk/Desktop/drobot/install/drobot_strategy/lib/python3.12/site-packages:${PYTHONPATH} /usr/bin/python3 -W ignore:setup.py install is deprecated -W ignore:easy_install command is deprecated setup.py egg_info --egg-base ../../build/drobot_strategy build --build-base /home/leo11dk/Desktop/drobot/build/drobot_strategy/build install --record /home/leo11dk/Desktop/drobot/build/drobot_strategy/install.log --single-version-externally-managed install_data
[8.808s] DEBUG:colcon.colcon_core.event_handler.log_command:Invoking command in '/home/leo11dk/Desktop/drobot/src/drobot_controller': DEBUGINFOD_URLS=https://debuginfod.ubuntu.com PYTHONPATH=/home/leo11dk/Desktop/drobot/build/drobot_controller/prefix_override:/usr/lib/python3/dist-packages/colcon_core/task/python/colcon_distutils_commands:/home/leo11dk/Desktop/drobot/install/drobot_controller/lib/python3.12/site-packages:${PYTHONPATH} /usr/bin/python3 -W ignore:setup.py install is deprecated -W ignore:easy_install command is deprecated setup.py egg_info --egg-base ../../build/drobot_controller build --build-base /home/leo11dk/Desktop/drobot/build/drobot_controller/build install --record /home/leo11dk/Desktop/drobot/build/drobot_controller/install.log --single-version-externally-managed install_data
[8.811s] DEBUG:colcon.colcon_core.event_handler.log_command:Invoking command in '/home/leo11dk/Desktop/drobot/src/drobot_ui': DEBUGINFOD_URLS=https://debuginfod.ubuntu.com PYTHONPATH=/home/leo11dk/Desktop/drobot/build/drobot_ui/prefix_override:/usr/lib/python3/dist-packages/colcon_core/task/python/colcon_distutils_commands:/home/leo11dk/Desktop/drobot/install/drobot_ui/lib/python3.12/site-packages:${PYTHONPATH} /usr/bin/python3 -W ignore:setup.py install is deprecated -W ignore:easy_install command is deprecated setup.py egg_info --egg-base ../../build/drobot_ui build --build-base /home/leo11dk/Desktop/drobot/build/drobot_ui/build install --record /home/leo11dk/Desktop/drobot/build/drobot_ui/install.log --single-version-externally-managed install_data
[8.817s] DEBUG:colcon.colcon_core.event_handler.log_command:Invoking command in '/home/leo11dk/Desktop/drobot/src/drobot_bringup': DEBUGINFOD_URLS=https://debuginfod.ubuntu.com PYTHONPATH=/home/leo11dk/Desktop/drobot/build/drobot_bringup/prefix_override:/usr/lib/python3/dist-packages/colcon_core/task/python/colcon_distutils_commands:/home/leo11dk/Desktop/drobot/install/drobot_bringup/lib/python3.12/site-packages:${PYTHONPATH} /usr/bin/python3 -W ignore:setup.py install is deprecated -W ignore:easy_install command is deprecated setup.py egg_info --egg-base ../../build/drobot_bringup build --build-base /home/leo11dk/Desktop/drobot/build/drobot_bringup/build install --record /home/leo11dk/Desktop/drobot/build/drobot_bringup/install.log --single-version-externally-managed install_data
[8.820s] DEBUG:colcon.colcon_core.event_handler.log_command:Invoking command in '/home/leo11dk/Desktop/drobot/src/drobot_scan_2d': DEBUGINFOD_URLS=https://debuginfod.ubuntu.com PYTHONPATH=/home/leo11dk/Desktop/drobot/build/drobot_scan_2d/prefix_override:/usr/lib/python3/dist-packages/colcon_core/task/python/colcon_distutils_commands:/home/leo11dk/Desktop/drobot/install/drobot_scan_2d/lib/python3.12/site-packages:${PYTHONPATH} /usr/bin/python3 -W ignore:setup.py install is deprecated -W ignore:easy_install command is deprecated setup.py egg_info --egg-base ../../build/drobot_scan_2d build --build-base /home/leo11dk/Desktop/drobot/build/drobot_scan_2d/build install --record /home/leo11dk/Desktop/drobot/build/drobot_scan_2d/install.log --single-version-externally-managed install_data
[8.824s] DEBUG:colcon.colcon_core.event_handler.log_command:Invoking command in '/home/leo11dk/Desktop/drobot/src/drobot_scan_3d': DEBUGINFOD_URLS=https://debuginfod.ubuntu.com PYTHONPATH=/home/leo11dk/Desktop/drobot/build/drobot_scan_3d/prefix_override:/usr/lib/python3/dist-packages/colcon_core/task/python/colcon_distutils_commands:/home/leo11dk/Desktop/drobot/install/drobot_scan_3d/lib/python3.12/site-packages:${PYTHONPATH} /usr/bin/python3 -W ignore:setup.py install is deprecated -W ignore:easy_install command is deprecated setup.py egg_info --egg-base ../../build/drobot_scan_3d build --build-base /home/leo11dk/Desktop/drobot/build/drobot_scan_3d/build install --record /home/leo11dk/Desktop/drobot/build/drobot_scan_3d/install.log --single-version-externally-managed install_data
[9.478s] Level 1:colcon.colcon_core.environment:checking '/home/leo11dk/Desktop/drobot/install/drobot_controller' for CMake module files
[9.479s] Level 1:colcon.colcon_core.environment:checking '/home/leo11dk/Desktop/drobot/install/drobot_controller' for CMake config files
[9.479s] Level 1:colcon.colcon_core.environment:checking '/home/leo11dk/Desktop/drobot/install/drobot_controller/lib'
[9.479s] Level 1:colcon.colcon_core.environment:checking '/home/leo11dk/Desktop/drobot/install/drobot_controller/bin'
[9.479s] Level 1:colcon.colcon_core.environment:checking '/home/leo11dk/Desktop/drobot/install/drobot_controller/lib/pkgconfig/drobot_controller.pc'
[9.480s] Level 1:colcon.colcon_core.environment:checking '/home/leo11dk/Desktop/drobot/install/drobot_controller/lib/python3.12/site-packages'
[9.480s] Level 1:colcon.colcon_core.shell:create_environment_hook('drobot_controller', 'pythonpath')
[9.480s] INFO:colcon.colcon_core.shell:Creating environment hook '/home/leo11dk/Desktop/drobot/install/drobot_controller/share/drobot_controller/hook/pythonpath.ps1'
[9.480s] INFO:colcon.colcon_core.shell:Creating environment descriptor '/home/leo11dk/Desktop/drobot/install/drobot_controller/share/drobot_controller/hook/pythonpath.dsv'
[9.481s] DEBUG:colcon.colcon_core.event_handler.log_command:Invoked command in '/home/leo11dk/Desktop/drobot/src/drobot_controller' returned '0': DEBUGINFOD_URLS=https://debuginfod.ubuntu.com PYTHONPATH=/home/leo11dk/Desktop/drobot/build/drobot_controller/prefix_override:/usr/lib/python3/dist-packages/colcon_core/task/python/colcon_distutils_commands:/home/leo11dk/Desktop/drobot/install/drobot_controller/lib/python3.12/site-packages:${PYTHONPATH} /usr/bin/python3 -W ignore:setup.py install is deprecated -W ignore:easy_install command is deprecated setup.py egg_info --egg-base ../../build/drobot_controller build --build-base /home/leo11dk/Desktop/drobot/build/drobot_controller/build install --record /home/leo11dk/Desktop/drobot/build/drobot_controller/install.log --single-version-externally-managed install_data
[9.481s] INFO:colcon.colcon_core.shell:Creating environment hook '/home/leo11dk/Desktop/drobot/install/drobot_controller/share/drobot_controller/hook/pythonpath.sh'
[9.482s] Level 1:colcon.colcon_core.environment:checking '/home/leo11dk/Desktop/drobot/install/drobot_controller/bin'
[9.482s] Level 1:colcon.colcon_core.environment:create_environment_scripts_only(drobot_controller)
[9.482s] INFO:colcon.colcon_core.shell:Creating package script '/home/leo11dk/Desktop/drobot/install/drobot_controller/share/drobot_controller/package.ps1'
[9.483s] INFO:colcon.colcon_core.shell:Creating package descriptor '/home/leo11dk/Desktop/drobot/install/drobot_controller/share/drobot_controller/package.dsv'
[9.483s] INFO:colcon.colcon_core.shell:Creating package script '/home/leo11dk/Desktop/drobot/install/drobot_controller/share/drobot_controller/package.sh'
[9.483s] INFO:colcon.colcon_core.shell:Creating package script '/home/leo11dk/Desktop/drobot/install/drobot_controller/share/drobot_controller/package.bash'
[9.484s] INFO:colcon.colcon_core.shell:Creating package script '/home/leo11dk/Desktop/drobot/install/drobot_controller/share/drobot_controller/package.zsh'
[9.484s] Level 1:colcon.colcon_core.environment:create_file_with_runtime_dependencies(/home/leo11dk/Desktop/drobot/install/drobot_controller/share/colcon-core/packages/drobot_controller)
[9.484s] INFO:colcon.colcon_ros.task.ament_python.build:Building ROS package in '/home/leo11dk/Desktop/drobot/src/drobot_yolo' with build type 'ament_python'
[9.484s] Level 1:colcon.colcon_core.shell:create_environment_hook('drobot_yolo', 'ament_prefix_path')
[9.484s] INFO:colcon.colcon_core.shell:Creating environment hook '/home/leo11dk/Desktop/drobot/install/drobot_yolo/share/drobot_yolo/hook/ament_prefix_path.ps1'
[9.485s] INFO:colcon.colcon_core.shell:Creating environment descriptor '/home/leo11dk/Desktop/drobot/install/drobot_yolo/share/drobot_yolo/hook/ament_prefix_path.dsv'
[9.486s] INFO:colcon.colcon_core.shell:Creating environment hook '/home/leo11dk/Desktop/drobot/install/drobot_yolo/share/drobot_yolo/hook/ament_prefix_path.sh'
[9.486s] INFO:colcon.colcon_core.shell:Skip shell extension 'powershell' for command environment: Not usable outside of PowerShell
[9.486s] DEBUG:colcon.colcon_core.shell:Skip shell extension 'dsv' for command environment
[9.490s] Level 1:colcon.colcon_core.environment:checking '/home/leo11dk/Desktop/drobot/install/drobot_strategy' for CMake module files
[9.491s] Level 1:colcon.colcon_core.environment:checking '/home/leo11dk/Desktop/drobot/install/drobot_strategy' for CMake config files
[9.491s] Level 1:colcon.colcon_core.environment:checking '/home/leo11dk/Desktop/drobot/install/drobot_strategy/lib'
[9.491s] Level 1:colcon.colcon_core.environment:checking '/home/leo11dk/Desktop/drobot/install/drobot_strategy/bin'
[9.491s] Level 1:colcon.colcon_core.environment:checking '/home/leo11dk/Desktop/drobot/install/drobot_strategy/lib/pkgconfig/drobot_strategy.pc'
[9.491s] Level 1:colcon.colcon_core.environment:checking '/home/leo11dk/Desktop/drobot/install/drobot_strategy/lib/python3.12/site-packages'
[9.491s] Level 1:colcon.colcon_core.shell:create_environment_hook('drobot_strategy', 'pythonpath')
[9.492s] INFO:colcon.colcon_core.shell:Creating environment hook '/home/leo11dk/Desktop/drobot/install/drobot_strategy/share/drobot_strategy/hook/pythonpath.ps1'
[9.492s] DEBUG:colcon.colcon_core.event_handler.log_command:Invoked command in '/home/leo11dk/Desktop/drobot/src/drobot_strategy' returned '0': DEBUGINFOD_URLS=https://debuginfod.ubuntu.com PYTHONPATH=/home/leo11dk/Desktop/drobot/build/drobot_strategy/prefix_override:/usr/lib/python3/dist-packages/colcon_core/task/python/colcon_distutils_commands:/home/leo11dk/Desktop/drobot/install/drobot_strategy/lib/python3.12/site-packages:${PYTHONPATH} /usr/bin/python3 -W ignore:setup.py install is deprecated -W ignore:easy_install command is deprecated setup.py egg_info --egg-base ../../build/drobot_strategy build --build-base /home/leo11dk/Desktop/drobot/build/drobot_strategy/build install --record /home/leo11dk/Desktop/drobot/build/drobot_strategy/install.log --single-version-externally-managed install_data
[9.492s] INFO:colcon.colcon_core.shell:Creating environment descriptor '/home/leo11dk/Desktop/drobot/install/drobot_strategy/share/drobot_strategy/hook/pythonpath.dsv'
[9.493s] INFO:colcon.colcon_core.shell:Creating environment hook '/home/leo11dk/Desktop/drobot/install/drobot_strategy/share/drobot_strategy/hook/pythonpath.sh'
[9.494s] Level 1:colcon.colcon_core.environment:checking '/home/leo11dk/Desktop/drobot/install/drobot_strategy/bin'
[9.494s] Level 1:colcon.colcon_core.environment:create_environment_scripts_only(drobot_strategy)
[9.494s] INFO:colcon.colcon_core.shell:Creating package script '/home/leo11dk/Desktop/drobot/install/drobot_strategy/share/drobot_strategy/package.ps1'
[9.494s] INFO:colcon.colcon_core.shell:Creating package descriptor '/home/leo11dk/Desktop/drobot/install/drobot_strategy/share/drobot_strategy/package.dsv'
[9.495s] INFO:colcon.colcon_core.shell:Creating package script '/home/leo11dk/Desktop/drobot/install/drobot_strategy/share/drobot_strategy/package.sh'
[9.495s] INFO:colcon.colcon_core.shell:Creating package script '/home/leo11dk/Desktop/drobot/install/drobot_strategy/share/drobot_strategy/package.bash'
[9.496s] INFO:colcon.colcon_core.shell:Creating package script '/home/leo11dk/Desktop/drobot/install/drobot_strategy/share/drobot_strategy/package.zsh'
[9.496s] Level 1:colcon.colcon_core.environment:create_file_with_runtime_dependencies(/home/leo11dk/Desktop/drobot/install/drobot_strategy/share/colcon-core/packages/drobot_strategy)
[9.742s] INFO:colcon.colcon_core.task.python.build:Building Python package in '/home/leo11dk/Desktop/drobot/src/drobot_yolo'
[9.742s] INFO:colcon.colcon_core.shell:Skip shell extension 'powershell' for command environment: Not usable outside of PowerShell
[9.742s] DEBUG:colcon.colcon_core.shell:Skip shell extension 'dsv' for command environment
[9.747s] Level 1:colcon.colcon_core.environment:checking '/home/leo11dk/Desktop/drobot/install/drobot_scan_2d' for CMake module files
[9.747s] DEBUG:colcon.colcon_core.event_handler.log_command:Invoked command in '/home/leo11dk/Desktop/drobot/src/drobot_scan_2d' returned '0': DEBUGINFOD_URLS=https://debuginfod.ubuntu.com PYTHONPATH=/home/leo11dk/Desktop/drobot/build/drobot_scan_2d/prefix_override:/usr/lib/python3/dist-packages/colcon_core/task/python/colcon_distutils_commands:/home/leo11dk/Desktop/drobot/install/drobot_scan_2d/lib/python3.12/site-packages:${PYTHONPATH} /usr/bin/python3 -W ignore:setup.py install is deprecated -W ignore:easy_install command is deprecated setup.py egg_info --egg-base ../../build/drobot_scan_2d build --build-base /home/leo11dk/Desktop/drobot/build/drobot_scan_2d/build install --record /home/leo11dk/Desktop/drobot/build/drobot_scan_2d/install.log --single-version-externally-managed install_data
[9.747s] Level 1:colcon.colcon_core.environment:checking '/home/leo11dk/Desktop/drobot/install/drobot_scan_2d' for CMake config files
[9.748s] Level 1:colcon.colcon_core.environment:checking '/home/leo11dk/Desktop/drobot/install/drobot_scan_2d/lib'
[9.748s] Level 1:colcon.colcon_core.environment:checking '/home/leo11dk/Desktop/drobot/install/drobot_scan_2d/bin'
[9.748s] Level 1:colcon.colcon_core.environment:checking '/home/leo11dk/Desktop/drobot/install/drobot_scan_2d/lib/pkgconfig/drobot_scan_2d.pc'
[9.748s] Level 1:colcon.colcon_core.environment:checking '/home/leo11dk/Desktop/drobot/install/drobot_scan_2d/lib/python3.12/site-packages'
[9.748s] Level 1:colcon.colcon_core.shell:create_environment_hook('drobot_scan_2d', 'pythonpath')
[9.748s] INFO:colcon.colcon_core.shell:Creating environment hook '/home/leo11dk/Desktop/drobot/install/drobot_scan_2d/share/drobot_scan_2d/hook/pythonpath.ps1'
[9.749s] INFO:colcon.colcon_core.shell:Creating environment descriptor '/home/leo11dk/Desktop/drobot/install/drobot_scan_2d/share/drobot_scan_2d/hook/pythonpath.dsv'
[9.749s] INFO:colcon.colcon_core.shell:Creating environment hook '/home/leo11dk/Desktop/drobot/install/drobot_scan_2d/share/drobot_scan_2d/hook/pythonpath.sh'
[9.750s] Level 1:colcon.colcon_core.environment:checking '/home/leo11dk/Desktop/drobot/install/drobot_scan_2d/bin'
[9.750s] Level 1:colcon.colcon_core.environment:create_environment_scripts_only(drobot_scan_2d)
[9.750s] INFO:colcon.colcon_core.shell:Creating package script '/home/leo11dk/Desktop/drobot/install/drobot_scan_2d/share/drobot_scan_2d/package.ps1'
[9.750s] INFO:colcon.colcon_core.shell:Creating package descriptor '/home/leo11dk/Desktop/drobot/install/drobot_scan_2d/share/drobot_scan_2d/package.dsv'
[9.751s] INFO:colcon.colcon_core.shell:Creating package script '/home/leo11dk/Desktop/drobot/install/drobot_scan_2d/share/drobot_scan_2d/package.sh'
[9.751s] INFO:colcon.colcon_core.shell:Creating package script '/home/leo11dk/Desktop/drobot/install/drobot_scan_2d/share/drobot_scan_2d/package.bash'
[9.751s] INFO:colcon.colcon_core.shell:Creating package script '/home/leo11dk/Desktop/drobot/install/drobot_scan_2d/share/drobot_scan_2d/package.zsh'
[9.751s] Level 1:colcon.colcon_core.environment:create_file_with_runtime_dependencies(/home/leo11dk/Desktop/drobot/install/drobot_scan_2d/share/colcon-core/packages/drobot_scan_2d)
[9.752s] Level 1:colcon.colcon_core.environment:checking '/home/leo11dk/Desktop/drobot/install/drobot_ui' for CMake module files
[9.753s] Level 1:colcon.colcon_core.environment:checking '/home/leo11dk/Desktop/drobot/install/drobot_ui' for CMake config files
[9.753s] DEBUG:colcon.colcon_core.event_handler.log_command:Invoked command in '/home/leo11dk/Desktop/drobot/src/drobot_ui' returned '0': DEBUGINFOD_URLS=https://debuginfod.ubuntu.com PYTHONPATH=/home/leo11dk/Desktop/drobot/build/drobot_ui/prefix_override:/usr/lib/python3/dist-packages/colcon_core/task/python/colcon_distutils_commands:/home/leo11dk/Desktop/drobot/install/drobot_ui/lib/python3.12/site-packages:${PYTHONPATH} /usr/bin/python3 -W ignore:setup.py install is deprecated -W ignore:easy_install command is deprecated setup.py egg_info --egg-base ../../build/drobot_ui build --build-base /home/leo11dk/Desktop/drobot/build/drobot_ui/build install --record /home/leo11dk/Desktop/drobot/build/drobot_ui/install.log --single-version-externally-managed install_data
[9.753s] Level 1:colcon.colcon_core.environment:checking '/home/leo11dk/Desktop/drobot/install/drobot_ui/lib'
[9.753s] Level 1:colcon.colcon_core.environment:checking '/home/leo11dk/Desktop/drobot/install/drobot_ui/bin'
[9.754s] Level 1:colcon.colcon_core.environment:checking '/home/leo11dk/Desktop/drobot/install/drobot_ui/lib/pkgconfig/drobot_ui.pc'
[9.754s] Level 1:colcon.colcon_core.environment:checking '/home/leo11dk/Desktop/drobot/install/drobot_ui/lib/python3.12/site-packages'
[9.754s] Level 1:colcon.colcon_core.shell:create_environment_hook('drobot_ui', 'pythonpath')
[9.754s] INFO:colcon.colcon_core.shell:Creating environment hook '/home/leo11dk/Desktop/drobot/install/drobot_ui/share/drobot_ui/hook/pythonpath.ps1'
[9.754s] INFO:colcon.colcon_core.shell:Creating environment descriptor '/home/leo11dk/Desktop/drobot/install/drobot_ui/share/drobot_ui/hook/pythonpath.dsv'
[9.755s] INFO:colcon.colcon_core.shell:Creating environment hook '/home/leo11dk/Desktop/drobot/install/drobot_ui/share/drobot_ui/hook/pythonpath.sh'
[9.755s] Level 1:colcon.colcon_core.environment:checking '/home/leo11dk/Desktop/drobot/install/drobot_ui/bin'
[9.755s] Level 1:colcon.colcon_core.environment:create_environment_scripts_only(drobot_ui)
[9.756s] INFO:colcon.colcon_core.shell:Creating package script '/home/leo11dk/Desktop/drobot/install/drobot_ui/share/drobot_ui/package.ps1'
[9.756s] INFO:colcon.colcon_core.shell:Creating package descriptor '/home/leo11dk/Desktop/drobot/install/drobot_ui/share/drobot_ui/package.dsv'
[9.756s] INFO:colcon.colcon_core.shell:Creating package script '/home/leo11dk/Desktop/drobot/install/drobot_ui/share/drobot_ui/package.sh'
[9.757s] INFO:colcon.colcon_core.shell:Creating package script '/home/leo11dk/Desktop/drobot/install/drobot_ui/share/drobot_ui/package.bash'
[9.757s] INFO:colcon.colcon_core.shell:Creating package script '/home/leo11dk/Desktop/drobot/install/drobot_ui/share/drobot_ui/package.zsh'
[9.757s] Level 1:colcon.colcon_core.environment:create_file_with_runtime_dependencies(/home/leo11dk/Desktop/drobot/install/drobot_ui/share/colcon-core/packages/drobot_ui)
[9.758s] Level 1:colcon.colcon_core.environment:checking '/home/leo11dk/Desktop/drobot/install/drobot_bringup' for CMake module files
[9.758s] Level 1:colcon.colcon_core.environment:checking '/home/leo11dk/Desktop/drobot/install/drobot_bringup' for CMake config files
[9.759s] DEBUG:colcon.colcon_core.event_handler.log_command:Invoked command in '/home/leo11dk/Desktop/drobot/src/drobot_bringup' returned '0': DEBUGINFOD_URLS=https://debuginfod.ubuntu.com PYTHONPATH=/home/leo11dk/Desktop/drobot/build/drobot_bringup/prefix_override:/usr/lib/python3/dist-packages/colcon_core/task/python/colcon_distutils_commands:/home/leo11dk/Desktop/drobot/install/drobot_bringup/lib/python3.12/site-packages:${PYTHONPATH} /usr/bin/python3 -W ignore:setup.py install is deprecated -W ignore:easy_install command is deprecated setup.py egg_info --egg-base ../../build/drobot_bringup build --build-base /home/leo11dk/Desktop/drobot/build/drobot_bringup/build install --record /home/leo11dk/Desktop/drobot/build/drobot_bringup/install.log --single-version-externally-managed install_data
[9.759s] Level 1:colcon.colcon_core.environment:checking '/home/leo11dk/Desktop/drobot/install/drobot_bringup/lib'
[9.759s] Level 1:colcon.colcon_core.environment:checking '/home/leo11dk/Desktop/drobot/install/drobot_bringup/bin'
[9.759s] Level 1:colcon.colcon_core.environment:checking '/home/leo11dk/Desktop/drobot/install/drobot_bringup/lib/pkgconfig/drobot_bringup.pc'
[9.760s] Level 1:colcon.colcon_core.environment:checking '/home/leo11dk/Desktop/drobot/install/drobot_bringup/lib/python3.12/site-packages'
[9.760s] Level 1:colcon.colcon_core.shell:create_environment_hook('drobot_bringup', 'pythonpath')
[9.760s] INFO:colcon.colcon_core.shell:Creating environment hook '/home/leo11dk/Desktop/drobot/install/drobot_bringup/share/drobot_bringup/hook/pythonpath.ps1'
[9.760s] INFO:colcon.colcon_core.shell:Creating environment descriptor '/home/leo11dk/Desktop/drobot/install/drobot_bringup/share/drobot_bringup/hook/pythonpath.dsv'
[9.761s] INFO:colcon.colcon_core.shell:Creating environment hook '/home/leo11dk/Desktop/drobot/install/drobot_bringup/share/drobot_bringup/hook/pythonpath.sh'
[9.761s] Level 1:colcon.colcon_core.environment:checking '/home/leo11dk/Desktop/drobot/install/drobot_bringup/bin'
[9.761s] Level 1:colcon.colcon_core.environment:create_environment_scripts_only(drobot_bringup)
[9.762s] INFO:colcon.colcon_core.shell:Creating package script '/home/leo11dk/Desktop/drobot/install/drobot_bringup/share/drobot_bringup/package.ps1'
[9.762s] INFO:colcon.colcon_core.shell:Creating package descriptor '/home/leo11dk/Desktop/drobot/install/drobot_bringup/share/drobot_bringup/package.dsv'
[9.762s] INFO:colcon.colcon_core.shell:Creating package script '/home/leo11dk/Desktop/drobot/install/drobot_bringup/share/drobot_bringup/package.sh'
[9.763s] INFO:colcon.colcon_core.shell:Creating package script '/home/leo11dk/Desktop/drobot/install/drobot_bringup/share/drobot_bringup/package.bash'
[9.763s] INFO:colcon.colcon_core.shell:Creating package script '/home/leo11dk/Desktop/drobot/install/drobot_bringup/share/drobot_bringup/package.zsh'
[9.763s] Level 1:colcon.colcon_core.environment:create_file_with_runtime_dependencies(/home/leo11dk/Desktop/drobot/install/drobot_bringup/share/colcon-core/packages/drobot_bringup)
[9.764s] Level 1:colcon.colcon_core.environment:checking '/home/leo11dk/Desktop/drobot/install/drobot_scan_3d' for CMake module files
[9.765s] DEBUG:colcon.colcon_core.event_handler.log_command:Invoked command in '/home/leo11dk/Desktop/drobot/src/drobot_scan_3d' returned '0': DEBUGINFOD_URLS=https://debuginfod.ubuntu.com PYTHONPATH=/home/leo11dk/Desktop/drobot/build/drobot_scan_3d/prefix_override:/usr/lib/python3/dist-packages/colcon_core/task/python/colcon_distutils_commands:/home/leo11dk/Desktop/drobot/install/drobot_scan_3d/lib/python3.12/site-packages:${PYTHONPATH} /usr/bin/python3 -W ignore:setup.py install is deprecated -W ignore:easy_install command is deprecated setup.py egg_info --egg-base ../../build/drobot_scan_3d build --build-base /home/leo11dk/Desktop/drobot/build/drobot_scan_3d/build install --record /home/leo11dk/Desktop/drobot/build/drobot_scan_3d/install.log --single-version-externally-managed install_data
[9.765s] Level 1:colcon.colcon_core.environment:checking '/home/leo11dk/Desktop/drobot/install/drobot_scan_3d' for CMake config files
[9.765s] Level 1:colcon.colcon_core.environment:checking '/home/leo11dk/Desktop/drobot/install/drobot_scan_3d/lib'
[9.765s] Level 1:colcon.colcon_core.environment:checking '/home/leo11dk/Desktop/drobot/install/drobot_scan_3d/bin'
[9.765s] Level 1:colcon.colcon_core.environment:checking '/home/leo11dk/Desktop/drobot/install/drobot_scan_3d/lib/pkgconfig/drobot_scan_3d.pc'
[9.766s] Level 1:colcon.colcon_core.environment:checking '/home/leo11dk/Desktop/drobot/install/drobot_scan_3d/lib/python3.12/site-packages'
[9.766s] Level 1:colcon.colcon_core.shell:create_environment_hook('drobot_scan_3d', 'pythonpath')
[9.766s] INFO:colcon.colcon_core.shell:Creating environment hook '/home/leo11dk/Desktop/drobot/install/drobot_scan_3d/share/drobot_scan_3d/hook/pythonpath.ps1'
[9.766s] INFO:colcon.colcon_core.shell:Creating environment descriptor '/home/leo11dk/Desktop/drobot/install/drobot_scan_3d/share/drobot_scan_3d/hook/pythonpath.dsv'
[9.767s] INFO:colcon.colcon_core.shell:Creating environment hook '/home/leo11dk/Desktop/drobot/install/drobot_scan_3d/share/drobot_scan_3d/hook/pythonpath.sh'
[9.767s] Level 1:colcon.colcon_core.environment:checking '/home/leo11dk/Desktop/drobot/install/drobot_scan_3d/bin'
[9.767s] Level 1:colcon.colcon_core.environment:create_environment_scripts_only(drobot_scan_3d)
[9.767s] INFO:colcon.colcon_core.shell:Creating package script '/home/leo11dk/Desktop/drobot/install/drobot_scan_3d/share/drobot_scan_3d/package.ps1'
[9.768s] INFO:colcon.colcon_core.shell:Creating package descriptor '/home/leo11dk/Desktop/drobot/install/drobot_scan_3d/share/drobot_scan_3d/package.dsv'
[9.768s] INFO:colcon.colcon_core.shell:Creating package script '/home/leo11dk/Desktop/drobot/install/drobot_scan_3d/share/drobot_scan_3d/package.sh'
[9.769s] INFO:colcon.colcon_core.shell:Creating package script '/home/leo11dk/Desktop/drobot/install/drobot_scan_3d/share/drobot_scan_3d/package.bash'
[9.769s] INFO:colcon.colcon_core.shell:Creating package script '/home/leo11dk/Desktop/drobot/install/drobot_scan_3d/share/drobot_scan_3d/package.zsh'
[9.769s] Level 1:colcon.colcon_core.environment:create_file_with_runtime_dependencies(/home/leo11dk/Desktop/drobot/install/drobot_scan_3d/share/colcon-core/packages/drobot_scan_3d)
[10.424s] DEBUG:colcon.colcon_core.event_handler.log_command:Invoking command in '/home/leo11dk/Desktop/drobot/src/drobot_yolo': DEBUGINFOD_URLS=https://debuginfod.ubuntu.com PYTHONPATH=/home/leo11dk/Desktop/drobot/build/drobot_yolo/prefix_override:/usr/lib/python3/dist-packages/colcon_core/task/python/colcon_distutils_commands:/home/leo11dk/Desktop/drobot/install/drobot_yolo/lib/python3.12/site-packages:${PYTHONPATH} /usr/bin/python3 -W ignore:setup.py install is deprecated -W ignore:easy_install command is deprecated setup.py egg_info --egg-base ../../build/drobot_yolo build --build-base /home/leo11dk/Desktop/drobot/build/drobot_yolo/build install --record /home/leo11dk/Desktop/drobot/build/drobot_yolo/install.log --single-version-externally-managed install_data
[11.044s] Level 1:colcon.colcon_core.environment:checking '/home/leo11dk/Desktop/drobot/install/drobot_yolo' for CMake module files
[11.044s] DEBUG:colcon.colcon_core.event_handler.log_command:Invoked command in '/home/leo11dk/Desktop/drobot/src/drobot_yolo' returned '0': DEBUGINFOD_URLS=https://debuginfod.ubuntu.com PYTHONPATH=/home/leo11dk/Desktop/drobot/build/drobot_yolo/prefix_override:/usr/lib/python3/dist-packages/colcon_core/task/python/colcon_distutils_commands:/home/leo11dk/Desktop/drobot/install/drobot_yolo/lib/python3.12/site-packages:${PYTHONPATH} /usr/bin/python3 -W ignore:setup.py install is deprecated -W ignore:easy_install command is deprecated setup.py egg_info --egg-base ../../build/drobot_yolo build --build-base /home/leo11dk/Desktop/drobot/build/drobot_yolo/build install --record /home/leo11dk/Desktop/drobot/build/drobot_yolo/install.log --single-version-externally-managed install_data
[11.044s] Level 1:colcon.colcon_core.environment:checking '/home/leo11dk/Desktop/drobot/install/drobot_yolo' for CMake config files
[11.045s] Level 1:colcon.colcon_core.environment:checking '/home/leo11dk/Desktop/drobot/install/drobot_yolo/lib'
[11.045s] Level 1:colcon.colcon_core.environment:checking '/home/leo11dk/Desktop/drobot/install/drobot_yolo/bin'
[11.045s] Level 1:colcon.colcon_core.environment:checking '/home/leo11dk/Desktop/drobot/install/drobot_yolo/lib/pkgconfig/drobot_yolo.pc'
[11.045s] Level 1:colcon.colcon_core.environment:checking '/home/leo11dk/Desktop/drobot/install/drobot_yolo/lib/python3.12/site-packages'
[11.045s] Level 1:colcon.colcon_core.shell:create_environment_hook('drobot_yolo', 'pythonpath')
[11.046s] INFO:colcon.colcon_core.shell:Creating environment hook '/home/leo11dk/Desktop/drobot/install/drobot_yolo/share/drobot_yolo/hook/pythonpath.ps1'
[11.046s] INFO:colcon.colcon_core.shell:Creating environment descriptor '/home/leo11dk/Desktop/drobot/install/drobot_yolo/share/drobot_yolo/hook/pythonpath.dsv'
[11.046s] INFO:colcon.colcon_core.shell:Creating environment hook '/home/leo11dk/Desktop/drobot/install/drobot_yolo/share/drobot_yolo/hook/pythonpath.sh'
[11.047s] Level 1:colcon.colcon_core.environment:checking '/home/leo11dk/Desktop/drobot/install/drobot_yolo/bin'
[11.047s] Level 1:colcon.colcon_core.environment:create_environment_scripts_only(drobot_yolo)
[11.047s] INFO:colcon.colcon_core.shell:Creating package script '/home/leo11dk/Desktop/drobot/install/drobot_yolo/share/drobot_yolo/package.ps1'
[11.048s] INFO:colcon.colcon_core.shell:Creating package descriptor '/home/leo11dk/Desktop/drobot/install/drobot_yolo/share/drobot_yolo/package.dsv'
[11.048s] INFO:colcon.colcon_core.shell:Creating package script '/home/leo11dk/Desktop/drobot/install/drobot_yolo/share/drobot_yolo/package.sh'
[11.048s] INFO:colcon.colcon_core.shell:Creating package script '/home/leo11dk/Desktop/drobot/install/drobot_yolo/share/drobot_yolo/package.bash'
[11.049s] INFO:colcon.colcon_core.shell:Creating package script '/home/leo11dk/Desktop/drobot/install/drobot_yolo/share/drobot_yolo/package.zsh'
[11.049s] Level 1:colcon.colcon_core.environment:create_file_with_runtime_dependencies(/home/leo11dk/Desktop/drobot/install/drobot_yolo/share/colcon-core/packages/drobot_yolo)
[11.049s] DEBUG:colcon.colcon_parallel_executor.executor.parallel:closing loop
[11.049s] DEBUG:colcon.colcon_parallel_executor.executor.parallel:loop closed
[11.049s] DEBUG:colcon.colcon_parallel_executor.executor.parallel:run_until_complete finished with '0'
[11.049s] DEBUG:colcon.colcon_core.event_reactor:joining thread
[11.086s] INFO:colcon.colcon_core.plugin_system:Skipping extension 'colcon_notification.desktop_notification.terminal_notifier': Not used on non-Darwin systems
[11.086s] INFO:colcon.colcon_core.plugin_system:Skipping extension 'colcon_notification.desktop_notification.win32': Not used on non-Windows systems
[11.087s] INFO:colcon.colcon_notification.desktop_notification:Sending desktop notification using 'notify2'
[11.098s] DEBUG:colcon.colcon_core.event_reactor:joined thread
[11.099s] INFO:colcon.colcon_core.shell:Creating prefix script '/home/leo11dk/Desktop/drobot/install/local_setup.ps1'
[11.121s] INFO:colcon.colcon_core.shell:Creating prefix util module '/home/leo11dk/Desktop/drobot/install/_local_setup_util_ps1.py'
[11.142s] INFO:colcon.colcon_core.shell:Creating prefix chain script '/home/leo11dk/Desktop/drobot/install/setup.ps1'
[11.143s] INFO:colcon.colcon_core.shell:Creating prefix script '/home/leo11dk/Desktop/drobot/install/local_setup.sh'
[11.144s] INFO:colcon.colcon_core.shell:Creating prefix util module '/home/leo11dk/Desktop/drobot/install/_local_setup_util_sh.py'
[11.144s] INFO:colcon.colcon_core.shell:Creating prefix chain script '/home/leo11dk/Desktop/drobot/install/setup.sh'
[11.145s] INFO:colcon.colcon_core.shell:Creating prefix script '/home/leo11dk/Desktop/drobot/install/local_setup.bash'
[11.162s] INFO:colcon.colcon_core.shell:Creating prefix chain script '/home/leo11dk/Desktop/drobot/install/setup.bash'
[11.163s] INFO:colcon.colcon_core.shell:Creating prefix script '/home/leo11dk/Desktop/drobot/install/local_setup.zsh'
[11.166s] INFO:colcon.colcon_core.shell:Creating prefix chain script '/home/leo11dk/Desktop/drobot/install/setup.zsh'
