[1.802s] Invoking command in '/home/leo11dk/Desktop/drobot/src/drobot_bringup': DEBUGINFOD_URLS=https://debuginfod.ubuntu.com PYTHONPATH=/home/leo11dk/Desktop/drobot/build/drobot_bringup/prefix_override:/usr/lib/python3/dist-packages/colcon_core/task/python/colcon_distutils_commands:/home/leo11dk/Desktop/drobot/install/drobot_bringup/lib/python3.12/site-packages:${PYTHONPATH} /usr/bin/python3 -W ignore:setup.py install is deprecated -W ignore:easy_install command is deprecated setup.py egg_info --egg-base ../../build/drobot_bringup build --build-base /home/leo11dk/Desktop/drobot/build/drobot_bringup/build install --record /home/leo11dk/Desktop/drobot/build/drobot_bringup/install.log --single-version-externally-managed install_data
[2.369s] running egg_info
[2.405s] writing ../../build/drobot_bringup/drobot_bringup.egg-info/PKG-INFO
[2.405s] writing dependency_links to ../../build/drobot_bringup/drobot_bringup.egg-info/dependency_links.txt
[2.405s] writing requirements to ../../build/drobot_bringup/drobot_bringup.egg-info/requires.txt
[2.405s] writing top-level names to ../../build/drobot_bringup/drobot_bringup.egg-info/top_level.txt
[2.466s] reading manifest file '../../build/drobot_bringup/drobot_bringup.egg-info/SOURCES.txt'
[2.467s] writing manifest file '../../build/drobot_bringup/drobot_bringup.egg-info/SOURCES.txt'
[2.467s] running build
[2.467s] running build_py
[2.468s] copying drobot_bringup/__init__.py -> /home/leo11dk/Desktop/drobot/build/drobot_bringup/build/lib/drobot_bringup
[2.469s] running install
[2.476s] running install_lib
[2.510s] copying /home/leo11dk/Desktop/drobot/build/drobot_bringup/build/lib/drobot_bringup/__init__.py -> /home/leo11dk/Desktop/drobot/install/drobot_bringup/lib/python3.12/site-packages/drobot_bringup
[2.511s] byte-compiling /home/leo11dk/Desktop/drobot/install/drobot_bringup/lib/python3.12/site-packages/drobot_bringup/__init__.py to __init__.cpython-312.pyc
[2.513s] running install_data
[2.513s] running install_egg_info
[2.545s] removing '/home/leo11dk/Desktop/drobot/install/drobot_bringup/lib/python3.12/site-packages/drobot_bringup-0.0.0-py3.12.egg-info' (and everything under it)
[2.545s] Copying ../../build/drobot_bringup/drobot_bringup.egg-info to /home/leo11dk/Desktop/drobot/install/drobot_bringup/lib/python3.12/site-packages/drobot_bringup-0.0.0-py3.12.egg-info
[2.545s] running install_scripts
[2.959s] writing list of installed files to '/home/leo11dk/Desktop/drobot/build/drobot_bringup/install.log'
[2.974s] Invoked command in '/home/leo11dk/Desktop/drobot/src/drobot_bringup' returned '0': DEBUGINFOD_URLS=https://debuginfod.ubuntu.com PYTHONPATH=/home/leo11dk/Desktop/drobot/build/drobot_bringup/prefix_override:/usr/lib/python3/dist-packages/colcon_core/task/python/colcon_distutils_commands:/home/leo11dk/Desktop/drobot/install/drobot_bringup/lib/python3.12/site-packages:${PYTHONPATH} /usr/bin/python3 -W ignore:setup.py install is deprecated -W ignore:easy_install command is deprecated setup.py egg_info --egg-base ../../build/drobot_bringup build --build-base /home/leo11dk/Desktop/drobot/build/drobot_bringup/build install --record /home/leo11dk/Desktop/drobot/build/drobot_bringup/install.log --single-version-externally-managed install_data
