[8.011s] Invoking command in '/home/leo11dk/Desktop/drobot/src/drobot_bringup': DEBUGINFOD_URLS=https://debuginfod.ubuntu.com PYTHONPATH=/home/leo11dk/Desktop/drobot/build/drobot_bringup/prefix_override:/usr/lib/python3/dist-packages/colcon_core/task/python/colcon_distutils_commands:/home/leo11dk/Desktop/drobot/install/drobot_bringup/lib/python3.12/site-packages:${PYTHONPATH} /usr/bin/python3 -W ignore:setup.py install is deprecated -W ignore:easy_install command is deprecated setup.py egg_info --egg-base ../../build/drobot_bringup build --build-base /home/leo11dk/Desktop/drobot/build/drobot_bringup/build install --record /home/leo11dk/Desktop/drobot/build/drobot_bringup/install.log --single-version-externally-managed install_data
[8.380s] running egg_info
[8.380s] creating ../../build/drobot_bringup/drobot_bringup.egg-info
[8.409s] writing ../../build/drobot_bringup/drobot_bringup.egg-info/PKG-INFO
[8.409s] writing dependency_links to ../../build/drobot_bringup/drobot_bringup.egg-info/dependency_links.txt
[8.409s] writing requirements to ../../build/drobot_bringup/drobot_bringup.egg-info/requires.txt
[8.409s] writing top-level names to ../../build/drobot_bringup/drobot_bringup.egg-info/top_level.txt
[8.411s] writing manifest file '../../build/drobot_bringup/drobot_bringup.egg-info/SOURCES.txt'
[8.478s] reading manifest file '../../build/drobot_bringup/drobot_bringup.egg-info/SOURCES.txt'
[8.478s] writing manifest file '../../build/drobot_bringup/drobot_bringup.egg-info/SOURCES.txt'
[8.478s] running build
[8.478s] running build_py
[8.478s] creating /home/leo11dk/Desktop/drobot/build/drobot_bringup/build
[8.479s] creating /home/leo11dk/Desktop/drobot/build/drobot_bringup/build/lib
[8.479s] creating /home/leo11dk/Desktop/drobot/build/drobot_bringup/build/lib/drobot_bringup
[8.479s] copying drobot_bringup/__init__.py -> /home/leo11dk/Desktop/drobot/build/drobot_bringup/build/lib/drobot_bringup
[8.479s] running install
[8.485s] running install_lib
[8.517s] creating /home/leo11dk/Desktop/drobot/install/drobot_bringup/lib/python3.12/site-packages/drobot_bringup
[8.517s] copying /home/leo11dk/Desktop/drobot/build/drobot_bringup/build/lib/drobot_bringup/__init__.py -> /home/leo11dk/Desktop/drobot/install/drobot_bringup/lib/python3.12/site-packages/drobot_bringup
[8.517s] byte-compiling /home/leo11dk/Desktop/drobot/install/drobot_bringup/lib/python3.12/site-packages/drobot_bringup/__init__.py to __init__.cpython-312.pyc
[8.517s] running install_data
[8.517s] creating /home/leo11dk/Desktop/drobot/install/drobot_bringup/share/ament_index
[8.518s] creating /home/leo11dk/Desktop/drobot/install/drobot_bringup/share/ament_index/resource_index
[8.518s] creating /home/leo11dk/Desktop/drobot/install/drobot_bringup/share/ament_index/resource_index/packages
[8.518s] copying resource/drobot_bringup -> /home/leo11dk/Desktop/drobot/install/drobot_bringup/share/ament_index/resource_index/packages
[8.518s] copying package.xml -> /home/leo11dk/Desktop/drobot/install/drobot_bringup/share/drobot_bringup
[8.518s] running install_egg_info
[8.555s] Copying ../../build/drobot_bringup/drobot_bringup.egg-info to /home/leo11dk/Desktop/drobot/install/drobot_bringup/lib/python3.12/site-packages/drobot_bringup-0.0.0-py3.12.egg-info
[8.556s] running install_scripts
[8.744s] writing list of installed files to '/home/leo11dk/Desktop/drobot/build/drobot_bringup/install.log'
[8.953s] Invoked command in '/home/leo11dk/Desktop/drobot/src/drobot_bringup' returned '0': DEBUGINFOD_URLS=https://debuginfod.ubuntu.com PYTHONPATH=/home/leo11dk/Desktop/drobot/build/drobot_bringup/prefix_override:/usr/lib/python3/dist-packages/colcon_core/task/python/colcon_distutils_commands:/home/leo11dk/Desktop/drobot/install/drobot_bringup/lib/python3.12/site-packages:${PYTHONPATH} /usr/bin/python3 -W ignore:setup.py install is deprecated -W ignore:easy_install command is deprecated setup.py egg_info --egg-base ../../build/drobot_bringup build --build-base /home/leo11dk/Desktop/drobot/build/drobot_bringup/build install --record /home/leo11dk/Desktop/drobot/build/drobot_bringup/install.log --single-version-externally-managed install_data
