running egg_info
creating ../../build/drobot_yolo/drobot_yolo.egg-info
writing ../../build/drobot_yolo/drobot_yolo.egg-info/PKG-INFO
writing dependency_links to ../../build/drobot_yolo/drobot_yolo.egg-info/dependency_links.txt
writing requirements to ../../build/drobot_yolo/drobot_yolo.egg-info/requires.txt
writing top-level names to ../../build/drobot_yolo/drobot_yolo.egg-info/top_level.txt
writing manifest file '../../build/drobot_yolo/drobot_yolo.egg-info/SOURCES.txt'
reading manifest file '../../build/drobot_yolo/drobot_yolo.egg-info/SOURCES.txt'
writing manifest file '../../build/drobot_yolo/drobot_yolo.egg-info/SOURCES.txt'
running build
running build_py
creating /home/leo11dk/Desktop/drobot/build/drobot_yolo/build
creating /home/leo11dk/Desktop/drobot/build/drobot_yolo/build/lib
creating /home/leo11dk/Desktop/drobot/build/drobot_yolo/build/lib/drobot_yolo
copying drobot_yolo/__init__.py -> /home/leo11dk/Desktop/drobot/build/drobot_yolo/build/lib/drobot_yolo
running install
running install_lib
creating /home/leo11dk/Desktop/drobot/install/drobot_yolo/lib/python3.12/site-packages/drobot_yolo
copying /home/leo11dk/Desktop/drobot/build/drobot_yolo/build/lib/drobot_yolo/__init__.py -> /home/leo11dk/Desktop/drobot/install/drobot_yolo/lib/python3.12/site-packages/drobot_yolo
byte-compiling /home/leo11dk/Desktop/drobot/install/drobot_yolo/lib/python3.12/site-packages/drobot_yolo/__init__.py to __init__.cpython-312.pyc
running install_data
creating /home/leo11dk/Desktop/drobot/install/drobot_yolo/share/ament_index
creating /home/leo11dk/Desktop/drobot/install/drobot_yolo/share/ament_index/resource_index
creating /home/leo11dk/Desktop/drobot/install/drobot_yolo/share/ament_index/resource_index/packages
copying resource/drobot_yolo -> /home/leo11dk/Desktop/drobot/install/drobot_yolo/share/ament_index/resource_index/packages
copying package.xml -> /home/leo11dk/Desktop/drobot/install/drobot_yolo/share/drobot_yolo
running install_egg_info
Copying ../../build/drobot_yolo/drobot_yolo.egg-info to /home/leo11dk/Desktop/drobot/install/drobot_yolo/lib/python3.12/site-packages/drobot_yolo-0.0.0-py3.12.egg-info
running install_scripts
writing list of installed files to '/home/leo11dk/Desktop/drobot/build/drobot_yolo/install.log'
