-- Found ament_cmake: 2.5.5 (/opt/ros/jazzy/share/ament_cmake/cmake)
-- Override CMake install command with custom implementation using symlinks instead of copying resources
-- Found ament_lint_auto: 0.17.4 (/opt/ros/jazzy/share/ament_lint_auto/cmake)
-- Added test 'lint_cmake' to check CMake code style
-- Added test 'xmllint' to check XML markup files
-- Configuring done (0.3s)
-- Generating done (0.0s)
-- Build files have been written to: /home/leo11dk/Desktop/drobot/build/drobot_description
-- Install configuration: ""
-- Execute custom install script
-- Symlinking: /home/leo11dk/Desktop/drobot/install/drobot_description/share/drobot_description/object/obstacle_library/cylinder_obstacle.yaml
-- Symlinking: /home/leo11dk/Desktop/drobot/install/drobot_description/share/drobot_description/object/obstacle_library/rectangular_obstacle.yaml
-- Symlinking: /home/leo11dk/Desktop/drobot/install/drobot_description/share/drobot_description/worlds/original/basic.sdf
-- Symlinking: /home/leo11dk/Desktop/drobot/install/drobot_description/share/drobot_description/worlds/original/basic_with_center_cylinder.sdf
-- Symlinking: /home/leo11dk/Desktop/drobot/install/drobot_description/share/drobot_description/worlds/original/cafe.world
-- Symlinking: /home/leo11dk/Desktop/drobot/install/drobot_description/share/drobot_description/worlds/original/empty.sdf
-- Symlinking: /home/leo11dk/Desktop/drobot/install/drobot_description/share/drobot_description/worlds/original/empty.world
-- Symlinking: /home/leo11dk/Desktop/drobot/install/drobot_description/share/drobot_description/worlds/original/f1_circuit.sdf
-- Symlinking: /home/leo11dk/Desktop/drobot/install/drobot_description/share/drobot_description/worlds/original/full_world.sdf
-- Symlinking: /home/leo11dk/Desktop/drobot/install/drobot_description/share/drobot_description/worlds/original/hospital.world
-- Symlinking: /home/leo11dk/Desktop/drobot/install/drobot_description/share/drobot_description/worlds/original/hospital_original.world
-- Symlinking: /home/leo11dk/Desktop/drobot/install/drobot_description/share/drobot_description/worlds/original/hospital_three_floors.world
-- Symlinking: /home/leo11dk/Desktop/drobot/install/drobot_description/share/drobot_description/worlds/original/hospital_two_floors.world
-- Symlinking: /home/leo11dk/Desktop/drobot/install/drobot_description/share/drobot_description/worlds/original/house.world
-- Symlinking: /home/leo11dk/Desktop/drobot/install/drobot_description/share/drobot_description/worlds/original/office_maze.sdf
-- Symlinking: /home/leo11dk/Desktop/drobot/install/drobot_description/share/drobot_description/worlds/original/pick_and_place_demo.world
-- Symlinking: /home/leo11dk/Desktop/drobot/install/drobot_description/share/drobot_description/worlds/original/simple_room.sdf
-- Symlinking: /home/leo11dk/Desktop/drobot/install/drobot_description/share/drobot_description/worlds/original/test_project_assets.world
-- Symlinking: /home/leo11dk/Desktop/drobot/install/drobot_description/share/drobot_description/worlds/original/warehouse.sdf
-- Up-to-date symlink: /home/leo11dk/Desktop/drobot/install/drobot_description/share/ament_index/resource_index/package_run_dependencies/drobot_description
-- Up-to-date symlink: /home/leo11dk/Desktop/drobot/install/drobot_description/share/ament_index/resource_index/parent_prefix_path/drobot_description
-- Up-to-date symlink: /home/leo11dk/Desktop/drobot/install/drobot_description/share/drobot_description/environment/ament_prefix_path.sh
-- Up-to-date symlink: /home/leo11dk/Desktop/drobot/install/drobot_description/share/drobot_description/environment/ament_prefix_path.dsv
-- Up-to-date symlink: /home/leo11dk/Desktop/drobot/install/drobot_description/share/drobot_description/environment/path.sh
-- Up-to-date symlink: /home/leo11dk/Desktop/drobot/install/drobot_description/share/drobot_description/environment/path.dsv
-- Up-to-date symlink: /home/leo11dk/Desktop/drobot/install/drobot_description/share/drobot_description/local_setup.bash
-- Up-to-date symlink: /home/leo11dk/Desktop/drobot/install/drobot_description/share/drobot_description/local_setup.sh
-- Up-to-date symlink: /home/leo11dk/Desktop/drobot/install/drobot_description/share/drobot_description/local_setup.zsh
-- Up-to-date symlink: /home/leo11dk/Desktop/drobot/install/drobot_description/share/drobot_description/local_setup.dsv
-- Symlinking: /home/leo11dk/Desktop/drobot/install/drobot_description/share/drobot_description/package.dsv
-- Up-to-date symlink: /home/leo11dk/Desktop/drobot/install/drobot_description/share/ament_index/resource_index/packages/drobot_description
-- Up-to-date symlink: /home/leo11dk/Desktop/drobot/install/drobot_description/share/drobot_description/cmake/drobot_descriptionConfig.cmake
-- Up-to-date symlink: /home/leo11dk/Desktop/drobot/install/drobot_description/share/drobot_description/cmake/drobot_descriptionConfig-version.cmake
-- Up-to-date symlink: /home/leo11dk/Desktop/drobot/install/drobot_description/share/drobot_description/package.xml
