[0.011s] Invoking command in '/home/leo11dk/Desktop/drobot/build/drobot_description': CMAKE_PREFIX_PATH=${CMAKE_PREFIX_PATH}:/home/leo11dk/Desktop/drobot/install/drobot_yolo:/home/leo11dk/Desktop/drobot/install/drobot_ui:/home/leo11dk/Desktop/drobot/install/drobot_strategy:/home/leo11dk/Desktop/drobot/install/drobot_scan_3d:/home/leo11dk/Desktop/drobot/install/drobot_scan_2d:/home/leo11dk/Desktop/drobot/install/drobot_controller:/home/leo11dk/Desktop/drobot/install/drobot_bringup:/opt/ros/jazzy DEBUGINFOD_URLS=https://debuginfod.ubuntu.com /usr/bin/cmake --build /home/leo11dk/Desktop/drobot/build/drobot_description -- -j6 -l6
[0.035s] -- Found ament_cmake: 2.5.5 (/opt/ros/jazzy/share/ament_cmake/cmake)
[0.249s] -- Override CMake install command with custom implementation using symlinks instead of copying resources
[0.257s] -- Found ament_lint_auto: 0.17.4 (/opt/ros/jazzy/share/ament_lint_auto/cmake)
[0.354s] -- Added test 'lint_cmake' to check CMake code style
[0.356s] -- Added test 'xmllint' to check XML markup files
[0.357s] -- Configuring done (0.3s)
[0.360s] -- Generating done (0.0s)
[0.362s] -- Build files have been written to: /home/leo11dk/Desktop/drobot/build/drobot_description
[0.383s] Invoked command in '/home/leo11dk/Desktop/drobot/build/drobot_description' returned '0': CMAKE_PREFIX_PATH=${CMAKE_PREFIX_PATH}:/home/leo11dk/Desktop/drobot/install/drobot_yolo:/home/leo11dk/Desktop/drobot/install/drobot_ui:/home/leo11dk/Desktop/drobot/install/drobot_strategy:/home/leo11dk/Desktop/drobot/install/drobot_scan_3d:/home/leo11dk/Desktop/drobot/install/drobot_scan_2d:/home/leo11dk/Desktop/drobot/install/drobot_controller:/home/leo11dk/Desktop/drobot/install/drobot_bringup:/opt/ros/jazzy DEBUGINFOD_URLS=https://debuginfod.ubuntu.com /usr/bin/cmake --build /home/leo11dk/Desktop/drobot/build/drobot_description -- -j6 -l6
[0.393s] Invoking command in '/home/leo11dk/Desktop/drobot/build/drobot_description': CMAKE_PREFIX_PATH=${CMAKE_PREFIX_PATH}:/home/leo11dk/Desktop/drobot/install/drobot_yolo:/home/leo11dk/Desktop/drobot/install/drobot_ui:/home/leo11dk/Desktop/drobot/install/drobot_strategy:/home/leo11dk/Desktop/drobot/install/drobot_scan_3d:/home/leo11dk/Desktop/drobot/install/drobot_scan_2d:/home/leo11dk/Desktop/drobot/install/drobot_controller:/home/leo11dk/Desktop/drobot/install/drobot_bringup:/opt/ros/jazzy DEBUGINFOD_URLS=https://debuginfod.ubuntu.com /usr/bin/cmake --install /home/leo11dk/Desktop/drobot/build/drobot_description
[0.401s] -- Install configuration: ""
[0.401s] -- Execute custom install script
[0.402s] -- Symlinking: /home/leo11dk/Desktop/drobot/install/drobot_description/share/drobot_description/object/obstacle_library/cylinder_obstacle.yaml
[0.412s] -- Symlinking: /home/leo11dk/Desktop/drobot/install/drobot_description/share/drobot_description/object/obstacle_library/rectangular_obstacle.yaml
[0.423s] -- Symlinking: /home/leo11dk/Desktop/drobot/install/drobot_description/share/drobot_description/worlds/original/basic.sdf
[0.432s] -- Symlinking: /home/leo11dk/Desktop/drobot/install/drobot_description/share/drobot_description/worlds/original/basic_with_center_cylinder.sdf
[0.441s] -- Symlinking: /home/leo11dk/Desktop/drobot/install/drobot_description/share/drobot_description/worlds/original/cafe.world
[0.450s] -- Symlinking: /home/leo11dk/Desktop/drobot/install/drobot_description/share/drobot_description/worlds/original/empty.sdf
[0.459s] -- Symlinking: /home/leo11dk/Desktop/drobot/install/drobot_description/share/drobot_description/worlds/original/empty.world
[0.468s] -- Symlinking: /home/leo11dk/Desktop/drobot/install/drobot_description/share/drobot_description/worlds/original/f1_circuit.sdf
[0.477s] -- Symlinking: /home/leo11dk/Desktop/drobot/install/drobot_description/share/drobot_description/worlds/original/full_world.sdf
[0.487s] -- Symlinking: /home/leo11dk/Desktop/drobot/install/drobot_description/share/drobot_description/worlds/original/hospital.world
[0.496s] -- Symlinking: /home/leo11dk/Desktop/drobot/install/drobot_description/share/drobot_description/worlds/original/hospital_original.world
[0.505s] -- Symlinking: /home/leo11dk/Desktop/drobot/install/drobot_description/share/drobot_description/worlds/original/hospital_three_floors.world
[0.514s] -- Symlinking: /home/leo11dk/Desktop/drobot/install/drobot_description/share/drobot_description/worlds/original/hospital_two_floors.world
[0.524s] -- Symlinking: /home/leo11dk/Desktop/drobot/install/drobot_description/share/drobot_description/worlds/original/house.world
[0.533s] -- Symlinking: /home/leo11dk/Desktop/drobot/install/drobot_description/share/drobot_description/worlds/original/office_maze.sdf
[0.542s] -- Symlinking: /home/leo11dk/Desktop/drobot/install/drobot_description/share/drobot_description/worlds/original/pick_and_place_demo.world
[0.551s] -- Symlinking: /home/leo11dk/Desktop/drobot/install/drobot_description/share/drobot_description/worlds/original/simple_room.sdf
[0.560s] -- Symlinking: /home/leo11dk/Desktop/drobot/install/drobot_description/share/drobot_description/worlds/original/test_project_assets.world
[0.568s] -- Symlinking: /home/leo11dk/Desktop/drobot/install/drobot_description/share/drobot_description/worlds/original/warehouse.sdf
[0.578s] -- Up-to-date symlink: /home/leo11dk/Desktop/drobot/install/drobot_description/share/ament_index/resource_index/package_run_dependencies/drobot_description
[0.578s] -- Up-to-date symlink: /home/leo11dk/Desktop/drobot/install/drobot_description/share/ament_index/resource_index/parent_prefix_path/drobot_description
[0.578s] -- Up-to-date symlink: /home/leo11dk/Desktop/drobot/install/drobot_description/share/drobot_description/environment/ament_prefix_path.sh
[0.578s] -- Up-to-date symlink: /home/leo11dk/Desktop/drobot/install/drobot_description/share/drobot_description/environment/ament_prefix_path.dsv
[0.578s] -- Up-to-date symlink: /home/leo11dk/Desktop/drobot/install/drobot_description/share/drobot_description/environment/path.sh
[0.578s] -- Up-to-date symlink: /home/leo11dk/Desktop/drobot/install/drobot_description/share/drobot_description/environment/path.dsv
[0.578s] -- Up-to-date symlink: /home/leo11dk/Desktop/drobot/install/drobot_description/share/drobot_description/local_setup.bash
[0.579s] -- Up-to-date symlink: /home/leo11dk/Desktop/drobot/install/drobot_description/share/drobot_description/local_setup.sh
[0.579s] -- Up-to-date symlink: /home/leo11dk/Desktop/drobot/install/drobot_description/share/drobot_description/local_setup.zsh
[0.579s] -- Up-to-date symlink: /home/leo11dk/Desktop/drobot/install/drobot_description/share/drobot_description/local_setup.dsv
[0.579s] -- Symlinking: /home/leo11dk/Desktop/drobot/install/drobot_description/share/drobot_description/package.dsv
[0.588s] -- Up-to-date symlink: /home/leo11dk/Desktop/drobot/install/drobot_description/share/ament_index/resource_index/packages/drobot_description
[0.588s] -- Up-to-date symlink: /home/leo11dk/Desktop/drobot/install/drobot_description/share/drobot_description/cmake/drobot_descriptionConfig.cmake
[0.589s] -- Up-to-date symlink: /home/leo11dk/Desktop/drobot/install/drobot_description/share/drobot_description/cmake/drobot_descriptionConfig-version.cmake
[0.589s] -- Up-to-date symlink: /home/leo11dk/Desktop/drobot/install/drobot_description/share/drobot_description/package.xml
[0.591s] Invoked command in '/home/leo11dk/Desktop/drobot/build/drobot_description' returned '0': CMAKE_PREFIX_PATH=${CMAKE_PREFIX_PATH}:/home/leo11dk/Desktop/drobot/install/drobot_yolo:/home/leo11dk/Desktop/drobot/install/drobot_ui:/home/leo11dk/Desktop/drobot/install/drobot_strategy:/home/leo11dk/Desktop/drobot/install/drobot_scan_3d:/home/leo11dk/Desktop/drobot/install/drobot_scan_2d:/home/leo11dk/Desktop/drobot/install/drobot_controller:/home/leo11dk/Desktop/drobot/install/drobot_bringup:/opt/ros/jazzy DEBUGINFOD_URLS=https://debuginfod.ubuntu.com /usr/bin/cmake --install /home/leo11dk/Desktop/drobot/build/drobot_description
