[2.101s] Invoking command in '/home/leo11dk/Desktop/drobot/src/drobot_strategy': DEBUGINFOD_URLS=https://debuginfod.ubuntu.com PYTHONPATH=/home/leo11dk/Desktop/drobot/build/drobot_strategy/prefix_override:/usr/lib/python3/dist-packages/colcon_core/task/python/colcon_distutils_commands:/home/leo11dk/Desktop/drobot/install/drobot_strategy/lib/python3.12/site-packages:${PYTHONPATH} /usr/bin/python3 -W ignore:setup.py install is deprecated -W ignore:easy_install command is deprecated setup.py egg_info --egg-base ../../build/drobot_strategy build --build-base /home/leo11dk/Desktop/drobot/build/drobot_strategy/build install --record /home/leo11dk/Desktop/drobot/build/drobot_strategy/install.log --single-version-externally-managed install_data
[2.420s] running egg_info
[2.420s] creating ../../build/drobot_strategy/drobot_strategy.egg-info
[2.444s] writing ../../build/drobot_strategy/drobot_strategy.egg-info/PKG-INFO
[2.445s] writing dependency_links to ../../build/drobot_strategy/drobot_strategy.egg-info/dependency_links.txt
[2.446s] writing requirements to ../../build/drobot_strategy/drobot_strategy.egg-info/requires.txt
[2.446s] writing top-level names to ../../build/drobot_strategy/drobot_strategy.egg-info/top_level.txt
[2.446s] writing manifest file '../../build/drobot_strategy/drobot_strategy.egg-info/SOURCES.txt'
[2.500s] reading manifest file '../../build/drobot_strategy/drobot_strategy.egg-info/SOURCES.txt'
[2.501s] writing manifest file '../../build/drobot_strategy/drobot_strategy.egg-info/SOURCES.txt'
[2.502s] running build
[2.502s] running build_py
[2.502s] creating /home/leo11dk/Desktop/drobot/build/drobot_strategy/build
[2.503s] creating /home/leo11dk/Desktop/drobot/build/drobot_strategy/build/lib
[2.503s] creating /home/leo11dk/Desktop/drobot/build/drobot_strategy/build/lib/drobot_strategy
[2.503s] copying drobot_strategy/__init__.py -> /home/leo11dk/Desktop/drobot/build/drobot_strategy/build/lib/drobot_strategy
[2.504s] running install
[2.511s] running install_lib
[2.537s] creating /home/leo11dk/Desktop/drobot/install/drobot_strategy/lib/python3.12/site-packages/drobot_strategy
[2.537s] copying /home/leo11dk/Desktop/drobot/build/drobot_strategy/build/lib/drobot_strategy/__init__.py -> /home/leo11dk/Desktop/drobot/install/drobot_strategy/lib/python3.12/site-packages/drobot_strategy
[2.537s] byte-compiling /home/leo11dk/Desktop/drobot/install/drobot_strategy/lib/python3.12/site-packages/drobot_strategy/__init__.py to __init__.cpython-312.pyc
[2.538s] running install_data
[2.538s] creating /home/leo11dk/Desktop/drobot/install/drobot_strategy/share/ament_index
[2.538s] creating /home/leo11dk/Desktop/drobot/install/drobot_strategy/share/ament_index/resource_index
[2.538s] creating /home/leo11dk/Desktop/drobot/install/drobot_strategy/share/ament_index/resource_index/packages
[2.538s] copying resource/drobot_strategy -> /home/leo11dk/Desktop/drobot/install/drobot_strategy/share/ament_index/resource_index/packages
[2.538s] copying package.xml -> /home/leo11dk/Desktop/drobot/install/drobot_strategy/share/drobot_strategy
[2.538s] running install_egg_info
[2.566s] Copying ../../build/drobot_strategy/drobot_strategy.egg-info to /home/leo11dk/Desktop/drobot/install/drobot_strategy/lib/python3.12/site-packages/drobot_strategy-0.0.0-py3.12.egg-info
[2.567s] running install_scripts
[2.733s] writing list of installed files to '/home/leo11dk/Desktop/drobot/build/drobot_strategy/install.log'
[2.787s] Invoked command in '/home/leo11dk/Desktop/drobot/src/drobot_strategy' returned '0': DEBUGINFOD_URLS=https://debuginfod.ubuntu.com PYTHONPATH=/home/leo11dk/Desktop/drobot/build/drobot_strategy/prefix_override:/usr/lib/python3/dist-packages/colcon_core/task/python/colcon_distutils_commands:/home/leo11dk/Desktop/drobot/install/drobot_strategy/lib/python3.12/site-packages:${PYTHONPATH} /usr/bin/python3 -W ignore:setup.py install is deprecated -W ignore:easy_install command is deprecated setup.py egg_info --egg-base ../../build/drobot_strategy build --build-base /home/leo11dk/Desktop/drobot/build/drobot_strategy/build install --record /home/leo11dk/Desktop/drobot/build/drobot_strategy/install.log --single-version-externally-managed install_data
