[7.955s] Invoking command in '/home/leo11dk/Desktop/drobot/src/drobot_controller': DEBUGINFOD_URLS=https://debuginfod.ubuntu.com PYTHONPATH=/home/leo11dk/Desktop/drobot/build/drobot_controller/prefix_override:/usr/lib/python3/dist-packages/colcon_core/task/python/colcon_distutils_commands:/home/leo11dk/Desktop/drobot/install/drobot_controller/lib/python3.12/site-packages:${PYTHONPATH} /usr/bin/python3 -W ignore:setup.py install is deprecated -W ignore:easy_install command is deprecated setup.py egg_info --egg-base ../../build/drobot_controller build --build-base /home/leo11dk/Desktop/drobot/build/drobot_controller/build install --record /home/leo11dk/Desktop/drobot/build/drobot_controller/install.log --single-version-externally-managed install_data
[8.266s] running egg_info
[8.266s] creating ../../build/drobot_controller/drobot_controller.egg-info
[8.291s] writing ../../build/drobot_controller/drobot_controller.egg-info/PKG-INFO
[8.292s] writing dependency_links to ../../build/drobot_controller/drobot_controller.egg-info/dependency_links.txt
[8.292s] writing requirements to ../../build/drobot_controller/drobot_controller.egg-info/requires.txt
[8.293s] writing top-level names to ../../build/drobot_controller/drobot_controller.egg-info/top_level.txt
[8.295s] writing manifest file '../../build/drobot_controller/drobot_controller.egg-info/SOURCES.txt'
[8.349s] reading manifest file '../../build/drobot_controller/drobot_controller.egg-info/SOURCES.txt'
[8.349s] writing manifest file '../../build/drobot_controller/drobot_controller.egg-info/SOURCES.txt'
[8.349s] running build
[8.349s] running build_py
[8.349s] creating /home/leo11dk/Desktop/drobot/build/drobot_controller/build
[8.349s] creating /home/leo11dk/Desktop/drobot/build/drobot_controller/build/lib
[8.349s] creating /home/leo11dk/Desktop/drobot/build/drobot_controller/build/lib/drobot_controller
[8.349s] copying drobot_controller/__init__.py -> /home/leo11dk/Desktop/drobot/build/drobot_controller/build/lib/drobot_controller
[8.349s] running install
[8.356s] running install_lib
[8.382s] creating /home/leo11dk/Desktop/drobot/install/drobot_controller/lib/python3.12/site-packages/drobot_controller
[8.383s] copying /home/leo11dk/Desktop/drobot/build/drobot_controller/build/lib/drobot_controller/__init__.py -> /home/leo11dk/Desktop/drobot/install/drobot_controller/lib/python3.12/site-packages/drobot_controller
[8.384s] byte-compiling /home/leo11dk/Desktop/drobot/install/drobot_controller/lib/python3.12/site-packages/drobot_controller/__init__.py to __init__.cpython-312.pyc
[8.384s] running install_data
[8.384s] creating /home/leo11dk/Desktop/drobot/install/drobot_controller/share/ament_index
[8.384s] creating /home/leo11dk/Desktop/drobot/install/drobot_controller/share/ament_index/resource_index
[8.384s] creating /home/leo11dk/Desktop/drobot/install/drobot_controller/share/ament_index/resource_index/packages
[8.385s] copying resource/drobot_controller -> /home/leo11dk/Desktop/drobot/install/drobot_controller/share/ament_index/resource_index/packages
[8.385s] copying package.xml -> /home/leo11dk/Desktop/drobot/install/drobot_controller/share/drobot_controller
[8.385s] running install_egg_info
[8.414s] Copying ../../build/drobot_controller/drobot_controller.egg-info to /home/leo11dk/Desktop/drobot/install/drobot_controller/lib/python3.12/site-packages/drobot_controller-0.0.0-py3.12.egg-info
[8.414s] running install_scripts
[8.579s] writing list of installed files to '/home/leo11dk/Desktop/drobot/build/drobot_controller/install.log'
[8.627s] Invoked command in '/home/leo11dk/Desktop/drobot/src/drobot_controller' returned '0': DEBUGINFOD_URLS=https://debuginfod.ubuntu.com PYTHONPATH=/home/leo11dk/Desktop/drobot/build/drobot_controller/prefix_override:/usr/lib/python3/dist-packages/colcon_core/task/python/colcon_distutils_commands:/home/leo11dk/Desktop/drobot/install/drobot_controller/lib/python3.12/site-packages:${PYTHONPATH} /usr/bin/python3 -W ignore:setup.py install is deprecated -W ignore:easy_install command is deprecated setup.py egg_info --egg-base ../../build/drobot_controller build --build-base /home/leo11dk/Desktop/drobot/build/drobot_controller/build install --record /home/leo11dk/Desktop/drobot/build/drobot_controller/install.log --single-version-externally-managed install_data
