[0.487s] Invoking command in '/home/leo11dk/Desktop/drobot/build/drobot_description': CMAKE_PREFIX_PATH=${CMAKE_PREFIX_PATH}:/opt/ros/jazzy DEBUGINFOD_URLS=https://debuginfod.ubuntu.com /usr/bin/cmake --build /home/leo11dk/Desktop/drobot/build/drobot_description -- -j6 -l6
[0.956s] Invoked command in '/home/leo11dk/Desktop/drobot/build/drobot_description' returned '0': CMAKE_PREFIX_PATH=${CMAKE_PREFIX_PATH}:/opt/ros/jazzy DEBUGINFOD_URLS=https://debuginfod.ubuntu.com /usr/bin/cmake --build /home/leo11dk/Desktop/drobot/build/drobot_description -- -j6 -l6
[0.966s] Invoking command in '/home/leo11dk/Desktop/drobot/build/drobot_description': CMAKE_PREFIX_PATH=${CMAKE_PREFIX_PATH}:/opt/ros/jazzy DEBUGINFOD_URLS=https://debuginfod.ubuntu.com /usr/bin/cmake --install /home/leo11dk/Desktop/drobot/build/drobot_description
[0.977s] -- Install configuration: ""
[0.977s] -- Up-to-date: /home/leo11dk/Desktop/drobot/install/drobot_description/share/ament_index/resource_index/package_run_dependencies/drobot_description
[0.977s] -- Up-to-date: /home/leo11dk/Desktop/drobot/install/drobot_description/share/ament_index/resource_index/parent_prefix_path/drobot_description
[0.977s] -- Up-to-date: /home/leo11dk/Desktop/drobot/install/drobot_description/share/drobot_description/environment/ament_prefix_path.sh
[0.977s] -- Up-to-date: /home/leo11dk/Desktop/drobot/install/drobot_description/share/drobot_description/environment/ament_prefix_path.dsv
[0.977s] -- Up-to-date: /home/leo11dk/Desktop/drobot/install/drobot_description/share/drobot_description/environment/path.sh
[0.978s] -- Up-to-date: /home/leo11dk/Desktop/drobot/install/drobot_description/share/drobot_description/environment/path.dsv
[0.978s] -- Up-to-date: /home/leo11dk/Desktop/drobot/install/drobot_description/share/drobot_description/local_setup.bash
[0.978s] -- Up-to-date: /home/leo11dk/Desktop/drobot/install/drobot_description/share/drobot_description/local_setup.sh
[0.978s] -- Up-to-date: /home/leo11dk/Desktop/drobot/install/drobot_description/share/drobot_description/local_setup.zsh
[0.978s] -- Up-to-date: /home/leo11dk/Desktop/drobot/install/drobot_description/share/drobot_description/local_setup.dsv
[0.978s] -- Up-to-date: /home/leo11dk/Desktop/drobot/install/drobot_description/share/drobot_description/package.dsv
[0.978s] -- Up-to-date: /home/leo11dk/Desktop/drobot/install/drobot_description/share/ament_index/resource_index/packages/drobot_description
[0.978s] -- Up-to-date: /home/leo11dk/Desktop/drobot/install/drobot_description/share/drobot_description/cmake/drobot_descriptionConfig.cmake
[0.978s] -- Up-to-date: /home/leo11dk/Desktop/drobot/install/drobot_description/share/drobot_description/cmake/drobot_descriptionConfig-version.cmake
[0.978s] -- Up-to-date: /home/leo11dk/Desktop/drobot/install/drobot_description/share/drobot_description/package.xml
[0.978s] Invoked command in '/home/leo11dk/Desktop/drobot/build/drobot_description' returned '0': CMAKE_PREFIX_PATH=${CMAKE_PREFIX_PATH}:/opt/ros/jazzy DEBUGINFOD_URLS=https://debuginfod.ubuntu.com /usr/bin/cmake --install /home/leo11dk/Desktop/drobot/build/drobot_description
