[0.973s] Invoking command in '/home/leo11dk/Desktop/drobot/build/drobot_simulation': CMAKE_PREFIX_PATH=${CMAKE_PREFIX_PATH}:/home/leo11dk/Desktop/drobot/install/drobot_yolo:/home/leo11dk/Desktop/drobot/install/drobot_ui:/home/leo11dk/Desktop/drobot/install/drobot_strategy:/home/leo11dk/Desktop/drobot/install/drobot_scan_3d:/home/leo11dk/Desktop/drobot/install/drobot_scan_2d:/home/leo11dk/Desktop/drobot/install/drobot_controller:/home/leo11dk/Desktop/drobot/install/drobot_bringup:/opt/ros/jazzy DEBUGINFOD_URLS=https://debuginfod.ubuntu.com /usr/bin/cmake /home/leo11dk/Desktop/drobot/src/drobot_simulation -DCMAKE_INSTALL_PREFIX=/home/leo11dk/Desktop/drobot/install/drobot_simulation
[1.044s] -- The C compiler identification is GNU 13.3.0
[1.118s] -- The CXX compiler identification is GNU 13.3.0
[1.138s] -- Detecting C compiler ABI info
[1.259s] -- Detecting C compiler ABI info - done
[1.297s] -- Check for working C compiler: /usr/bin/cc - skipped
[1.303s] -- Detecting C compile features
[1.303s] -- Detecting C compile features - done
[1.318s] -- Detecting CXX compiler ABI info
[1.488s] -- Detecting CXX compiler ABI info - done
[1.507s] -- Check for working CXX compiler: /usr/bin/c++ - skipped
[1.508s] -- Detecting CXX compile features
[1.509s] -- Detecting CXX compile features - done
[1.517s] -- Found ament_cmake: 2.5.5 (/opt/ros/jazzy/share/ament_cmake/cmake)
[1.805s] -- Found Python3: /usr/bin/python3 (found version "3.12.3") found components: Interpreter 
[2.002s] -- Found ament_lint_auto: 0.17.4 (/opt/ros/jazzy/share/ament_lint_auto/cmake)
[2.149s] -- Added test 'lint_cmake' to check CMake code style
[2.149s] -- Added test 'xmllint' to check XML markup files
[2.156s] -- Configuring done (1.2s)
[2.199s] -- Generating done (0.0s)
[2.199s] -- Build files have been written to: /home/leo11dk/Desktop/drobot/build/drobot_simulation
[2.206s] Invoked command in '/home/leo11dk/Desktop/drobot/build/drobot_simulation' returned '0': CMAKE_PREFIX_PATH=${CMAKE_PREFIX_PATH}:/home/leo11dk/Desktop/drobot/install/drobot_yolo:/home/leo11dk/Desktop/drobot/install/drobot_ui:/home/leo11dk/Desktop/drobot/install/drobot_strategy:/home/leo11dk/Desktop/drobot/install/drobot_scan_3d:/home/leo11dk/Desktop/drobot/install/drobot_scan_2d:/home/leo11dk/Desktop/drobot/install/drobot_controller:/home/leo11dk/Desktop/drobot/install/drobot_bringup:/opt/ros/jazzy DEBUGINFOD_URLS=https://debuginfod.ubuntu.com /usr/bin/cmake /home/leo11dk/Desktop/drobot/src/drobot_simulation -DCMAKE_INSTALL_PREFIX=/home/leo11dk/Desktop/drobot/install/drobot_simulation
[2.207s] Invoking command in '/home/leo11dk/Desktop/drobot/build/drobot_simulation': CMAKE_PREFIX_PATH=${CMAKE_PREFIX_PATH}:/home/leo11dk/Desktop/drobot/install/drobot_yolo:/home/leo11dk/Desktop/drobot/install/drobot_ui:/home/leo11dk/Desktop/drobot/install/drobot_strategy:/home/leo11dk/Desktop/drobot/install/drobot_scan_3d:/home/leo11dk/Desktop/drobot/install/drobot_scan_2d:/home/leo11dk/Desktop/drobot/install/drobot_controller:/home/leo11dk/Desktop/drobot/install/drobot_bringup:/opt/ros/jazzy DEBUGINFOD_URLS=https://debuginfod.ubuntu.com /usr/bin/cmake --build /home/leo11dk/Desktop/drobot/build/drobot_simulation -- -j6 -l6
[2.333s] Invoked command in '/home/leo11dk/Desktop/drobot/build/drobot_simulation' returned '0': CMAKE_PREFIX_PATH=${CMAKE_PREFIX_PATH}:/home/leo11dk/Desktop/drobot/install/drobot_yolo:/home/leo11dk/Desktop/drobot/install/drobot_ui:/home/leo11dk/Desktop/drobot/install/drobot_strategy:/home/leo11dk/Desktop/drobot/install/drobot_scan_3d:/home/leo11dk/Desktop/drobot/install/drobot_scan_2d:/home/leo11dk/Desktop/drobot/install/drobot_controller:/home/leo11dk/Desktop/drobot/install/drobot_bringup:/opt/ros/jazzy DEBUGINFOD_URLS=https://debuginfod.ubuntu.com /usr/bin/cmake --build /home/leo11dk/Desktop/drobot/build/drobot_simulation -- -j6 -l6
[2.333s] Invoking command in '/home/leo11dk/Desktop/drobot/build/drobot_simulation': CMAKE_PREFIX_PATH=${CMAKE_PREFIX_PATH}:/home/leo11dk/Desktop/drobot/install/drobot_yolo:/home/leo11dk/Desktop/drobot/install/drobot_ui:/home/leo11dk/Desktop/drobot/install/drobot_strategy:/home/leo11dk/Desktop/drobot/install/drobot_scan_3d:/home/leo11dk/Desktop/drobot/install/drobot_scan_2d:/home/leo11dk/Desktop/drobot/install/drobot_controller:/home/leo11dk/Desktop/drobot/install/drobot_bringup:/opt/ros/jazzy DEBUGINFOD_URLS=https://debuginfod.ubuntu.com /usr/bin/cmake --install /home/leo11dk/Desktop/drobot/build/drobot_simulation
[2.356s] -- Install configuration: ""
[2.356s] -- Installing: /home/leo11dk/Desktop/drobot/install/drobot_simulation/share/ament_index/resource_index/package_run_dependencies/drobot_simulation
[2.356s] -- Installing: /home/leo11dk/Desktop/drobot/install/drobot_simulation/share/ament_index/resource_index/parent_prefix_path/drobot_simulation
[2.356s] -- Installing: /home/leo11dk/Desktop/drobot/install/drobot_simulation/share/drobot_simulation/environment/ament_prefix_path.sh
[2.356s] -- Installing: /home/leo11dk/Desktop/drobot/install/drobot_simulation/share/drobot_simulation/environment/ament_prefix_path.dsv
[2.359s] -- Installing: /home/leo11dk/Desktop/drobot/install/drobot_simulation/share/drobot_simulation/environment/path.sh
[2.360s] -- Installing: /home/leo11dk/Desktop/drobot/install/drobot_simulation/share/drobot_simulation/environment/path.dsv
[2.360s] -- Installing: /home/leo11dk/Desktop/drobot/install/drobot_simulation/share/drobot_simulation/local_setup.bash
[2.360s] -- Installing: /home/leo11dk/Desktop/drobot/install/drobot_simulation/share/drobot_simulation/local_setup.sh
[2.360s] -- Installing: /home/leo11dk/Desktop/drobot/install/drobot_simulation/share/drobot_simulation/local_setup.zsh
[2.363s] -- Installing: /home/leo11dk/Desktop/drobot/install/drobot_simulation/share/drobot_simulation/local_setup.dsv
[2.364s] -- Installing: /home/leo11dk/Desktop/drobot/install/drobot_simulation/share/drobot_simulation/package.dsv
[2.364s] -- Installing: /home/leo11dk/Desktop/drobot/install/drobot_simulation/share/ament_index/resource_index/packages/drobot_simulation
[2.364s] -- Installing: /home/leo11dk/Desktop/drobot/install/drobot_simulation/share/drobot_simulation/cmake/drobot_simulationConfig.cmake
[2.364s] -- Installing: /home/leo11dk/Desktop/drobot/install/drobot_simulation/share/drobot_simulation/cmake/drobot_simulationConfig-version.cmake
[2.364s] -- Installing: /home/leo11dk/Desktop/drobot/install/drobot_simulation/share/drobot_simulation/package.xml
[2.376s] Invoked command in '/home/leo11dk/Desktop/drobot/build/drobot_simulation' returned '0': CMAKE_PREFIX_PATH=${CMAKE_PREFIX_PATH}:/home/leo11dk/Desktop/drobot/install/drobot_yolo:/home/leo11dk/Desktop/drobot/install/drobot_ui:/home/leo11dk/Desktop/drobot/install/drobot_strategy:/home/leo11dk/Desktop/drobot/install/drobot_scan_3d:/home/leo11dk/Desktop/drobot/install/drobot_scan_2d:/home/leo11dk/Desktop/drobot/install/drobot_controller:/home/leo11dk/Desktop/drobot/install/drobot_bringup:/opt/ros/jazzy DEBUGINFOD_URLS=https://debuginfod.ubuntu.com /usr/bin/cmake --install /home/leo11dk/Desktop/drobot/build/drobot_simulation
