[1.148s] Invoking command in '/home/leo11dk/Desktop/drobot/src/drobot_ui': DEBUGINFOD_URLS=https://debuginfod.ubuntu.com PYTHONPATH=/home/leo11dk/Desktop/drobot/build/drobot_ui/prefix_override:/usr/lib/python3/dist-packages/colcon_core/task/python/colcon_distutils_commands:/home/leo11dk/Desktop/drobot/install/drobot_ui/lib/python3.12/site-packages:${PYTHONPATH} /usr/bin/python3 -W ignore:setup.py install is deprecated -W ignore:easy_install command is deprecated setup.py egg_info --egg-base ../../build/drobot_ui build --build-base /home/leo11dk/Desktop/drobot/build/drobot_ui/build install --record /home/leo11dk/Desktop/drobot/build/drobot_ui/install.log --single-version-externally-managed install_data
[1.473s] running egg_info
[1.474s] creating ../../build/drobot_ui/drobot_ui.egg-info
[1.499s] writing ../../build/drobot_ui/drobot_ui.egg-info/PKG-INFO
[1.499s] writing dependency_links to ../../build/drobot_ui/drobot_ui.egg-info/dependency_links.txt
[1.499s] writing requirements to ../../build/drobot_ui/drobot_ui.egg-info/requires.txt
[1.499s] writing top-level names to ../../build/drobot_ui/drobot_ui.egg-info/top_level.txt
[1.499s] writing manifest file '../../build/drobot_ui/drobot_ui.egg-info/SOURCES.txt'
[1.550s] reading manifest file '../../build/drobot_ui/drobot_ui.egg-info/SOURCES.txt'
[1.553s] writing manifest file '../../build/drobot_ui/drobot_ui.egg-info/SOURCES.txt'
[1.553s] running build
[1.553s] running build_py
[1.553s] creating /home/leo11dk/Desktop/drobot/build/drobot_ui/build
[1.553s] creating /home/leo11dk/Desktop/drobot/build/drobot_ui/build/lib
[1.553s] creating /home/leo11dk/Desktop/drobot/build/drobot_ui/build/lib/drobot_ui
[1.553s] copying drobot_ui/__init__.py -> /home/leo11dk/Desktop/drobot/build/drobot_ui/build/lib/drobot_ui
[1.553s] running install
[1.559s] running install_lib
[1.585s] creating /home/leo11dk/Desktop/drobot/install/drobot_ui/lib/python3.12/site-packages/drobot_ui
[1.585s] copying /home/leo11dk/Desktop/drobot/build/drobot_ui/build/lib/drobot_ui/__init__.py -> /home/leo11dk/Desktop/drobot/install/drobot_ui/lib/python3.12/site-packages/drobot_ui
[1.586s] byte-compiling /home/leo11dk/Desktop/drobot/install/drobot_ui/lib/python3.12/site-packages/drobot_ui/__init__.py to __init__.cpython-312.pyc
[1.586s] running install_data
[1.586s] creating /home/leo11dk/Desktop/drobot/install/drobot_ui/share/ament_index
[1.586s] creating /home/leo11dk/Desktop/drobot/install/drobot_ui/share/ament_index/resource_index
[1.586s] creating /home/leo11dk/Desktop/drobot/install/drobot_ui/share/ament_index/resource_index/packages
[1.586s] copying resource/drobot_ui -> /home/leo11dk/Desktop/drobot/install/drobot_ui/share/ament_index/resource_index/packages
[1.587s] copying package.xml -> /home/leo11dk/Desktop/drobot/install/drobot_ui/share/drobot_ui
[1.587s] running install_egg_info
[1.614s] Copying ../../build/drobot_ui/drobot_ui.egg-info to /home/leo11dk/Desktop/drobot/install/drobot_ui/lib/python3.12/site-packages/drobot_ui-0.0.0-py3.12.egg-info
[1.614s] running install_scripts
[1.778s] writing list of installed files to '/home/leo11dk/Desktop/drobot/build/drobot_ui/install.log'
[1.806s] Invoked command in '/home/leo11dk/Desktop/drobot/src/drobot_ui' returned '0': DEBUGINFOD_URLS=https://debuginfod.ubuntu.com PYTHONPATH=/home/leo11dk/Desktop/drobot/build/drobot_ui/prefix_override:/usr/lib/python3/dist-packages/colcon_core/task/python/colcon_distutils_commands:/home/leo11dk/Desktop/drobot/install/drobot_ui/lib/python3.12/site-packages:${PYTHONPATH} /usr/bin/python3 -W ignore:setup.py install is deprecated -W ignore:easy_install command is deprecated setup.py egg_info --egg-base ../../build/drobot_ui build --build-base /home/leo11dk/Desktop/drobot/build/drobot_ui/build install --record /home/leo11dk/Desktop/drobot/build/drobot_ui/install.log --single-version-externally-managed install_data
