[0.112s] DEBUG:colcon:Command line arguments: ['/usr/bin/colcon', 'build', '--symlink-install']
[0.112s] DEBUG:colcon:Parsed command line arguments: Namespace(log_base=None, log_level=None, verb_name='build', build_base='build', install_base='install', merge_install=False, symlink_install=True, test_result_base=None, continue_on_error=False, executor='parallel', parallel_workers=6, event_handlers=None, ignore_user_meta=False, metas=['./colcon.meta'], base_paths=['.'], packages_ignore=None, packages_ignore_regex=None, paths=None, packages_up_to=None, packages_up_to_regex=None, packages_above=None, packages_above_and_dependencies=None, packages_above_depth=None, packages_select_by_dep=None, packages_skip_by_dep=None, packages_skip_up_to=None, packages_select_build_failed=False, packages_skip_build_finished=False, packages_select_test_failures=False, packages_skip_test_passed=False, packages_select=None, packages_skip=None, packages_select_regex=None, packages_skip_regex=None, packages_start=None, packages_end=None, allow_overriding=[], cmake_args=None, cmake_target=None, cmake_target_skip_unavailable=False, cmake_clean_cache=False, cmake_clean_first=False, cmake_force_configure=False, ament_cmake_args=None, catkin_cmake_args=None, catkin_skip_building_tests=False, mixin_files=None, mixin=None, verb_parser=<colcon_mixin.mixin.mixin_argument.MixinArgumentDecorator object at 0x7accc13b0e30>, verb_extension=<colcon_core.verb.build.BuildVerb object at 0x7accc13b0a70>, main=<bound method BuildVerb.main of <colcon_core.verb.build.BuildVerb object at 0x7accc13b0a70>>, mixin_verb=('build',))
[0.149s] Level 1:colcon.colcon_core.package_discovery:discover_packages(colcon_meta) check parameters
[0.149s] Level 1:colcon.colcon_core.package_discovery:discover_packages(recursive) check parameters
[0.150s] Level 1:colcon.colcon_core.package_discovery:discover_packages(ignore) check parameters
[0.150s] Level 1:colcon.colcon_core.package_discovery:discover_packages(path) check parameters
[0.150s] Level 1:colcon.colcon_core.package_discovery:discover_packages(colcon_meta) discover
[0.150s] Level 1:colcon.colcon_core.package_discovery:discover_packages(recursive) discover
[0.150s] INFO:colcon.colcon_core.package_discovery:Crawling recursively for packages in '/home/leo11dk/Desktop/drobot'
[0.150s] Level 1:colcon.colcon_core.package_identification:_identify(.) by extensions ['ignore', 'ignore_ament_install']
[0.150s] Level 1:colcon.colcon_core.package_identification:_identify(.) by extension 'ignore'
[0.150s] Level 1:colcon.colcon_core.package_identification:_identify(.) by extension 'ignore_ament_install'
[0.150s] Level 1:colcon.colcon_core.package_identification:_identify(.) by extensions ['colcon_pkg']
[0.150s] Level 1:colcon.colcon_core.package_identification:_identify(.) by extension 'colcon_pkg'
[0.150s] Level 1:colcon.colcon_core.package_identification:_identify(.) by extensions ['colcon_meta']
[0.150s] Level 1:colcon.colcon_core.package_identification:_identify(.) by extension 'colcon_meta'
[0.150s] Level 1:colcon.colcon_core.package_identification:_identify(.) by extensions ['ros']
[0.150s] Level 1:colcon.colcon_core.package_identification:_identify(.) by extension 'ros'
[0.175s] Level 1:colcon.colcon_core.package_identification:_identify(.) by extensions ['cmake', 'python']
[0.175s] Level 1:colcon.colcon_core.package_identification:_identify(.) by extension 'cmake'
[0.175s] Level 1:colcon.colcon_core.package_identification:_identify(.) by extension 'python'
[0.175s] Level 1:colcon.colcon_core.package_identification:_identify(.) by extensions ['python_setup_py']
[0.175s] Level 1:colcon.colcon_core.package_identification:_identify(.) by extension 'python_setup_py'
[0.175s] Level 1:colcon.colcon_core.package_identification:_identify(build) by extensions ['ignore', 'ignore_ament_install']
[0.175s] Level 1:colcon.colcon_core.package_identification:_identify(build) by extension 'ignore'
[0.175s] Level 1:colcon.colcon_core.package_identification:_identify(build) ignored
[0.175s] Level 1:colcon.colcon_core.package_identification:_identify(install) by extensions ['ignore', 'ignore_ament_install']
[0.175s] Level 1:colcon.colcon_core.package_identification:_identify(install) by extension 'ignore'
[0.176s] Level 1:colcon.colcon_core.package_identification:_identify(install) ignored
[0.176s] Level 1:colcon.colcon_core.package_identification:_identify(log) by extensions ['ignore', 'ignore_ament_install']
[0.176s] Level 1:colcon.colcon_core.package_identification:_identify(log) by extension 'ignore'
[0.176s] Level 1:colcon.colcon_core.package_identification:_identify(log) ignored
[0.176s] Level 1:colcon.colcon_core.package_identification:_identify(src) by extensions ['ignore', 'ignore_ament_install']
[0.176s] Level 1:colcon.colcon_core.package_identification:_identify(src) by extension 'ignore'
[0.176s] Level 1:colcon.colcon_core.package_identification:_identify(src) by extension 'ignore_ament_install'
[0.176s] Level 1:colcon.colcon_core.package_identification:_identify(src) by extensions ['colcon_pkg']
[0.176s] Level 1:colcon.colcon_core.package_identification:_identify(src) by extension 'colcon_pkg'
[0.176s] Level 1:colcon.colcon_core.package_identification:_identify(src) by extensions ['colcon_meta']
[0.176s] Level 1:colcon.colcon_core.package_identification:_identify(src) by extension 'colcon_meta'
[0.176s] Level 1:colcon.colcon_core.package_identification:_identify(src) by extensions ['ros']
[0.176s] Level 1:colcon.colcon_core.package_identification:_identify(src) by extension 'ros'
[0.176s] Level 1:colcon.colcon_core.package_identification:_identify(src) by extensions ['cmake', 'python']
[0.176s] Level 1:colcon.colcon_core.package_identification:_identify(src) by extension 'cmake'
[0.176s] Level 1:colcon.colcon_core.package_identification:_identify(src) by extension 'python'
[0.176s] Level 1:colcon.colcon_core.package_identification:_identify(src) by extensions ['python_setup_py']
[0.176s] Level 1:colcon.colcon_core.package_identification:_identify(src) by extension 'python_setup_py'
[0.176s] Level 1:colcon.colcon_core.package_identification:_identify(src/drobot_bringup) by extensions ['ignore', 'ignore_ament_install']
[0.176s] Level 1:colcon.colcon_core.package_identification:_identify(src/drobot_bringup) by extension 'ignore'
[0.177s] Level 1:colcon.colcon_core.package_identification:_identify(src/drobot_bringup) by extension 'ignore_ament_install'
[0.177s] Level 1:colcon.colcon_core.package_identification:_identify(src/drobot_bringup) by extensions ['colcon_pkg']
[0.177s] Level 1:colcon.colcon_core.package_identification:_identify(src/drobot_bringup) by extension 'colcon_pkg'
[0.177s] Level 1:colcon.colcon_core.package_identification:_identify(src/drobot_bringup) by extensions ['colcon_meta']
[0.177s] Level 1:colcon.colcon_core.package_identification:_identify(src/drobot_bringup) by extension 'colcon_meta'
[0.177s] Level 1:colcon.colcon_core.package_identification:_identify(src/drobot_bringup) by extensions ['ros']
[0.177s] Level 1:colcon.colcon_core.package_identification:_identify(src/drobot_bringup) by extension 'ros'
[0.179s] DEBUG:colcon.colcon_core.package_identification:Package 'src/drobot_bringup' with type 'ros.ament_python' and name 'drobot_bringup'
[0.179s] Level 1:colcon.colcon_core.package_identification:_identify(src/drobot_controller) by extensions ['ignore', 'ignore_ament_install']
[0.179s] Level 1:colcon.colcon_core.package_identification:_identify(src/drobot_controller) by extension 'ignore'
[0.179s] Level 1:colcon.colcon_core.package_identification:_identify(src/drobot_controller) by extension 'ignore_ament_install'
[0.179s] Level 1:colcon.colcon_core.package_identification:_identify(src/drobot_controller) by extensions ['colcon_pkg']
[0.179s] Level 1:colcon.colcon_core.package_identification:_identify(src/drobot_controller) by extension 'colcon_pkg'
[0.179s] Level 1:colcon.colcon_core.package_identification:_identify(src/drobot_controller) by extensions ['colcon_meta']
[0.179s] Level 1:colcon.colcon_core.package_identification:_identify(src/drobot_controller) by extension 'colcon_meta'
[0.179s] Level 1:colcon.colcon_core.package_identification:_identify(src/drobot_controller) by extensions ['ros']
[0.179s] Level 1:colcon.colcon_core.package_identification:_identify(src/drobot_controller) by extension 'ros'
[0.180s] DEBUG:colcon.colcon_core.package_identification:Package 'src/drobot_controller' with type 'ros.ament_python' and name 'drobot_controller'
[0.180s] Level 1:colcon.colcon_core.package_identification:_identify(src/drobot_description) by extensions ['ignore', 'ignore_ament_install']
[0.180s] Level 1:colcon.colcon_core.package_identification:_identify(src/drobot_description) by extension 'ignore'
[0.180s] Level 1:colcon.colcon_core.package_identification:_identify(src/drobot_description) by extension 'ignore_ament_install'
[0.180s] Level 1:colcon.colcon_core.package_identification:_identify(src/drobot_description) by extensions ['colcon_pkg']
[0.180s] Level 1:colcon.colcon_core.package_identification:_identify(src/drobot_description) by extension 'colcon_pkg'
[0.180s] Level 1:colcon.colcon_core.package_identification:_identify(src/drobot_description) by extensions ['colcon_meta']
[0.180s] Level 1:colcon.colcon_core.package_identification:_identify(src/drobot_description) by extension 'colcon_meta'
[0.180s] Level 1:colcon.colcon_core.package_identification:_identify(src/drobot_description) by extensions ['ros']
[0.180s] Level 1:colcon.colcon_core.package_identification:_identify(src/drobot_description) by extension 'ros'
[0.181s] DEBUG:colcon.colcon_core.package_identification:Package 'src/drobot_description' with type 'ros.ament_cmake' and name 'drobot_description'
[0.181s] Level 1:colcon.colcon_core.package_identification:_identify(src/drobot_scan_2d) by extensions ['ignore', 'ignore_ament_install']
[0.181s] Level 1:colcon.colcon_core.package_identification:_identify(src/drobot_scan_2d) by extension 'ignore'
[0.181s] Level 1:colcon.colcon_core.package_identification:_identify(src/drobot_scan_2d) by extension 'ignore_ament_install'
[0.181s] Level 1:colcon.colcon_core.package_identification:_identify(src/drobot_scan_2d) by extensions ['colcon_pkg']
[0.181s] Level 1:colcon.colcon_core.package_identification:_identify(src/drobot_scan_2d) by extension 'colcon_pkg'
[0.181s] Level 1:colcon.colcon_core.package_identification:_identify(src/drobot_scan_2d) by extensions ['colcon_meta']
[0.181s] Level 1:colcon.colcon_core.package_identification:_identify(src/drobot_scan_2d) by extension 'colcon_meta'
[0.181s] Level 1:colcon.colcon_core.package_identification:_identify(src/drobot_scan_2d) by extensions ['ros']
[0.181s] Level 1:colcon.colcon_core.package_identification:_identify(src/drobot_scan_2d) by extension 'ros'
[0.182s] DEBUG:colcon.colcon_core.package_identification:Package 'src/drobot_scan_2d' with type 'ros.ament_python' and name 'drobot_scan_2d'
[0.182s] Level 1:colcon.colcon_core.package_identification:_identify(src/drobot_scan_3d) by extensions ['ignore', 'ignore_ament_install']
[0.182s] Level 1:colcon.colcon_core.package_identification:_identify(src/drobot_scan_3d) by extension 'ignore'
[0.182s] Level 1:colcon.colcon_core.package_identification:_identify(src/drobot_scan_3d) by extension 'ignore_ament_install'
[0.182s] Level 1:colcon.colcon_core.package_identification:_identify(src/drobot_scan_3d) by extensions ['colcon_pkg']
[0.182s] Level 1:colcon.colcon_core.package_identification:_identify(src/drobot_scan_3d) by extension 'colcon_pkg'
[0.182s] Level 1:colcon.colcon_core.package_identification:_identify(src/drobot_scan_3d) by extensions ['colcon_meta']
[0.182s] Level 1:colcon.colcon_core.package_identification:_identify(src/drobot_scan_3d) by extension 'colcon_meta'
[0.182s] Level 1:colcon.colcon_core.package_identification:_identify(src/drobot_scan_3d) by extensions ['ros']
[0.182s] Level 1:colcon.colcon_core.package_identification:_identify(src/drobot_scan_3d) by extension 'ros'
[0.182s] DEBUG:colcon.colcon_core.package_identification:Package 'src/drobot_scan_3d' with type 'ros.ament_python' and name 'drobot_scan_3d'
[0.183s] Level 1:colcon.colcon_core.package_identification:_identify(src/drobot_simulation) by extensions ['ignore', 'ignore_ament_install']
[0.183s] Level 1:colcon.colcon_core.package_identification:_identify(src/drobot_simulation) by extension 'ignore'
[0.183s] Level 1:colcon.colcon_core.package_identification:_identify(src/drobot_simulation) by extension 'ignore_ament_install'
[0.183s] Level 1:colcon.colcon_core.package_identification:_identify(src/drobot_simulation) by extensions ['colcon_pkg']
[0.183s] Level 1:colcon.colcon_core.package_identification:_identify(src/drobot_simulation) by extension 'colcon_pkg'
[0.183s] Level 1:colcon.colcon_core.package_identification:_identify(src/drobot_simulation) by extensions ['colcon_meta']
[0.183s] Level 1:colcon.colcon_core.package_identification:_identify(src/drobot_simulation) by extension 'colcon_meta'
[0.183s] Level 1:colcon.colcon_core.package_identification:_identify(src/drobot_simulation) by extensions ['ros']
[0.183s] Level 1:colcon.colcon_core.package_identification:_identify(src/drobot_simulation) by extension 'ros'
[0.183s] DEBUG:colcon.colcon_core.package_identification:Package 'src/drobot_simulation' with type 'ros.ament_cmake' and name 'drobot_simulation'
[0.183s] Level 1:colcon.colcon_core.package_identification:_identify(src/drobot_strategy) by extensions ['ignore', 'ignore_ament_install']
[0.183s] Level 1:colcon.colcon_core.package_identification:_identify(src/drobot_strategy) by extension 'ignore'
[0.184s] Level 1:colcon.colcon_core.package_identification:_identify(src/drobot_strategy) by extension 'ignore_ament_install'
[0.184s] Level 1:colcon.colcon_core.package_identification:_identify(src/drobot_strategy) by extensions ['colcon_pkg']
[0.184s] Level 1:colcon.colcon_core.package_identification:_identify(src/drobot_strategy) by extension 'colcon_pkg'
[0.184s] Level 1:colcon.colcon_core.package_identification:_identify(src/drobot_strategy) by extensions ['colcon_meta']
[0.184s] Level 1:colcon.colcon_core.package_identification:_identify(src/drobot_strategy) by extension 'colcon_meta'
[0.184s] Level 1:colcon.colcon_core.package_identification:_identify(src/drobot_strategy) by extensions ['ros']
[0.184s] Level 1:colcon.colcon_core.package_identification:_identify(src/drobot_strategy) by extension 'ros'
[0.184s] DEBUG:colcon.colcon_core.package_identification:Package 'src/drobot_strategy' with type 'ros.ament_python' and name 'drobot_strategy'
[0.184s] Level 1:colcon.colcon_core.package_identification:_identify(src/drobot_yolo) by extensions ['ignore', 'ignore_ament_install']
[0.184s] Level 1:colcon.colcon_core.package_identification:_identify(src/drobot_yolo) by extension 'ignore'
[0.184s] Level 1:colcon.colcon_core.package_identification:_identify(src/drobot_yolo) by extension 'ignore_ament_install'
[0.184s] Level 1:colcon.colcon_core.package_identification:_identify(src/drobot_yolo) by extensions ['colcon_pkg']
[0.185s] Level 1:colcon.colcon_core.package_identification:_identify(src/drobot_yolo) by extension 'colcon_pkg'
[0.185s] Level 1:colcon.colcon_core.package_identification:_identify(src/drobot_yolo) by extensions ['colcon_meta']
[0.185s] Level 1:colcon.colcon_core.package_identification:_identify(src/drobot_yolo) by extension 'colcon_meta'
[0.185s] Level 1:colcon.colcon_core.package_identification:_identify(src/drobot_yolo) by extensions ['ros']
[0.185s] Level 1:colcon.colcon_core.package_identification:_identify(src/drobot_yolo) by extension 'ros'
[0.185s] DEBUG:colcon.colcon_core.package_identification:Package 'src/drobot_yolo' with type 'ros.ament_python' and name 'drobot_yolo'
[0.185s] Level 1:colcon.colcon_core.package_discovery:discover_packages(recursive) using defaults
[0.185s] Level 1:colcon.colcon_core.package_discovery:discover_packages(ignore) discover
[0.185s] Level 1:colcon.colcon_core.package_discovery:discover_packages(ignore) using defaults
[0.185s] Level 1:colcon.colcon_core.package_discovery:discover_packages(path) discover
[0.185s] Level 1:colcon.colcon_core.package_discovery:discover_packages(path) using defaults
[0.202s] Level 1:colcon.colcon_core.package_discovery:discover_packages(prefix_path) check parameters
[0.202s] Level 1:colcon.colcon_core.package_discovery:discover_packages(prefix_path) discover
[0.204s] WARNING:colcon.colcon_ros.prefix_path.ament:The path '/home/leo11dk/Desktop/drobot/install/drobot_yolo' in the environment variable AMENT_PREFIX_PATH doesn't exist
[0.204s] WARNING:colcon.colcon_ros.prefix_path.ament:The path '/home/leo11dk/Desktop/drobot/install/drobot_ui' in the environment variable AMENT_PREFIX_PATH doesn't exist
[0.204s] WARNING:colcon.colcon_ros.prefix_path.ament:The path '/home/leo11dk/Desktop/drobot/install/drobot_strategy' in the environment variable AMENT_PREFIX_PATH doesn't exist
[0.204s] WARNING:colcon.colcon_ros.prefix_path.ament:The path '/home/leo11dk/Desktop/drobot/install/drobot_simulation' in the environment variable AMENT_PREFIX_PATH doesn't exist
[0.204s] WARNING:colcon.colcon_ros.prefix_path.ament:The path '/home/leo11dk/Desktop/drobot/install/drobot_scan_3d' in the environment variable AMENT_PREFIX_PATH doesn't exist
[0.204s] WARNING:colcon.colcon_ros.prefix_path.ament:The path '/home/leo11dk/Desktop/drobot/install/drobot_scan_2d' in the environment variable AMENT_PREFIX_PATH doesn't exist
[0.204s] WARNING:colcon.colcon_ros.prefix_path.ament:The path '/home/leo11dk/Desktop/drobot/install/drobot_description' in the environment variable AMENT_PREFIX_PATH doesn't exist
[0.204s] WARNING:colcon.colcon_ros.prefix_path.ament:The path '/home/leo11dk/Desktop/drobot/install/drobot_controller' in the environment variable AMENT_PREFIX_PATH doesn't exist
[0.204s] WARNING:colcon.colcon_ros.prefix_path.ament:The path '/home/leo11dk/Desktop/drobot/install/drobot_bringup' in the environment variable AMENT_PREFIX_PATH doesn't exist
[0.204s] WARNING:colcon.colcon_ros.prefix_path.catkin:The path '/home/leo11dk/Desktop/drobot/install/drobot_simulation' in the environment variable CMAKE_PREFIX_PATH doesn't exist
[0.204s] WARNING:colcon.colcon_ros.prefix_path.catkin:The path '/home/leo11dk/Desktop/drobot/install/drobot_description' in the environment variable CMAKE_PREFIX_PATH doesn't exist
[0.205s] DEBUG:colcon.colcon_installed_package_information.package_discovery:Found 0 installed packages in /home/leo11dk/Desktop/drobot/install
[0.207s] DEBUG:colcon.colcon_installed_package_information.package_discovery:Found 394 installed packages in /opt/ros/jazzy
[0.208s] Level 1:colcon.colcon_core.package_discovery:discover_packages(prefix_path) using defaults
[0.263s] Level 5:colcon.colcon_core.verb:set package 'drobot_bringup' build argument 'cmake_args' from command line to 'None'
[0.263s] Level 5:colcon.colcon_core.verb:set package 'drobot_bringup' build argument 'cmake_target' from command line to 'None'
[0.263s] Level 5:colcon.colcon_core.verb:set package 'drobot_bringup' build argument 'cmake_target_skip_unavailable' from command line to 'False'
[0.263s] Level 5:colcon.colcon_core.verb:set package 'drobot_bringup' build argument 'cmake_clean_cache' from command line to 'False'
[0.263s] Level 5:colcon.colcon_core.verb:set package 'drobot_bringup' build argument 'cmake_clean_first' from command line to 'False'
[0.263s] Level 5:colcon.colcon_core.verb:set package 'drobot_bringup' build argument 'cmake_force_configure' from command line to 'False'
[0.263s] Level 5:colcon.colcon_core.verb:set package 'drobot_bringup' build argument 'ament_cmake_args' from command line to 'None'
[0.263s] Level 5:colcon.colcon_core.verb:set package 'drobot_bringup' build argument 'catkin_cmake_args' from command line to 'None'
[0.263s] Level 5:colcon.colcon_core.verb:set package 'drobot_bringup' build argument 'catkin_skip_building_tests' from command line to 'False'
[0.263s] DEBUG:colcon.colcon_core.verb:Building package 'drobot_bringup' with the following arguments: {'ament_cmake_args': None, 'build_base': '/home/leo11dk/Desktop/drobot/build/drobot_bringup', 'catkin_cmake_args': None, 'catkin_skip_building_tests': False, 'cmake_args': None, 'cmake_clean_cache': False, 'cmake_clean_first': False, 'cmake_force_configure': False, 'cmake_target': None, 'cmake_target_skip_unavailable': False, 'install_base': '/home/leo11dk/Desktop/drobot/install/drobot_bringup', 'merge_install': False, 'path': '/home/leo11dk/Desktop/drobot/src/drobot_bringup', 'symlink_install': True, 'test_result_base': None}
[0.263s] Level 5:colcon.colcon_core.verb:set package 'drobot_controller' build argument 'cmake_args' from command line to 'None'
[0.263s] Level 5:colcon.colcon_core.verb:set package 'drobot_controller' build argument 'cmake_target' from command line to 'None'
[0.263s] Level 5:colcon.colcon_core.verb:set package 'drobot_controller' build argument 'cmake_target_skip_unavailable' from command line to 'False'
[0.263s] Level 5:colcon.colcon_core.verb:set package 'drobot_controller' build argument 'cmake_clean_cache' from command line to 'False'
[0.263s] Level 5:colcon.colcon_core.verb:set package 'drobot_controller' build argument 'cmake_clean_first' from command line to 'False'
[0.264s] Level 5:colcon.colcon_core.verb:set package 'drobot_controller' build argument 'cmake_force_configure' from command line to 'False'
[0.264s] Level 5:colcon.colcon_core.verb:set package 'drobot_controller' build argument 'ament_cmake_args' from command line to 'None'
[0.264s] Level 5:colcon.colcon_core.verb:set package 'drobot_controller' build argument 'catkin_cmake_args' from command line to 'None'
[0.264s] Level 5:colcon.colcon_core.verb:set package 'drobot_controller' build argument 'catkin_skip_building_tests' from command line to 'False'
[0.264s] DEBUG:colcon.colcon_core.verb:Building package 'drobot_controller' with the following arguments: {'ament_cmake_args': None, 'build_base': '/home/leo11dk/Desktop/drobot/build/drobot_controller', 'catkin_cmake_args': None, 'catkin_skip_building_tests': False, 'cmake_args': None, 'cmake_clean_cache': False, 'cmake_clean_first': False, 'cmake_force_configure': False, 'cmake_target': None, 'cmake_target_skip_unavailable': False, 'install_base': '/home/leo11dk/Desktop/drobot/install/drobot_controller', 'merge_install': False, 'path': '/home/leo11dk/Desktop/drobot/src/drobot_controller', 'symlink_install': True, 'test_result_base': None}
[0.264s] Level 5:colcon.colcon_core.verb:set package 'drobot_description' build argument 'cmake_args' from command line to 'None'
[0.264s] Level 5:colcon.colcon_core.verb:set package 'drobot_description' build argument 'cmake_target' from command line to 'None'
[0.264s] Level 5:colcon.colcon_core.verb:set package 'drobot_description' build argument 'cmake_target_skip_unavailable' from command line to 'False'
[0.264s] Level 5:colcon.colcon_core.verb:set package 'drobot_description' build argument 'cmake_clean_cache' from command line to 'False'
[0.264s] Level 5:colcon.colcon_core.verb:set package 'drobot_description' build argument 'cmake_clean_first' from command line to 'False'
[0.264s] Level 5:colcon.colcon_core.verb:set package 'drobot_description' build argument 'cmake_force_configure' from command line to 'False'
[0.264s] Level 5:colcon.colcon_core.verb:set package 'drobot_description' build argument 'ament_cmake_args' from command line to 'None'
[0.264s] Level 5:colcon.colcon_core.verb:set package 'drobot_description' build argument 'catkin_cmake_args' from command line to 'None'
[0.264s] Level 5:colcon.colcon_core.verb:set package 'drobot_description' build argument 'catkin_skip_building_tests' from command line to 'False'
[0.264s] DEBUG:colcon.colcon_core.verb:Building package 'drobot_description' with the following arguments: {'ament_cmake_args': None, 'build_base': '/home/leo11dk/Desktop/drobot/build/drobot_description', 'catkin_cmake_args': None, 'catkin_skip_building_tests': False, 'cmake_args': None, 'cmake_clean_cache': False, 'cmake_clean_first': False, 'cmake_force_configure': False, 'cmake_target': None, 'cmake_target_skip_unavailable': False, 'install_base': '/home/leo11dk/Desktop/drobot/install/drobot_description', 'merge_install': False, 'path': '/home/leo11dk/Desktop/drobot/src/drobot_description', 'symlink_install': True, 'test_result_base': None}
[0.264s] Level 5:colcon.colcon_core.verb:set package 'drobot_scan_2d' build argument 'cmake_args' from command line to 'None'
[0.264s] Level 5:colcon.colcon_core.verb:set package 'drobot_scan_2d' build argument 'cmake_target' from command line to 'None'
[0.264s] Level 5:colcon.colcon_core.verb:set package 'drobot_scan_2d' build argument 'cmake_target_skip_unavailable' from command line to 'False'
[0.264s] Level 5:colcon.colcon_core.verb:set package 'drobot_scan_2d' build argument 'cmake_clean_cache' from command line to 'False'
[0.264s] Level 5:colcon.colcon_core.verb:set package 'drobot_scan_2d' build argument 'cmake_clean_first' from command line to 'False'
[0.264s] Level 5:colcon.colcon_core.verb:set package 'drobot_scan_2d' build argument 'cmake_force_configure' from command line to 'False'
[0.264s] Level 5:colcon.colcon_core.verb:set package 'drobot_scan_2d' build argument 'ament_cmake_args' from command line to 'None'
[0.264s] Level 5:colcon.colcon_core.verb:set package 'drobot_scan_2d' build argument 'catkin_cmake_args' from command line to 'None'
[0.264s] Level 5:colcon.colcon_core.verb:set package 'drobot_scan_2d' build argument 'catkin_skip_building_tests' from command line to 'False'
[0.264s] DEBUG:colcon.colcon_core.verb:Building package 'drobot_scan_2d' with the following arguments: {'ament_cmake_args': None, 'build_base': '/home/leo11dk/Desktop/drobot/build/drobot_scan_2d', 'catkin_cmake_args': None, 'catkin_skip_building_tests': False, 'cmake_args': None, 'cmake_clean_cache': False, 'cmake_clean_first': False, 'cmake_force_configure': False, 'cmake_target': None, 'cmake_target_skip_unavailable': False, 'install_base': '/home/leo11dk/Desktop/drobot/install/drobot_scan_2d', 'merge_install': False, 'path': '/home/leo11dk/Desktop/drobot/src/drobot_scan_2d', 'symlink_install': True, 'test_result_base': None}
[0.265s] Level 5:colcon.colcon_core.verb:set package 'drobot_scan_3d' build argument 'cmake_args' from command line to 'None'
[0.265s] Level 5:colcon.colcon_core.verb:set package 'drobot_scan_3d' build argument 'cmake_target' from command line to 'None'
[0.265s] Level 5:colcon.colcon_core.verb:set package 'drobot_scan_3d' build argument 'cmake_target_skip_unavailable' from command line to 'False'
[0.265s] Level 5:colcon.colcon_core.verb:set package 'drobot_scan_3d' build argument 'cmake_clean_cache' from command line to 'False'
[0.265s] Level 5:colcon.colcon_core.verb:set package 'drobot_scan_3d' build argument 'cmake_clean_first' from command line to 'False'
[0.265s] Level 5:colcon.colcon_core.verb:set package 'drobot_scan_3d' build argument 'cmake_force_configure' from command line to 'False'
[0.265s] Level 5:colcon.colcon_core.verb:set package 'drobot_scan_3d' build argument 'ament_cmake_args' from command line to 'None'
[0.265s] Level 5:colcon.colcon_core.verb:set package 'drobot_scan_3d' build argument 'catkin_cmake_args' from command line to 'None'
[0.265s] Level 5:colcon.colcon_core.verb:set package 'drobot_scan_3d' build argument 'catkin_skip_building_tests' from command line to 'False'
[0.265s] DEBUG:colcon.colcon_core.verb:Building package 'drobot_scan_3d' with the following arguments: {'ament_cmake_args': None, 'build_base': '/home/leo11dk/Desktop/drobot/build/drobot_scan_3d', 'catkin_cmake_args': None, 'catkin_skip_building_tests': False, 'cmake_args': None, 'cmake_clean_cache': False, 'cmake_clean_first': False, 'cmake_force_configure': False, 'cmake_target': None, 'cmake_target_skip_unavailable': False, 'install_base': '/home/leo11dk/Desktop/drobot/install/drobot_scan_3d', 'merge_install': False, 'path': '/home/leo11dk/Desktop/drobot/src/drobot_scan_3d', 'symlink_install': True, 'test_result_base': None}
[0.265s] Level 5:colcon.colcon_core.verb:set package 'drobot_simulation' build argument 'cmake_args' from command line to 'None'
[0.265s] Level 5:colcon.colcon_core.verb:set package 'drobot_simulation' build argument 'cmake_target' from command line to 'None'
[0.265s] Level 5:colcon.colcon_core.verb:set package 'drobot_simulation' build argument 'cmake_target_skip_unavailable' from command line to 'False'
[0.265s] Level 5:colcon.colcon_core.verb:set package 'drobot_simulation' build argument 'cmake_clean_cache' from command line to 'False'
[0.265s] Level 5:colcon.colcon_core.verb:set package 'drobot_simulation' build argument 'cmake_clean_first' from command line to 'False'
[0.265s] Level 5:colcon.colcon_core.verb:set package 'drobot_simulation' build argument 'cmake_force_configure' from command line to 'False'
[0.265s] Level 5:colcon.colcon_core.verb:set package 'drobot_simulation' build argument 'ament_cmake_args' from command line to 'None'
[0.265s] Level 5:colcon.colcon_core.verb:set package 'drobot_simulation' build argument 'catkin_cmake_args' from command line to 'None'
[0.265s] Level 5:colcon.colcon_core.verb:set package 'drobot_simulation' build argument 'catkin_skip_building_tests' from command line to 'False'
[0.265s] DEBUG:colcon.colcon_core.verb:Building package 'drobot_simulation' with the following arguments: {'ament_cmake_args': None, 'build_base': '/home/leo11dk/Desktop/drobot/build/drobot_simulation', 'catkin_cmake_args': None, 'catkin_skip_building_tests': False, 'cmake_args': None, 'cmake_clean_cache': False, 'cmake_clean_first': False, 'cmake_force_configure': False, 'cmake_target': None, 'cmake_target_skip_unavailable': False, 'install_base': '/home/leo11dk/Desktop/drobot/install/drobot_simulation', 'merge_install': False, 'path': '/home/leo11dk/Desktop/drobot/src/drobot_simulation', 'symlink_install': True, 'test_result_base': None}
[0.266s] Level 5:colcon.colcon_core.verb:set package 'drobot_strategy' build argument 'cmake_args' from command line to 'None'
[0.266s] Level 5:colcon.colcon_core.verb:set package 'drobot_strategy' build argument 'cmake_target' from command line to 'None'
[0.266s] Level 5:colcon.colcon_core.verb:set package 'drobot_strategy' build argument 'cmake_target_skip_unavailable' from command line to 'False'
[0.266s] Level 5:colcon.colcon_core.verb:set package 'drobot_strategy' build argument 'cmake_clean_cache' from command line to 'False'
[0.266s] Level 5:colcon.colcon_core.verb:set package 'drobot_strategy' build argument 'cmake_clean_first' from command line to 'False'
[0.266s] Level 5:colcon.colcon_core.verb:set package 'drobot_strategy' build argument 'cmake_force_configure' from command line to 'False'
[0.266s] Level 5:colcon.colcon_core.verb:set package 'drobot_strategy' build argument 'ament_cmake_args' from command line to 'None'
[0.266s] Level 5:colcon.colcon_core.verb:set package 'drobot_strategy' build argument 'catkin_cmake_args' from command line to 'None'
[0.266s] Level 5:colcon.colcon_core.verb:set package 'drobot_strategy' build argument 'catkin_skip_building_tests' from command line to 'False'
[0.266s] DEBUG:colcon.colcon_core.verb:Building package 'drobot_strategy' with the following arguments: {'ament_cmake_args': None, 'build_base': '/home/leo11dk/Desktop/drobot/build/drobot_strategy', 'catkin_cmake_args': None, 'catkin_skip_building_tests': False, 'cmake_args': None, 'cmake_clean_cache': False, 'cmake_clean_first': False, 'cmake_force_configure': False, 'cmake_target': None, 'cmake_target_skip_unavailable': False, 'install_base': '/home/leo11dk/Desktop/drobot/install/drobot_strategy', 'merge_install': False, 'path': '/home/leo11dk/Desktop/drobot/src/drobot_strategy', 'symlink_install': True, 'test_result_base': None}
[0.266s] Level 5:colcon.colcon_core.verb:set package 'drobot_yolo' build argument 'cmake_args' from command line to 'None'
[0.266s] Level 5:colcon.colcon_core.verb:set package 'drobot_yolo' build argument 'cmake_target' from command line to 'None'
[0.266s] Level 5:colcon.colcon_core.verb:set package 'drobot_yolo' build argument 'cmake_target_skip_unavailable' from command line to 'False'
[0.266s] Level 5:colcon.colcon_core.verb:set package 'drobot_yolo' build argument 'cmake_clean_cache' from command line to 'False'
[0.266s] Level 5:colcon.colcon_core.verb:set package 'drobot_yolo' build argument 'cmake_clean_first' from command line to 'False'
[0.266s] Level 5:colcon.colcon_core.verb:set package 'drobot_yolo' build argument 'cmake_force_configure' from command line to 'False'
[0.266s] Level 5:colcon.colcon_core.verb:set package 'drobot_yolo' build argument 'ament_cmake_args' from command line to 'None'
[0.266s] Level 5:colcon.colcon_core.verb:set package 'drobot_yolo' build argument 'catkin_cmake_args' from command line to 'None'
[0.266s] Level 5:colcon.colcon_core.verb:set package 'drobot_yolo' build argument 'catkin_skip_building_tests' from command line to 'False'
[0.266s] DEBUG:colcon.colcon_core.verb:Building package 'drobot_yolo' with the following arguments: {'ament_cmake_args': None, 'build_base': '/home/leo11dk/Desktop/drobot/build/drobot_yolo', 'catkin_cmake_args': None, 'catkin_skip_building_tests': False, 'cmake_args': None, 'cmake_clean_cache': False, 'cmake_clean_first': False, 'cmake_force_configure': False, 'cmake_target': None, 'cmake_target_skip_unavailable': False, 'install_base': '/home/leo11dk/Desktop/drobot/install/drobot_yolo', 'merge_install': False, 'path': '/home/leo11dk/Desktop/drobot/src/drobot_yolo', 'symlink_install': True, 'test_result_base': None}
[0.266s] INFO:colcon.colcon_core.executor:Executing jobs using 'parallel' executor
[0.267s] DEBUG:colcon.colcon_parallel_executor.executor.parallel:run_until_complete
[0.267s] INFO:colcon.colcon_ros.task.ament_python.build:Building ROS package in '/home/leo11dk/Desktop/drobot/src/drobot_bringup' with build type 'ament_python'
[0.267s] Level 1:colcon.colcon_core.shell:create_environment_hook('drobot_bringup', 'ament_prefix_path')
[0.269s] INFO:colcon.colcon_core.plugin_system:Skipping extension 'colcon_core.shell.bat': Not used on non-Windows systems
[0.269s] INFO:colcon.colcon_core.shell:Creating environment hook '/home/leo11dk/Desktop/drobot/install/drobot_bringup/share/drobot_bringup/hook/ament_prefix_path.ps1'
[0.270s] INFO:colcon.colcon_core.shell:Creating environment descriptor '/home/leo11dk/Desktop/drobot/install/drobot_bringup/share/drobot_bringup/hook/ament_prefix_path.dsv'
[0.270s] INFO:colcon.colcon_core.shell:Creating environment hook '/home/leo11dk/Desktop/drobot/install/drobot_bringup/share/drobot_bringup/hook/ament_prefix_path.sh'
[0.271s] INFO:colcon.colcon_core.shell:Skip shell extension 'powershell' for command environment: Not usable outside of PowerShell
[0.271s] DEBUG:colcon.colcon_core.shell:Skip shell extension 'dsv' for command environment
[0.274s] INFO:colcon.colcon_ros.task.ament_python.build:Building ROS package in '/home/leo11dk/Desktop/drobot/src/drobot_controller' with build type 'ament_python'
[0.275s] Level 1:colcon.colcon_core.shell:create_environment_hook('drobot_controller', 'ament_prefix_path')
[0.275s] INFO:colcon.colcon_core.shell:Creating environment hook '/home/leo11dk/Desktop/drobot/install/drobot_controller/share/drobot_controller/hook/ament_prefix_path.ps1'
[0.275s] INFO:colcon.colcon_core.shell:Creating environment descriptor '/home/leo11dk/Desktop/drobot/install/drobot_controller/share/drobot_controller/hook/ament_prefix_path.dsv'
[0.275s] INFO:colcon.colcon_core.shell:Creating environment hook '/home/leo11dk/Desktop/drobot/install/drobot_controller/share/drobot_controller/hook/ament_prefix_path.sh'
[0.276s] INFO:colcon.colcon_core.shell:Skip shell extension 'powershell' for command environment: Not usable outside of PowerShell
[0.276s] DEBUG:colcon.colcon_core.shell:Skip shell extension 'dsv' for command environment
[0.279s] INFO:colcon.colcon_ros.task.ament_cmake.build:Building ROS package in '/home/leo11dk/Desktop/drobot/src/drobot_description' with build type 'ament_cmake'
[0.279s] INFO:colcon.colcon_cmake.task.cmake.build:Building CMake package in '/home/leo11dk/Desktop/drobot/src/drobot_description'
[0.279s] INFO:colcon.colcon_core.shell:Skip shell extension 'powershell' for command environment: Not usable outside of PowerShell
[0.279s] DEBUG:colcon.colcon_core.shell:Skip shell extension 'dsv' for command environment
[0.283s] INFO:colcon.colcon_ros.task.ament_python.build:Building ROS package in '/home/leo11dk/Desktop/drobot/src/drobot_scan_2d' with build type 'ament_python'
[0.283s] Level 1:colcon.colcon_core.shell:create_environment_hook('drobot_scan_2d', 'ament_prefix_path')
[0.283s] INFO:colcon.colcon_core.shell:Creating environment hook '/home/leo11dk/Desktop/drobot/install/drobot_scan_2d/share/drobot_scan_2d/hook/ament_prefix_path.ps1'
[0.284s] INFO:colcon.colcon_core.shell:Creating environment descriptor '/home/leo11dk/Desktop/drobot/install/drobot_scan_2d/share/drobot_scan_2d/hook/ament_prefix_path.dsv'
[0.284s] INFO:colcon.colcon_core.shell:Creating environment hook '/home/leo11dk/Desktop/drobot/install/drobot_scan_2d/share/drobot_scan_2d/hook/ament_prefix_path.sh'
[0.285s] INFO:colcon.colcon_core.shell:Skip shell extension 'powershell' for command environment: Not usable outside of PowerShell
[0.285s] DEBUG:colcon.colcon_core.shell:Skip shell extension 'dsv' for command environment
[0.288s] INFO:colcon.colcon_ros.task.ament_python.build:Building ROS package in '/home/leo11dk/Desktop/drobot/src/drobot_scan_3d' with build type 'ament_python'
[0.288s] Level 1:colcon.colcon_core.shell:create_environment_hook('drobot_scan_3d', 'ament_prefix_path')
[0.288s] INFO:colcon.colcon_core.shell:Creating environment hook '/home/leo11dk/Desktop/drobot/install/drobot_scan_3d/share/drobot_scan_3d/hook/ament_prefix_path.ps1'
[0.289s] INFO:colcon.colcon_core.shell:Creating environment descriptor '/home/leo11dk/Desktop/drobot/install/drobot_scan_3d/share/drobot_scan_3d/hook/ament_prefix_path.dsv'
[0.289s] INFO:colcon.colcon_core.shell:Creating environment hook '/home/leo11dk/Desktop/drobot/install/drobot_scan_3d/share/drobot_scan_3d/hook/ament_prefix_path.sh'
[0.289s] INFO:colcon.colcon_core.shell:Skip shell extension 'powershell' for command environment: Not usable outside of PowerShell
[0.289s] DEBUG:colcon.colcon_core.shell:Skip shell extension 'dsv' for command environment
[0.293s] INFO:colcon.colcon_ros.task.ament_cmake.build:Building ROS package in '/home/leo11dk/Desktop/drobot/src/drobot_simulation' with build type 'ament_cmake'
[0.293s] INFO:colcon.colcon_cmake.task.cmake.build:Building CMake package in '/home/leo11dk/Desktop/drobot/src/drobot_simulation'
[0.293s] INFO:colcon.colcon_core.shell:Skip shell extension 'powershell' for command environment: Not usable outside of PowerShell
[0.293s] DEBUG:colcon.colcon_core.shell:Skip shell extension 'dsv' for command environment
[0.524s] INFO:colcon.colcon_core.task.python.build:Building Python package in '/home/leo11dk/Desktop/drobot/src/drobot_bringup'
[0.525s] INFO:colcon.colcon_core.shell:Skip shell extension 'powershell' for command environment: Not usable outside of PowerShell
[0.525s] DEBUG:colcon.colcon_core.shell:Skip shell extension 'dsv' for command environment
[0.756s] INFO:colcon.colcon_core.task.python.build:Building Python package in '/home/leo11dk/Desktop/drobot/src/drobot_controller'
[0.757s] INFO:colcon.colcon_core.shell:Skip shell extension 'powershell' for command environment: Not usable outside of PowerShell
[0.757s] DEBUG:colcon.colcon_core.shell:Skip shell extension 'dsv' for command environment
[0.762s] DEBUG:colcon.colcon_core.event_handler.log_command:Invoking command in '/home/leo11dk/Desktop/drobot/build/drobot_description': CMAKE_PREFIX_PATH=${CMAKE_PREFIX_PATH}:/home/leo11dk/Desktop/drobot/install/drobot_yolo:/home/leo11dk/Desktop/drobot/install/drobot_ui:/home/leo11dk/Desktop/drobot/install/drobot_strategy:/home/leo11dk/Desktop/drobot/install/drobot_scan_3d:/home/leo11dk/Desktop/drobot/install/drobot_scan_2d:/home/leo11dk/Desktop/drobot/install/drobot_controller:/home/leo11dk/Desktop/drobot/install/drobot_bringup:/opt/ros/jazzy DEBUGINFOD_URLS=https://debuginfod.ubuntu.com /usr/bin/cmake /home/leo11dk/Desktop/drobot/src/drobot_description -DAMENT_CMAKE_SYMLINK_INSTALL=1 -DCMAKE_INSTALL_PREFIX=/home/leo11dk/Desktop/drobot/install/drobot_description
[1.004s] INFO:colcon.colcon_core.task.python.build:Building Python package in '/home/leo11dk/Desktop/drobot/src/drobot_scan_2d'
[1.004s] INFO:colcon.colcon_core.shell:Skip shell extension 'powershell' for command environment: Not usable outside of PowerShell
[1.004s] DEBUG:colcon.colcon_core.shell:Skip shell extension 'dsv' for command environment
[1.255s] INFO:colcon.colcon_core.task.python.build:Building Python package in '/home/leo11dk/Desktop/drobot/src/drobot_scan_3d'
[1.255s] INFO:colcon.colcon_core.shell:Skip shell extension 'powershell' for command environment: Not usable outside of PowerShell
[1.255s] DEBUG:colcon.colcon_core.shell:Skip shell extension 'dsv' for command environment
[1.265s] DEBUG:colcon.colcon_core.event_handler.log_command:Invoking command in '/home/leo11dk/Desktop/drobot/build/drobot_simulation': CMAKE_PREFIX_PATH=${CMAKE_PREFIX_PATH}:/home/leo11dk/Desktop/drobot/install/drobot_yolo:/home/leo11dk/Desktop/drobot/install/drobot_ui:/home/leo11dk/Desktop/drobot/install/drobot_strategy:/home/leo11dk/Desktop/drobot/install/drobot_scan_3d:/home/leo11dk/Desktop/drobot/install/drobot_scan_2d:/home/leo11dk/Desktop/drobot/install/drobot_controller:/home/leo11dk/Desktop/drobot/install/drobot_bringup:/opt/ros/jazzy DEBUGINFOD_URLS=https://debuginfod.ubuntu.com /usr/bin/cmake /home/leo11dk/Desktop/drobot/src/drobot_simulation -DAMENT_CMAKE_SYMLINK_INSTALL=1 -DCMAKE_INSTALL_PREFIX=/home/leo11dk/Desktop/drobot/install/drobot_simulation
[1.843s] DEBUG:colcon.colcon_core.event_handler.log_command:Invoked command in '/home/leo11dk/Desktop/drobot/build/drobot_description' returned '0': CMAKE_PREFIX_PATH=${CMAKE_PREFIX_PATH}:/home/leo11dk/Desktop/drobot/install/drobot_yolo:/home/leo11dk/Desktop/drobot/install/drobot_ui:/home/leo11dk/Desktop/drobot/install/drobot_strategy:/home/leo11dk/Desktop/drobot/install/drobot_scan_3d:/home/leo11dk/Desktop/drobot/install/drobot_scan_2d:/home/leo11dk/Desktop/drobot/install/drobot_controller:/home/leo11dk/Desktop/drobot/install/drobot_bringup:/opt/ros/jazzy DEBUGINFOD_URLS=https://debuginfod.ubuntu.com /usr/bin/cmake /home/leo11dk/Desktop/drobot/src/drobot_description -DAMENT_CMAKE_SYMLINK_INSTALL=1 -DCMAKE_INSTALL_PREFIX=/home/leo11dk/Desktop/drobot/install/drobot_description
[1.845s] DEBUG:colcon.colcon_core.event_handler.log_command:Invoking command in '/home/leo11dk/Desktop/drobot/build/drobot_description': CMAKE_PREFIX_PATH=${CMAKE_PREFIX_PATH}:/home/leo11dk/Desktop/drobot/install/drobot_yolo:/home/leo11dk/Desktop/drobot/install/drobot_ui:/home/leo11dk/Desktop/drobot/install/drobot_strategy:/home/leo11dk/Desktop/drobot/install/drobot_scan_3d:/home/leo11dk/Desktop/drobot/install/drobot_scan_2d:/home/leo11dk/Desktop/drobot/install/drobot_controller:/home/leo11dk/Desktop/drobot/install/drobot_bringup:/opt/ros/jazzy DEBUGINFOD_URLS=https://debuginfod.ubuntu.com /usr/bin/cmake --build /home/leo11dk/Desktop/drobot/build/drobot_description -- -j6 -l6
[1.891s] DEBUG:colcon.colcon_core.event_handler.log_command:Invoked command in '/home/leo11dk/Desktop/drobot/build/drobot_description' returned '0': CMAKE_PREFIX_PATH=${CMAKE_PREFIX_PATH}:/home/leo11dk/Desktop/drobot/install/drobot_yolo:/home/leo11dk/Desktop/drobot/install/drobot_ui:/home/leo11dk/Desktop/drobot/install/drobot_strategy:/home/leo11dk/Desktop/drobot/install/drobot_scan_3d:/home/leo11dk/Desktop/drobot/install/drobot_scan_2d:/home/leo11dk/Desktop/drobot/install/drobot_controller:/home/leo11dk/Desktop/drobot/install/drobot_bringup:/opt/ros/jazzy DEBUGINFOD_URLS=https://debuginfod.ubuntu.com /usr/bin/cmake --build /home/leo11dk/Desktop/drobot/build/drobot_description -- -j6 -l6
[1.905s] DEBUG:colcon.colcon_core.event_handler.log_command:Invoking command in '/home/leo11dk/Desktop/drobot/build/drobot_description': CMAKE_PREFIX_PATH=${CMAKE_PREFIX_PATH}:/home/leo11dk/Desktop/drobot/install/drobot_yolo:/home/leo11dk/Desktop/drobot/install/drobot_ui:/home/leo11dk/Desktop/drobot/install/drobot_strategy:/home/leo11dk/Desktop/drobot/install/drobot_scan_3d:/home/leo11dk/Desktop/drobot/install/drobot_scan_2d:/home/leo11dk/Desktop/drobot/install/drobot_controller:/home/leo11dk/Desktop/drobot/install/drobot_bringup:/opt/ros/jazzy DEBUGINFOD_URLS=https://debuginfod.ubuntu.com /usr/bin/cmake --install /home/leo11dk/Desktop/drobot/build/drobot_description
[2.088s] Level 1:colcon.colcon_core.environment:create_environment_scripts_only(drobot_description)
[2.088s] DEBUG:colcon.colcon_core.event_handler.log_command:Invoked command in '/home/leo11dk/Desktop/drobot/build/drobot_description' returned '0': CMAKE_PREFIX_PATH=${CMAKE_PREFIX_PATH}:/home/leo11dk/Desktop/drobot/install/drobot_yolo:/home/leo11dk/Desktop/drobot/install/drobot_ui:/home/leo11dk/Desktop/drobot/install/drobot_strategy:/home/leo11dk/Desktop/drobot/install/drobot_scan_3d:/home/leo11dk/Desktop/drobot/install/drobot_scan_2d:/home/leo11dk/Desktop/drobot/install/drobot_controller:/home/leo11dk/Desktop/drobot/install/drobot_bringup:/opt/ros/jazzy DEBUGINFOD_URLS=https://debuginfod.ubuntu.com /usr/bin/cmake --install /home/leo11dk/Desktop/drobot/build/drobot_description
[2.091s] Level 1:colcon.colcon_core.environment:checking '/home/leo11dk/Desktop/drobot/install/drobot_description' for CMake module files
[2.091s] Level 1:colcon.colcon_core.environment:checking '/home/leo11dk/Desktop/drobot/install/drobot_description' for CMake config files
[2.091s] Level 1:colcon.colcon_core.shell:create_environment_hook('drobot_description', 'cmake_prefix_path')
[2.092s] INFO:colcon.colcon_core.shell:Creating environment hook '/home/leo11dk/Desktop/drobot/install/drobot_description/share/drobot_description/hook/cmake_prefix_path.ps1'
[2.092s] INFO:colcon.colcon_core.shell:Creating environment descriptor '/home/leo11dk/Desktop/drobot/install/drobot_description/share/drobot_description/hook/cmake_prefix_path.dsv'
[2.093s] INFO:colcon.colcon_core.shell:Creating environment hook '/home/leo11dk/Desktop/drobot/install/drobot_description/share/drobot_description/hook/cmake_prefix_path.sh'
[2.094s] Level 1:colcon.colcon_core.environment:checking '/home/leo11dk/Desktop/drobot/install/drobot_description/bin'
[2.094s] Level 1:colcon.colcon_core.environment:checking '/home/leo11dk/Desktop/drobot/install/drobot_description/lib/pkgconfig/drobot_description.pc'
[2.094s] Level 1:colcon.colcon_core.environment:checking '/home/leo11dk/Desktop/drobot/install/drobot_description/lib/python3.12/site-packages'
[2.095s] Level 1:colcon.colcon_core.environment:checking '/home/leo11dk/Desktop/drobot/install/drobot_description/bin'
[2.095s] INFO:colcon.colcon_core.shell:Creating package script '/home/leo11dk/Desktop/drobot/install/drobot_description/share/drobot_description/package.ps1'
[2.096s] INFO:colcon.colcon_core.shell:Creating package descriptor '/home/leo11dk/Desktop/drobot/install/drobot_description/share/drobot_description/package.dsv'
[2.097s] INFO:colcon.colcon_core.shell:Creating package script '/home/leo11dk/Desktop/drobot/install/drobot_description/share/drobot_description/package.sh'
[2.098s] INFO:colcon.colcon_core.shell:Creating package script '/home/leo11dk/Desktop/drobot/install/drobot_description/share/drobot_description/package.bash'
[2.098s] INFO:colcon.colcon_core.shell:Creating package script '/home/leo11dk/Desktop/drobot/install/drobot_description/share/drobot_description/package.zsh'
[2.099s] Level 1:colcon.colcon_core.environment:create_file_with_runtime_dependencies(/home/leo11dk/Desktop/drobot/install/drobot_description/share/colcon-core/packages/drobot_description)
[2.100s] Level 1:colcon.colcon_core.environment:create_environment_scripts_only(drobot_description)
[2.100s] Level 1:colcon.colcon_core.environment:checking '/home/leo11dk/Desktop/drobot/install/drobot_description' for CMake module files
[2.100s] Level 1:colcon.colcon_core.environment:checking '/home/leo11dk/Desktop/drobot/install/drobot_description' for CMake config files
[2.101s] Level 1:colcon.colcon_core.shell:create_environment_hook('drobot_description', 'cmake_prefix_path')
[2.101s] INFO:colcon.colcon_core.shell:Creating environment hook '/home/leo11dk/Desktop/drobot/install/drobot_description/share/drobot_description/hook/cmake_prefix_path.ps1'
[2.102s] INFO:colcon.colcon_core.shell:Creating environment descriptor '/home/leo11dk/Desktop/drobot/install/drobot_description/share/drobot_description/hook/cmake_prefix_path.dsv'
[2.102s] INFO:colcon.colcon_core.shell:Creating environment hook '/home/leo11dk/Desktop/drobot/install/drobot_description/share/drobot_description/hook/cmake_prefix_path.sh'
[2.103s] Level 1:colcon.colcon_core.environment:checking '/home/leo11dk/Desktop/drobot/install/drobot_description/bin'
[2.103s] Level 1:colcon.colcon_core.environment:checking '/home/leo11dk/Desktop/drobot/install/drobot_description/lib/pkgconfig/drobot_description.pc'
[2.104s] Level 1:colcon.colcon_core.environment:checking '/home/leo11dk/Desktop/drobot/install/drobot_description/lib/python3.12/site-packages'
[2.104s] Level 1:colcon.colcon_core.environment:checking '/home/leo11dk/Desktop/drobot/install/drobot_description/bin'
[2.104s] INFO:colcon.colcon_core.shell:Creating package script '/home/leo11dk/Desktop/drobot/install/drobot_description/share/drobot_description/package.ps1'
[2.105s] INFO:colcon.colcon_core.shell:Creating package descriptor '/home/leo11dk/Desktop/drobot/install/drobot_description/share/drobot_description/package.dsv'
[2.106s] INFO:colcon.colcon_core.shell:Creating package script '/home/leo11dk/Desktop/drobot/install/drobot_description/share/drobot_description/package.sh'
[2.107s] INFO:colcon.colcon_core.shell:Creating package script '/home/leo11dk/Desktop/drobot/install/drobot_description/share/drobot_description/package.bash'
[2.107s] INFO:colcon.colcon_core.shell:Creating package script '/home/leo11dk/Desktop/drobot/install/drobot_description/share/drobot_description/package.zsh'
[2.108s] Level 1:colcon.colcon_core.environment:create_file_with_runtime_dependencies(/home/leo11dk/Desktop/drobot/install/drobot_description/share/colcon-core/packages/drobot_description)
[2.109s] INFO:colcon.colcon_ros.task.ament_python.build:Building ROS package in '/home/leo11dk/Desktop/drobot/src/drobot_strategy' with build type 'ament_python'
[2.109s] Level 1:colcon.colcon_core.shell:create_environment_hook('drobot_strategy', 'ament_prefix_path')
[2.109s] INFO:colcon.colcon_core.shell:Creating environment hook '/home/leo11dk/Desktop/drobot/install/drobot_strategy/share/drobot_strategy/hook/ament_prefix_path.ps1'
[2.109s] INFO:colcon.colcon_core.shell:Creating environment descriptor '/home/leo11dk/Desktop/drobot/install/drobot_strategy/share/drobot_strategy/hook/ament_prefix_path.dsv'
[2.110s] INFO:colcon.colcon_core.shell:Creating environment hook '/home/leo11dk/Desktop/drobot/install/drobot_strategy/share/drobot_strategy/hook/ament_prefix_path.sh'
[2.110s] INFO:colcon.colcon_core.shell:Skip shell extension 'powershell' for command environment: Not usable outside of PowerShell
[2.110s] DEBUG:colcon.colcon_core.shell:Skip shell extension 'dsv' for command environment
[2.374s] INFO:colcon.colcon_core.task.python.build:Building Python package in '/home/leo11dk/Desktop/drobot/src/drobot_strategy'
[2.374s] INFO:colcon.colcon_core.shell:Skip shell extension 'powershell' for command environment: Not usable outside of PowerShell
[2.375s] DEBUG:colcon.colcon_core.shell:Skip shell extension 'dsv' for command environment
[2.380s] DEBUG:colcon.colcon_core.event_handler.log_command:Invoking command in '/home/leo11dk/Desktop/drobot/build/drobot_scan_3d': DEBUGINFOD_URLS=https://debuginfod.ubuntu.com PYTHONPATH=/home/leo11dk/Desktop/drobot/build/drobot_scan_3d/prefix_override:/usr/lib/python3/dist-packages/colcon_core/task/python/colcon_distutils_commands:/home/leo11dk/Desktop/drobot/install/drobot_scan_3d/lib/python3.12/site-packages:${PYTHONPATH} /usr/bin/python3 -W ignore:setup.py install is deprecated -W ignore:easy_install command is deprecated setup.py develop --editable --build-directory /home/leo11dk/Desktop/drobot/build/drobot_scan_3d/build --no-deps symlink_data
[2.384s] DEBUG:colcon.colcon_core.event_handler.log_command:Invoking command in '/home/leo11dk/Desktop/drobot/build/drobot_bringup': DEBUGINFOD_URLS=https://debuginfod.ubuntu.com PYTHONPATH=/home/leo11dk/Desktop/drobot/build/drobot_bringup/prefix_override:/usr/lib/python3/dist-packages/colcon_core/task/python/colcon_distutils_commands:/home/leo11dk/Desktop/drobot/install/drobot_bringup/lib/python3.12/site-packages:${PYTHONPATH} /usr/bin/python3 -W ignore:setup.py install is deprecated -W ignore:easy_install command is deprecated setup.py develop --editable --build-directory /home/leo11dk/Desktop/drobot/build/drobot_bringup/build --no-deps symlink_data
[2.386s] DEBUG:colcon.colcon_core.event_handler.log_command:Invoking command in '/home/leo11dk/Desktop/drobot/build/drobot_scan_2d': DEBUGINFOD_URLS=https://debuginfod.ubuntu.com PYTHONPATH=/home/leo11dk/Desktop/drobot/build/drobot_scan_2d/prefix_override:/usr/lib/python3/dist-packages/colcon_core/task/python/colcon_distutils_commands:/home/leo11dk/Desktop/drobot/install/drobot_scan_2d/lib/python3.12/site-packages:${PYTHONPATH} /usr/bin/python3 -W ignore:setup.py install is deprecated -W ignore:easy_install command is deprecated setup.py develop --editable --build-directory /home/leo11dk/Desktop/drobot/build/drobot_scan_2d/build --no-deps symlink_data
[2.392s] DEBUG:colcon.colcon_core.event_handler.log_command:Invoking command in '/home/leo11dk/Desktop/drobot/build/drobot_controller': DEBUGINFOD_URLS=https://debuginfod.ubuntu.com PYTHONPATH=/home/leo11dk/Desktop/drobot/build/drobot_controller/prefix_override:/usr/lib/python3/dist-packages/colcon_core/task/python/colcon_distutils_commands:/home/leo11dk/Desktop/drobot/install/drobot_controller/lib/python3.12/site-packages:${PYTHONPATH} /usr/bin/python3 -W ignore:setup.py install is deprecated -W ignore:easy_install command is deprecated setup.py develop --editable --build-directory /home/leo11dk/Desktop/drobot/build/drobot_controller/build --no-deps symlink_data
[2.455s] DEBUG:colcon.colcon_core.event_handler.log_command:Invoked command in '/home/leo11dk/Desktop/drobot/build/drobot_simulation' returned '0': CMAKE_PREFIX_PATH=${CMAKE_PREFIX_PATH}:/home/leo11dk/Desktop/drobot/install/drobot_yolo:/home/leo11dk/Desktop/drobot/install/drobot_ui:/home/leo11dk/Desktop/drobot/install/drobot_strategy:/home/leo11dk/Desktop/drobot/install/drobot_scan_3d:/home/leo11dk/Desktop/drobot/install/drobot_scan_2d:/home/leo11dk/Desktop/drobot/install/drobot_controller:/home/leo11dk/Desktop/drobot/install/drobot_bringup:/opt/ros/jazzy DEBUGINFOD_URLS=https://debuginfod.ubuntu.com /usr/bin/cmake /home/leo11dk/Desktop/drobot/src/drobot_simulation -DAMENT_CMAKE_SYMLINK_INSTALL=1 -DCMAKE_INSTALL_PREFIX=/home/leo11dk/Desktop/drobot/install/drobot_simulation
[2.455s] DEBUG:colcon.colcon_core.event_handler.log_command:Invoking command in '/home/leo11dk/Desktop/drobot/build/drobot_simulation': CMAKE_PREFIX_PATH=${CMAKE_PREFIX_PATH}:/home/leo11dk/Desktop/drobot/install/drobot_yolo:/home/leo11dk/Desktop/drobot/install/drobot_ui:/home/leo11dk/Desktop/drobot/install/drobot_strategy:/home/leo11dk/Desktop/drobot/install/drobot_scan_3d:/home/leo11dk/Desktop/drobot/install/drobot_scan_2d:/home/leo11dk/Desktop/drobot/install/drobot_controller:/home/leo11dk/Desktop/drobot/install/drobot_bringup:/opt/ros/jazzy DEBUGINFOD_URLS=https://debuginfod.ubuntu.com /usr/bin/cmake --build /home/leo11dk/Desktop/drobot/build/drobot_simulation -- -j6 -l6
[2.514s] DEBUG:colcon.colcon_core.event_handler.log_command:Invoked command in '/home/leo11dk/Desktop/drobot/build/drobot_simulation' returned '0': CMAKE_PREFIX_PATH=${CMAKE_PREFIX_PATH}:/home/leo11dk/Desktop/drobot/install/drobot_yolo:/home/leo11dk/Desktop/drobot/install/drobot_ui:/home/leo11dk/Desktop/drobot/install/drobot_strategy:/home/leo11dk/Desktop/drobot/install/drobot_scan_3d:/home/leo11dk/Desktop/drobot/install/drobot_scan_2d:/home/leo11dk/Desktop/drobot/install/drobot_controller:/home/leo11dk/Desktop/drobot/install/drobot_bringup:/opt/ros/jazzy DEBUGINFOD_URLS=https://debuginfod.ubuntu.com /usr/bin/cmake --build /home/leo11dk/Desktop/drobot/build/drobot_simulation -- -j6 -l6
[2.515s] DEBUG:colcon.colcon_core.event_handler.log_command:Invoking command in '/home/leo11dk/Desktop/drobot/build/drobot_simulation': CMAKE_PREFIX_PATH=${CMAKE_PREFIX_PATH}:/home/leo11dk/Desktop/drobot/install/drobot_yolo:/home/leo11dk/Desktop/drobot/install/drobot_ui:/home/leo11dk/Desktop/drobot/install/drobot_strategy:/home/leo11dk/Desktop/drobot/install/drobot_scan_3d:/home/leo11dk/Desktop/drobot/install/drobot_scan_2d:/home/leo11dk/Desktop/drobot/install/drobot_controller:/home/leo11dk/Desktop/drobot/install/drobot_bringup:/opt/ros/jazzy DEBUGINFOD_URLS=https://debuginfod.ubuntu.com /usr/bin/cmake --install /home/leo11dk/Desktop/drobot/build/drobot_simulation
[2.698s] Level 1:colcon.colcon_core.environment:create_environment_scripts_only(drobot_simulation)
[2.698s] DEBUG:colcon.colcon_core.event_handler.log_command:Invoked command in '/home/leo11dk/Desktop/drobot/build/drobot_simulation' returned '0': CMAKE_PREFIX_PATH=${CMAKE_PREFIX_PATH}:/home/leo11dk/Desktop/drobot/install/drobot_yolo:/home/leo11dk/Desktop/drobot/install/drobot_ui:/home/leo11dk/Desktop/drobot/install/drobot_strategy:/home/leo11dk/Desktop/drobot/install/drobot_scan_3d:/home/leo11dk/Desktop/drobot/install/drobot_scan_2d:/home/leo11dk/Desktop/drobot/install/drobot_controller:/home/leo11dk/Desktop/drobot/install/drobot_bringup:/opt/ros/jazzy DEBUGINFOD_URLS=https://debuginfod.ubuntu.com /usr/bin/cmake --install /home/leo11dk/Desktop/drobot/build/drobot_simulation
[2.698s] Level 1:colcon.colcon_core.environment:checking '/home/leo11dk/Desktop/drobot/install/drobot_simulation' for CMake module files
[2.699s] Level 1:colcon.colcon_core.environment:checking '/home/leo11dk/Desktop/drobot/install/drobot_simulation' for CMake config files
[2.699s] Level 1:colcon.colcon_core.shell:create_environment_hook('drobot_simulation', 'cmake_prefix_path')
[2.700s] INFO:colcon.colcon_core.shell:Creating environment hook '/home/leo11dk/Desktop/drobot/install/drobot_simulation/share/drobot_simulation/hook/cmake_prefix_path.ps1'
[2.701s] INFO:colcon.colcon_core.shell:Creating environment descriptor '/home/leo11dk/Desktop/drobot/install/drobot_simulation/share/drobot_simulation/hook/cmake_prefix_path.dsv'
[2.701s] INFO:colcon.colcon_core.shell:Creating environment hook '/home/leo11dk/Desktop/drobot/install/drobot_simulation/share/drobot_simulation/hook/cmake_prefix_path.sh'
[2.702s] Level 1:colcon.colcon_core.environment:checking '/home/leo11dk/Desktop/drobot/install/drobot_simulation/bin'
[2.702s] Level 1:colcon.colcon_core.environment:checking '/home/leo11dk/Desktop/drobot/install/drobot_simulation/lib/pkgconfig/drobot_simulation.pc'
[2.702s] Level 1:colcon.colcon_core.environment:checking '/home/leo11dk/Desktop/drobot/install/drobot_simulation/lib/python3.12/site-packages'
[2.703s] Level 1:colcon.colcon_core.environment:checking '/home/leo11dk/Desktop/drobot/install/drobot_simulation/bin'
[2.703s] INFO:colcon.colcon_core.shell:Creating package script '/home/leo11dk/Desktop/drobot/install/drobot_simulation/share/drobot_simulation/package.ps1'
[2.704s] INFO:colcon.colcon_core.shell:Creating package descriptor '/home/leo11dk/Desktop/drobot/install/drobot_simulation/share/drobot_simulation/package.dsv'
[2.704s] INFO:colcon.colcon_core.shell:Creating package script '/home/leo11dk/Desktop/drobot/install/drobot_simulation/share/drobot_simulation/package.sh'
[2.704s] INFO:colcon.colcon_core.shell:Creating package script '/home/leo11dk/Desktop/drobot/install/drobot_simulation/share/drobot_simulation/package.bash'
[2.705s] INFO:colcon.colcon_core.shell:Creating package script '/home/leo11dk/Desktop/drobot/install/drobot_simulation/share/drobot_simulation/package.zsh'
[2.720s] Level 1:colcon.colcon_core.environment:create_file_with_runtime_dependencies(/home/leo11dk/Desktop/drobot/install/drobot_simulation/share/colcon-core/packages/drobot_simulation)
[2.721s] Level 1:colcon.colcon_core.environment:create_environment_scripts_only(drobot_simulation)
[2.721s] Level 1:colcon.colcon_core.environment:checking '/home/leo11dk/Desktop/drobot/install/drobot_simulation' for CMake module files
[2.722s] Level 1:colcon.colcon_core.environment:checking '/home/leo11dk/Desktop/drobot/install/drobot_simulation' for CMake config files
[2.722s] Level 1:colcon.colcon_core.shell:create_environment_hook('drobot_simulation', 'cmake_prefix_path')
[2.722s] INFO:colcon.colcon_core.shell:Creating environment hook '/home/leo11dk/Desktop/drobot/install/drobot_simulation/share/drobot_simulation/hook/cmake_prefix_path.ps1'
[2.723s] INFO:colcon.colcon_core.shell:Creating environment descriptor '/home/leo11dk/Desktop/drobot/install/drobot_simulation/share/drobot_simulation/hook/cmake_prefix_path.dsv'
[2.723s] INFO:colcon.colcon_core.shell:Creating environment hook '/home/leo11dk/Desktop/drobot/install/drobot_simulation/share/drobot_simulation/hook/cmake_prefix_path.sh'
[2.724s] Level 1:colcon.colcon_core.environment:checking '/home/leo11dk/Desktop/drobot/install/drobot_simulation/bin'
[2.724s] Level 1:colcon.colcon_core.environment:checking '/home/leo11dk/Desktop/drobot/install/drobot_simulation/lib/pkgconfig/drobot_simulation.pc'
[2.724s] Level 1:colcon.colcon_core.environment:checking '/home/leo11dk/Desktop/drobot/install/drobot_simulation/lib/python3.12/site-packages'
[2.725s] Level 1:colcon.colcon_core.environment:checking '/home/leo11dk/Desktop/drobot/install/drobot_simulation/bin'
[2.725s] INFO:colcon.colcon_core.shell:Creating package script '/home/leo11dk/Desktop/drobot/install/drobot_simulation/share/drobot_simulation/package.ps1'
[2.726s] INFO:colcon.colcon_core.shell:Creating package descriptor '/home/leo11dk/Desktop/drobot/install/drobot_simulation/share/drobot_simulation/package.dsv'
[2.727s] INFO:colcon.colcon_core.shell:Creating package script '/home/leo11dk/Desktop/drobot/install/drobot_simulation/share/drobot_simulation/package.sh'
[2.727s] INFO:colcon.colcon_core.shell:Creating package script '/home/leo11dk/Desktop/drobot/install/drobot_simulation/share/drobot_simulation/package.bash'
[2.728s] INFO:colcon.colcon_core.shell:Creating package script '/home/leo11dk/Desktop/drobot/install/drobot_simulation/share/drobot_simulation/package.zsh'
[2.728s] Level 1:colcon.colcon_core.environment:create_file_with_runtime_dependencies(/home/leo11dk/Desktop/drobot/install/drobot_simulation/share/colcon-core/packages/drobot_simulation)
[2.729s] INFO:colcon.colcon_ros.task.ament_python.build:Building ROS package in '/home/leo11dk/Desktop/drobot/src/drobot_yolo' with build type 'ament_python'
[2.729s] Level 1:colcon.colcon_core.shell:create_environment_hook('drobot_yolo', 'ament_prefix_path')
[2.729s] INFO:colcon.colcon_core.shell:Creating environment hook '/home/leo11dk/Desktop/drobot/install/drobot_yolo/share/drobot_yolo/hook/ament_prefix_path.ps1'
[2.731s] INFO:colcon.colcon_core.shell:Creating environment descriptor '/home/leo11dk/Desktop/drobot/install/drobot_yolo/share/drobot_yolo/hook/ament_prefix_path.dsv'
[2.731s] INFO:colcon.colcon_core.shell:Creating environment hook '/home/leo11dk/Desktop/drobot/install/drobot_yolo/share/drobot_yolo/hook/ament_prefix_path.sh'
[2.732s] INFO:colcon.colcon_core.shell:Skip shell extension 'powershell' for command environment: Not usable outside of PowerShell
[2.732s] DEBUG:colcon.colcon_core.shell:Skip shell extension 'dsv' for command environment
[3.042s] INFO:colcon.colcon_core.task.python.build:Building Python package in '/home/leo11dk/Desktop/drobot/src/drobot_yolo'
[3.043s] INFO:colcon.colcon_core.shell:Skip shell extension 'powershell' for command environment: Not usable outside of PowerShell
[3.043s] DEBUG:colcon.colcon_core.shell:Skip shell extension 'dsv' for command environment
[3.406s] Level 1:colcon.colcon_core.shell:create_environment_hook('drobot_scan_3d', 'pythonpath_develop')
[3.406s] DEBUG:colcon.colcon_core.event_handler.log_command:Invoked command in '/home/leo11dk/Desktop/drobot/build/drobot_scan_3d' returned '0': DEBUGINFOD_URLS=https://debuginfod.ubuntu.com PYTHONPATH=/home/leo11dk/Desktop/drobot/build/drobot_scan_3d/prefix_override:/usr/lib/python3/dist-packages/colcon_core/task/python/colcon_distutils_commands:/home/leo11dk/Desktop/drobot/install/drobot_scan_3d/lib/python3.12/site-packages:${PYTHONPATH} /usr/bin/python3 -W ignore:setup.py install is deprecated -W ignore:easy_install command is deprecated setup.py develop --editable --build-directory /home/leo11dk/Desktop/drobot/build/drobot_scan_3d/build --no-deps symlink_data
[3.406s] INFO:colcon.colcon_core.shell:Creating environment hook '/home/leo11dk/Desktop/drobot/build/drobot_scan_3d/share/drobot_scan_3d/hook/pythonpath_develop.ps1'
[3.407s] INFO:colcon.colcon_core.shell:Creating environment descriptor '/home/leo11dk/Desktop/drobot/build/drobot_scan_3d/share/drobot_scan_3d/hook/pythonpath_develop.dsv'
[3.408s] INFO:colcon.colcon_core.shell:Creating environment hook '/home/leo11dk/Desktop/drobot/build/drobot_scan_3d/share/drobot_scan_3d/hook/pythonpath_develop.sh'
[3.408s] Level 1:colcon.colcon_core.environment:checking '/home/leo11dk/Desktop/drobot/install/drobot_scan_3d' for CMake module files
[3.408s] Level 1:colcon.colcon_core.environment:checking '/home/leo11dk/Desktop/drobot/install/drobot_scan_3d' for CMake config files
[3.409s] Level 1:colcon.colcon_core.environment:checking '/home/leo11dk/Desktop/drobot/install/drobot_scan_3d/lib'
[3.409s] Level 1:colcon.colcon_core.environment:checking '/home/leo11dk/Desktop/drobot/install/drobot_scan_3d/bin'
[3.409s] Level 1:colcon.colcon_core.environment:checking '/home/leo11dk/Desktop/drobot/install/drobot_scan_3d/lib/pkgconfig/drobot_scan_3d.pc'
[3.410s] Level 1:colcon.colcon_core.environment:checking '/home/leo11dk/Desktop/drobot/install/drobot_scan_3d/lib/python3.12/site-packages'
[3.410s] Level 1:colcon.colcon_core.shell:create_environment_hook('drobot_scan_3d', 'pythonpath')
[3.410s] INFO:colcon.colcon_core.shell:Creating environment hook '/home/leo11dk/Desktop/drobot/install/drobot_scan_3d/share/drobot_scan_3d/hook/pythonpath.ps1'
[3.410s] INFO:colcon.colcon_core.shell:Creating environment descriptor '/home/leo11dk/Desktop/drobot/install/drobot_scan_3d/share/drobot_scan_3d/hook/pythonpath.dsv'
[3.411s] INFO:colcon.colcon_core.shell:Creating environment hook '/home/leo11dk/Desktop/drobot/install/drobot_scan_3d/share/drobot_scan_3d/hook/pythonpath.sh'
[3.411s] Level 1:colcon.colcon_core.environment:checking '/home/leo11dk/Desktop/drobot/install/drobot_scan_3d/bin'
[3.411s] Level 1:colcon.colcon_core.environment:create_environment_scripts_only(drobot_scan_3d)
[3.412s] INFO:colcon.colcon_core.shell:Creating package script '/home/leo11dk/Desktop/drobot/install/drobot_scan_3d/share/drobot_scan_3d/package.ps1'
[3.412s] INFO:colcon.colcon_core.shell:Creating package descriptor '/home/leo11dk/Desktop/drobot/install/drobot_scan_3d/share/drobot_scan_3d/package.dsv'
[3.413s] INFO:colcon.colcon_core.shell:Creating package script '/home/leo11dk/Desktop/drobot/install/drobot_scan_3d/share/drobot_scan_3d/package.sh'
[3.413s] INFO:colcon.colcon_core.shell:Creating package script '/home/leo11dk/Desktop/drobot/install/drobot_scan_3d/share/drobot_scan_3d/package.bash'
[3.413s] INFO:colcon.colcon_core.shell:Creating package script '/home/leo11dk/Desktop/drobot/install/drobot_scan_3d/share/drobot_scan_3d/package.zsh'
[3.414s] Level 1:colcon.colcon_core.environment:create_file_with_runtime_dependencies(/home/leo11dk/Desktop/drobot/install/drobot_scan_3d/share/colcon-core/packages/drobot_scan_3d)
[3.444s] DEBUG:colcon.colcon_core.event_handler.log_command:Invoking command in '/home/leo11dk/Desktop/drobot/build/drobot_strategy': DEBUGINFOD_URLS=https://debuginfod.ubuntu.com PYTHONPATH=/home/leo11dk/Desktop/drobot/build/drobot_strategy/prefix_override:/usr/lib/python3/dist-packages/colcon_core/task/python/colcon_distutils_commands:/home/leo11dk/Desktop/drobot/install/drobot_strategy/lib/python3.12/site-packages:${PYTHONPATH} /usr/bin/python3 -W ignore:setup.py install is deprecated -W ignore:easy_install command is deprecated setup.py develop --editable --build-directory /home/leo11dk/Desktop/drobot/build/drobot_strategy/build --no-deps symlink_data
[3.565s] Level 1:colcon.colcon_core.shell:create_environment_hook('drobot_controller', 'pythonpath_develop')
[3.565s] INFO:colcon.colcon_core.shell:Creating environment hook '/home/leo11dk/Desktop/drobot/build/drobot_controller/share/drobot_controller/hook/pythonpath_develop.ps1'
[3.568s] INFO:colcon.colcon_core.shell:Creating environment descriptor '/home/leo11dk/Desktop/drobot/build/drobot_controller/share/drobot_controller/hook/pythonpath_develop.dsv'
[3.569s] INFO:colcon.colcon_core.shell:Creating environment hook '/home/leo11dk/Desktop/drobot/build/drobot_controller/share/drobot_controller/hook/pythonpath_develop.sh'
[3.570s] Level 1:colcon.colcon_core.environment:checking '/home/leo11dk/Desktop/drobot/install/drobot_controller' for CMake module files
[3.571s] DEBUG:colcon.colcon_core.event_handler.log_command:Invoked command in '/home/leo11dk/Desktop/drobot/build/drobot_controller' returned '0': DEBUGINFOD_URLS=https://debuginfod.ubuntu.com PYTHONPATH=/home/leo11dk/Desktop/drobot/build/drobot_controller/prefix_override:/usr/lib/python3/dist-packages/colcon_core/task/python/colcon_distutils_commands:/home/leo11dk/Desktop/drobot/install/drobot_controller/lib/python3.12/site-packages:${PYTHONPATH} /usr/bin/python3 -W ignore:setup.py install is deprecated -W ignore:easy_install command is deprecated setup.py develop --editable --build-directory /home/leo11dk/Desktop/drobot/build/drobot_controller/build --no-deps symlink_data
[3.572s] Level 1:colcon.colcon_core.environment:checking '/home/leo11dk/Desktop/drobot/install/drobot_controller' for CMake config files
[3.574s] Level 1:colcon.colcon_core.environment:checking '/home/leo11dk/Desktop/drobot/install/drobot_controller/lib'
[3.574s] Level 1:colcon.colcon_core.environment:checking '/home/leo11dk/Desktop/drobot/install/drobot_controller/bin'
[3.574s] Level 1:colcon.colcon_core.environment:checking '/home/leo11dk/Desktop/drobot/install/drobot_controller/lib/pkgconfig/drobot_controller.pc'
[3.575s] Level 1:colcon.colcon_core.environment:checking '/home/leo11dk/Desktop/drobot/install/drobot_controller/lib/python3.12/site-packages'
[3.575s] Level 1:colcon.colcon_core.shell:create_environment_hook('drobot_controller', 'pythonpath')
[3.575s] INFO:colcon.colcon_core.shell:Creating environment hook '/home/leo11dk/Desktop/drobot/install/drobot_controller/share/drobot_controller/hook/pythonpath.ps1'
[3.575s] INFO:colcon.colcon_core.shell:Creating environment descriptor '/home/leo11dk/Desktop/drobot/install/drobot_controller/share/drobot_controller/hook/pythonpath.dsv'
[3.575s] INFO:colcon.colcon_core.shell:Creating environment hook '/home/leo11dk/Desktop/drobot/install/drobot_controller/share/drobot_controller/hook/pythonpath.sh'
[3.576s] Level 1:colcon.colcon_core.environment:checking '/home/leo11dk/Desktop/drobot/install/drobot_controller/bin'
[3.576s] Level 1:colcon.colcon_core.environment:create_environment_scripts_only(drobot_controller)
[3.576s] INFO:colcon.colcon_core.shell:Creating package script '/home/leo11dk/Desktop/drobot/install/drobot_controller/share/drobot_controller/package.ps1'
[3.577s] INFO:colcon.colcon_core.shell:Creating package descriptor '/home/leo11dk/Desktop/drobot/install/drobot_controller/share/drobot_controller/package.dsv'
[3.579s] INFO:colcon.colcon_core.shell:Creating package script '/home/leo11dk/Desktop/drobot/install/drobot_controller/share/drobot_controller/package.sh'
[3.580s] INFO:colcon.colcon_core.shell:Creating package script '/home/leo11dk/Desktop/drobot/install/drobot_controller/share/drobot_controller/package.bash'
[3.580s] INFO:colcon.colcon_core.shell:Creating package script '/home/leo11dk/Desktop/drobot/install/drobot_controller/share/drobot_controller/package.zsh'
[3.580s] Level 1:colcon.colcon_core.environment:create_file_with_runtime_dependencies(/home/leo11dk/Desktop/drobot/install/drobot_controller/share/colcon-core/packages/drobot_controller)
[3.739s] Level 1:colcon.colcon_core.shell:create_environment_hook('drobot_bringup', 'pythonpath_develop')
[3.739s] INFO:colcon.colcon_core.shell:Creating environment hook '/home/leo11dk/Desktop/drobot/build/drobot_bringup/share/drobot_bringup/hook/pythonpath_develop.ps1'
[3.739s] DEBUG:colcon.colcon_core.event_handler.log_command:Invoked command in '/home/leo11dk/Desktop/drobot/build/drobot_bringup' returned '0': DEBUGINFOD_URLS=https://debuginfod.ubuntu.com PYTHONPATH=/home/leo11dk/Desktop/drobot/build/drobot_bringup/prefix_override:/usr/lib/python3/dist-packages/colcon_core/task/python/colcon_distutils_commands:/home/leo11dk/Desktop/drobot/install/drobot_bringup/lib/python3.12/site-packages:${PYTHONPATH} /usr/bin/python3 -W ignore:setup.py install is deprecated -W ignore:easy_install command is deprecated setup.py develop --editable --build-directory /home/leo11dk/Desktop/drobot/build/drobot_bringup/build --no-deps symlink_data
[3.740s] INFO:colcon.colcon_core.shell:Creating environment descriptor '/home/leo11dk/Desktop/drobot/build/drobot_bringup/share/drobot_bringup/hook/pythonpath_develop.dsv'
[3.740s] INFO:colcon.colcon_core.shell:Creating environment hook '/home/leo11dk/Desktop/drobot/build/drobot_bringup/share/drobot_bringup/hook/pythonpath_develop.sh'
[3.741s] Level 1:colcon.colcon_core.environment:checking '/home/leo11dk/Desktop/drobot/install/drobot_bringup' for CMake module files
[3.741s] Level 1:colcon.colcon_core.environment:checking '/home/leo11dk/Desktop/drobot/install/drobot_bringup' for CMake config files
[3.742s] Level 1:colcon.colcon_core.environment:checking '/home/leo11dk/Desktop/drobot/install/drobot_bringup/lib'
[3.742s] Level 1:colcon.colcon_core.environment:checking '/home/leo11dk/Desktop/drobot/install/drobot_bringup/bin'
[3.742s] Level 1:colcon.colcon_core.environment:checking '/home/leo11dk/Desktop/drobot/install/drobot_bringup/lib/pkgconfig/drobot_bringup.pc'
[3.742s] Level 1:colcon.colcon_core.environment:checking '/home/leo11dk/Desktop/drobot/install/drobot_bringup/lib/python3.12/site-packages'
[3.743s] Level 1:colcon.colcon_core.shell:create_environment_hook('drobot_bringup', 'pythonpath')
[3.743s] INFO:colcon.colcon_core.shell:Creating environment hook '/home/leo11dk/Desktop/drobot/install/drobot_bringup/share/drobot_bringup/hook/pythonpath.ps1'
[3.743s] INFO:colcon.colcon_core.shell:Creating environment descriptor '/home/leo11dk/Desktop/drobot/install/drobot_bringup/share/drobot_bringup/hook/pythonpath.dsv'
[3.744s] INFO:colcon.colcon_core.shell:Creating environment hook '/home/leo11dk/Desktop/drobot/install/drobot_bringup/share/drobot_bringup/hook/pythonpath.sh'
[3.744s] Level 1:colcon.colcon_core.environment:checking '/home/leo11dk/Desktop/drobot/install/drobot_bringup/bin'
[3.744s] Level 1:colcon.colcon_core.environment:create_environment_scripts_only(drobot_bringup)
[3.745s] INFO:colcon.colcon_core.shell:Creating package script '/home/leo11dk/Desktop/drobot/install/drobot_bringup/share/drobot_bringup/package.ps1'
[3.745s] INFO:colcon.colcon_core.shell:Creating package descriptor '/home/leo11dk/Desktop/drobot/install/drobot_bringup/share/drobot_bringup/package.dsv'
[3.746s] INFO:colcon.colcon_core.shell:Creating package script '/home/leo11dk/Desktop/drobot/install/drobot_bringup/share/drobot_bringup/package.sh'
[3.746s] INFO:colcon.colcon_core.shell:Creating package script '/home/leo11dk/Desktop/drobot/install/drobot_bringup/share/drobot_bringup/package.bash'
[3.746s] INFO:colcon.colcon_core.shell:Creating package script '/home/leo11dk/Desktop/drobot/install/drobot_bringup/share/drobot_bringup/package.zsh'
[3.747s] Level 1:colcon.colcon_core.environment:create_file_with_runtime_dependencies(/home/leo11dk/Desktop/drobot/install/drobot_bringup/share/colcon-core/packages/drobot_bringup)
[3.772s] Level 1:colcon.colcon_core.shell:create_environment_hook('drobot_scan_2d', 'pythonpath_develop')
[3.772s] INFO:colcon.colcon_core.shell:Creating environment hook '/home/leo11dk/Desktop/drobot/build/drobot_scan_2d/share/drobot_scan_2d/hook/pythonpath_develop.ps1'
[3.773s] DEBUG:colcon.colcon_core.event_handler.log_command:Invoked command in '/home/leo11dk/Desktop/drobot/build/drobot_scan_2d' returned '0': DEBUGINFOD_URLS=https://debuginfod.ubuntu.com PYTHONPATH=/home/leo11dk/Desktop/drobot/build/drobot_scan_2d/prefix_override:/usr/lib/python3/dist-packages/colcon_core/task/python/colcon_distutils_commands:/home/leo11dk/Desktop/drobot/install/drobot_scan_2d/lib/python3.12/site-packages:${PYTHONPATH} /usr/bin/python3 -W ignore:setup.py install is deprecated -W ignore:easy_install command is deprecated setup.py develop --editable --build-directory /home/leo11dk/Desktop/drobot/build/drobot_scan_2d/build --no-deps symlink_data
[3.773s] INFO:colcon.colcon_core.shell:Creating environment descriptor '/home/leo11dk/Desktop/drobot/build/drobot_scan_2d/share/drobot_scan_2d/hook/pythonpath_develop.dsv'
[3.774s] INFO:colcon.colcon_core.shell:Creating environment hook '/home/leo11dk/Desktop/drobot/build/drobot_scan_2d/share/drobot_scan_2d/hook/pythonpath_develop.sh'
[3.774s] Level 1:colcon.colcon_core.environment:checking '/home/leo11dk/Desktop/drobot/install/drobot_scan_2d' for CMake module files
[3.774s] Level 1:colcon.colcon_core.environment:checking '/home/leo11dk/Desktop/drobot/install/drobot_scan_2d' for CMake config files
[3.775s] Level 1:colcon.colcon_core.environment:checking '/home/leo11dk/Desktop/drobot/install/drobot_scan_2d/lib'
[3.775s] Level 1:colcon.colcon_core.environment:checking '/home/leo11dk/Desktop/drobot/install/drobot_scan_2d/bin'
[3.775s] Level 1:colcon.colcon_core.environment:checking '/home/leo11dk/Desktop/drobot/install/drobot_scan_2d/lib/pkgconfig/drobot_scan_2d.pc'
[3.775s] Level 1:colcon.colcon_core.environment:checking '/home/leo11dk/Desktop/drobot/install/drobot_scan_2d/lib/python3.12/site-packages'
[3.775s] Level 1:colcon.colcon_core.shell:create_environment_hook('drobot_scan_2d', 'pythonpath')
[3.775s] INFO:colcon.colcon_core.shell:Creating environment hook '/home/leo11dk/Desktop/drobot/install/drobot_scan_2d/share/drobot_scan_2d/hook/pythonpath.ps1'
[3.776s] INFO:colcon.colcon_core.shell:Creating environment descriptor '/home/leo11dk/Desktop/drobot/install/drobot_scan_2d/share/drobot_scan_2d/hook/pythonpath.dsv'
[3.776s] INFO:colcon.colcon_core.shell:Creating environment hook '/home/leo11dk/Desktop/drobot/install/drobot_scan_2d/share/drobot_scan_2d/hook/pythonpath.sh'
[3.777s] Level 1:colcon.colcon_core.environment:checking '/home/leo11dk/Desktop/drobot/install/drobot_scan_2d/bin'
[3.777s] Level 1:colcon.colcon_core.environment:create_environment_scripts_only(drobot_scan_2d)
[3.777s] INFO:colcon.colcon_core.shell:Creating package script '/home/leo11dk/Desktop/drobot/install/drobot_scan_2d/share/drobot_scan_2d/package.ps1'
[3.777s] INFO:colcon.colcon_core.shell:Creating package descriptor '/home/leo11dk/Desktop/drobot/install/drobot_scan_2d/share/drobot_scan_2d/package.dsv'
[3.778s] INFO:colcon.colcon_core.shell:Creating package script '/home/leo11dk/Desktop/drobot/install/drobot_scan_2d/share/drobot_scan_2d/package.sh'
[3.778s] INFO:colcon.colcon_core.shell:Creating package script '/home/leo11dk/Desktop/drobot/install/drobot_scan_2d/share/drobot_scan_2d/package.bash'
[3.778s] INFO:colcon.colcon_core.shell:Creating package script '/home/leo11dk/Desktop/drobot/install/drobot_scan_2d/share/drobot_scan_2d/package.zsh'
[3.779s] Level 1:colcon.colcon_core.environment:create_file_with_runtime_dependencies(/home/leo11dk/Desktop/drobot/install/drobot_scan_2d/share/colcon-core/packages/drobot_scan_2d)
[3.869s] DEBUG:colcon.colcon_core.event_handler.log_command:Invoking command in '/home/leo11dk/Desktop/drobot/build/drobot_yolo': DEBUGINFOD_URLS=https://debuginfod.ubuntu.com PYTHONPATH=/home/leo11dk/Desktop/drobot/build/drobot_yolo/prefix_override:/usr/lib/python3/dist-packages/colcon_core/task/python/colcon_distutils_commands:/home/leo11dk/Desktop/drobot/install/drobot_yolo/lib/python3.12/site-packages:${PYTHONPATH} /usr/bin/python3 -W ignore:setup.py install is deprecated -W ignore:easy_install command is deprecated setup.py develop --editable --build-directory /home/leo11dk/Desktop/drobot/build/drobot_yolo/build --no-deps symlink_data
[4.310s] Level 1:colcon.colcon_core.shell:create_environment_hook('drobot_strategy', 'pythonpath_develop')
[4.310s] INFO:colcon.colcon_core.shell:Creating environment hook '/home/leo11dk/Desktop/drobot/build/drobot_strategy/share/drobot_strategy/hook/pythonpath_develop.ps1'
[4.310s] DEBUG:colcon.colcon_core.event_handler.log_command:Invoked command in '/home/leo11dk/Desktop/drobot/build/drobot_strategy' returned '0': DEBUGINFOD_URLS=https://debuginfod.ubuntu.com PYTHONPATH=/home/leo11dk/Desktop/drobot/build/drobot_strategy/prefix_override:/usr/lib/python3/dist-packages/colcon_core/task/python/colcon_distutils_commands:/home/leo11dk/Desktop/drobot/install/drobot_strategy/lib/python3.12/site-packages:${PYTHONPATH} /usr/bin/python3 -W ignore:setup.py install is deprecated -W ignore:easy_install command is deprecated setup.py develop --editable --build-directory /home/leo11dk/Desktop/drobot/build/drobot_strategy/build --no-deps symlink_data
[4.311s] INFO:colcon.colcon_core.shell:Creating environment descriptor '/home/leo11dk/Desktop/drobot/build/drobot_strategy/share/drobot_strategy/hook/pythonpath_develop.dsv'
[4.311s] INFO:colcon.colcon_core.shell:Creating environment hook '/home/leo11dk/Desktop/drobot/build/drobot_strategy/share/drobot_strategy/hook/pythonpath_develop.sh'
[4.311s] Level 1:colcon.colcon_core.environment:checking '/home/leo11dk/Desktop/drobot/install/drobot_strategy' for CMake module files
[4.312s] Level 1:colcon.colcon_core.environment:checking '/home/leo11dk/Desktop/drobot/install/drobot_strategy' for CMake config files
[4.312s] Level 1:colcon.colcon_core.environment:checking '/home/leo11dk/Desktop/drobot/install/drobot_strategy/lib'
[4.312s] Level 1:colcon.colcon_core.environment:checking '/home/leo11dk/Desktop/drobot/install/drobot_strategy/bin'
[4.312s] Level 1:colcon.colcon_core.environment:checking '/home/leo11dk/Desktop/drobot/install/drobot_strategy/lib/pkgconfig/drobot_strategy.pc'
[4.312s] Level 1:colcon.colcon_core.environment:checking '/home/leo11dk/Desktop/drobot/install/drobot_strategy/lib/python3.12/site-packages'
[4.313s] Level 1:colcon.colcon_core.shell:create_environment_hook('drobot_strategy', 'pythonpath')
[4.313s] INFO:colcon.colcon_core.shell:Creating environment hook '/home/leo11dk/Desktop/drobot/install/drobot_strategy/share/drobot_strategy/hook/pythonpath.ps1'
[4.313s] INFO:colcon.colcon_core.shell:Creating environment descriptor '/home/leo11dk/Desktop/drobot/install/drobot_strategy/share/drobot_strategy/hook/pythonpath.dsv'
[4.313s] INFO:colcon.colcon_core.shell:Creating environment hook '/home/leo11dk/Desktop/drobot/install/drobot_strategy/share/drobot_strategy/hook/pythonpath.sh'
[4.314s] Level 1:colcon.colcon_core.environment:checking '/home/leo11dk/Desktop/drobot/install/drobot_strategy/bin'
[4.314s] Level 1:colcon.colcon_core.environment:create_environment_scripts_only(drobot_strategy)
[4.314s] INFO:colcon.colcon_core.shell:Creating package script '/home/leo11dk/Desktop/drobot/install/drobot_strategy/share/drobot_strategy/package.ps1'
[4.315s] INFO:colcon.colcon_core.shell:Creating package descriptor '/home/leo11dk/Desktop/drobot/install/drobot_strategy/share/drobot_strategy/package.dsv'
[4.315s] INFO:colcon.colcon_core.shell:Creating package script '/home/leo11dk/Desktop/drobot/install/drobot_strategy/share/drobot_strategy/package.sh'
[4.315s] INFO:colcon.colcon_core.shell:Creating package script '/home/leo11dk/Desktop/drobot/install/drobot_strategy/share/drobot_strategy/package.bash'
[4.316s] INFO:colcon.colcon_core.shell:Creating package script '/home/leo11dk/Desktop/drobot/install/drobot_strategy/share/drobot_strategy/package.zsh'
[4.317s] Level 1:colcon.colcon_core.environment:create_file_with_runtime_dependencies(/home/leo11dk/Desktop/drobot/install/drobot_strategy/share/colcon-core/packages/drobot_strategy)
[4.669s] Level 1:colcon.colcon_core.shell:create_environment_hook('drobot_yolo', 'pythonpath_develop')
[4.670s] INFO:colcon.colcon_core.shell:Creating environment hook '/home/leo11dk/Desktop/drobot/build/drobot_yolo/share/drobot_yolo/hook/pythonpath_develop.ps1'
[4.670s] DEBUG:colcon.colcon_core.event_handler.log_command:Invoked command in '/home/leo11dk/Desktop/drobot/build/drobot_yolo' returned '0': DEBUGINFOD_URLS=https://debuginfod.ubuntu.com PYTHONPATH=/home/leo11dk/Desktop/drobot/build/drobot_yolo/prefix_override:/usr/lib/python3/dist-packages/colcon_core/task/python/colcon_distutils_commands:/home/leo11dk/Desktop/drobot/install/drobot_yolo/lib/python3.12/site-packages:${PYTHONPATH} /usr/bin/python3 -W ignore:setup.py install is deprecated -W ignore:easy_install command is deprecated setup.py develop --editable --build-directory /home/leo11dk/Desktop/drobot/build/drobot_yolo/build --no-deps symlink_data
[4.670s] INFO:colcon.colcon_core.shell:Creating environment descriptor '/home/leo11dk/Desktop/drobot/build/drobot_yolo/share/drobot_yolo/hook/pythonpath_develop.dsv'
[4.671s] INFO:colcon.colcon_core.shell:Creating environment hook '/home/leo11dk/Desktop/drobot/build/drobot_yolo/share/drobot_yolo/hook/pythonpath_develop.sh'
[4.671s] Level 1:colcon.colcon_core.environment:checking '/home/leo11dk/Desktop/drobot/install/drobot_yolo' for CMake module files
[4.671s] Level 1:colcon.colcon_core.environment:checking '/home/leo11dk/Desktop/drobot/install/drobot_yolo' for CMake config files
[4.672s] Level 1:colcon.colcon_core.environment:checking '/home/leo11dk/Desktop/drobot/install/drobot_yolo/lib'
[4.672s] Level 1:colcon.colcon_core.environment:checking '/home/leo11dk/Desktop/drobot/install/drobot_yolo/bin'
[4.672s] Level 1:colcon.colcon_core.environment:checking '/home/leo11dk/Desktop/drobot/install/drobot_yolo/lib/pkgconfig/drobot_yolo.pc'
[4.672s] Level 1:colcon.colcon_core.environment:checking '/home/leo11dk/Desktop/drobot/install/drobot_yolo/lib/python3.12/site-packages'
[4.672s] Level 1:colcon.colcon_core.shell:create_environment_hook('drobot_yolo', 'pythonpath')
[4.672s] INFO:colcon.colcon_core.shell:Creating environment hook '/home/leo11dk/Desktop/drobot/install/drobot_yolo/share/drobot_yolo/hook/pythonpath.ps1'
[4.673s] INFO:colcon.colcon_core.shell:Creating environment descriptor '/home/leo11dk/Desktop/drobot/install/drobot_yolo/share/drobot_yolo/hook/pythonpath.dsv'
[4.673s] INFO:colcon.colcon_core.shell:Creating environment hook '/home/leo11dk/Desktop/drobot/install/drobot_yolo/share/drobot_yolo/hook/pythonpath.sh'
[4.673s] Level 1:colcon.colcon_core.environment:checking '/home/leo11dk/Desktop/drobot/install/drobot_yolo/bin'
[4.674s] Level 1:colcon.colcon_core.environment:create_environment_scripts_only(drobot_yolo)
[4.674s] INFO:colcon.colcon_core.shell:Creating package script '/home/leo11dk/Desktop/drobot/install/drobot_yolo/share/drobot_yolo/package.ps1'
[4.674s] INFO:colcon.colcon_core.shell:Creating package descriptor '/home/leo11dk/Desktop/drobot/install/drobot_yolo/share/drobot_yolo/package.dsv'
[4.675s] INFO:colcon.colcon_core.shell:Creating package script '/home/leo11dk/Desktop/drobot/install/drobot_yolo/share/drobot_yolo/package.sh'
[4.675s] INFO:colcon.colcon_core.shell:Creating package script '/home/leo11dk/Desktop/drobot/install/drobot_yolo/share/drobot_yolo/package.bash'
[4.675s] INFO:colcon.colcon_core.shell:Creating package script '/home/leo11dk/Desktop/drobot/install/drobot_yolo/share/drobot_yolo/package.zsh'
[4.675s] Level 1:colcon.colcon_core.environment:create_file_with_runtime_dependencies(/home/leo11dk/Desktop/drobot/install/drobot_yolo/share/colcon-core/packages/drobot_yolo)
[4.676s] DEBUG:colcon.colcon_parallel_executor.executor.parallel:closing loop
[4.676s] DEBUG:colcon.colcon_parallel_executor.executor.parallel:loop closed
[4.676s] DEBUG:colcon.colcon_parallel_executor.executor.parallel:run_until_complete finished with '0'
[4.676s] DEBUG:colcon.colcon_core.event_reactor:joining thread
[4.681s] INFO:colcon.colcon_core.plugin_system:Skipping extension 'colcon_notification.desktop_notification.terminal_notifier': Not used on non-Darwin systems
[4.681s] INFO:colcon.colcon_core.plugin_system:Skipping extension 'colcon_notification.desktop_notification.win32': Not used on non-Windows systems
[4.681s] INFO:colcon.colcon_notification.desktop_notification:Sending desktop notification using 'notify2'
[4.695s] DEBUG:colcon.colcon_core.event_reactor:joined thread
[4.695s] INFO:colcon.colcon_core.shell:Creating prefix script '/home/leo11dk/Desktop/drobot/install/local_setup.ps1'
[4.696s] INFO:colcon.colcon_core.shell:Creating prefix util module '/home/leo11dk/Desktop/drobot/install/_local_setup_util_ps1.py'
[4.697s] INFO:colcon.colcon_core.shell:Creating prefix chain script '/home/leo11dk/Desktop/drobot/install/setup.ps1'
[4.698s] INFO:colcon.colcon_core.shell:Creating prefix script '/home/leo11dk/Desktop/drobot/install/local_setup.sh'
[4.698s] INFO:colcon.colcon_core.shell:Creating prefix util module '/home/leo11dk/Desktop/drobot/install/_local_setup_util_sh.py'
[4.699s] INFO:colcon.colcon_core.shell:Creating prefix chain script '/home/leo11dk/Desktop/drobot/install/setup.sh'
[4.700s] INFO:colcon.colcon_core.shell:Creating prefix script '/home/leo11dk/Desktop/drobot/install/local_setup.bash'
[4.700s] INFO:colcon.colcon_core.shell:Creating prefix chain script '/home/leo11dk/Desktop/drobot/install/setup.bash'
[4.702s] INFO:colcon.colcon_core.shell:Creating prefix script '/home/leo11dk/Desktop/drobot/install/local_setup.zsh'
[4.702s] INFO:colcon.colcon_core.shell:Creating prefix chain script '/home/leo11dk/Desktop/drobot/install/setup.zsh'
