running develop
running egg_info
creating drobot_bringup.egg-info
writing drobot_bringup.egg-info/PKG-INFO
writing dependency_links to drobot_bringup.egg-info/dependency_links.txt
writing entry points to drobot_bringup.egg-info/entry_points.txt
writing requirements to drobot_bringup.egg-info/requires.txt
writing top-level names to drobot_bringup.egg-info/top_level.txt
writing manifest file 'drobot_bringup.egg-info/SOURCES.txt'
reading manifest file 'drobot_bringup.egg-info/SOURCES.txt'
writing manifest file 'drobot_bringup.egg-info/SOURCES.txt'
running build_ext
Creating /home/leo11dk/Desktop/drobot/install/drobot_bringup/lib/python3.12/site-packages/drobot-bringup.egg-link (link to .)
Installing world_ui script to /home/leo11dk/Desktop/drobot/install/drobot_bringup/lib/drobot_bringup

Installed /home/leo11dk/Desktop/drobot/build/drobot_bringup
running symlink_data
creating /home/leo11dk/Desktop/drobot/install/drobot_bringup/share/ament_index
creating /home/leo11dk/Desktop/drobot/install/drobot_bringup/share/ament_index/resource_index
creating /home/leo11dk/Desktop/drobot/install/drobot_bringup/share/ament_index/resource_index/packages
symbolically linking /home/leo11dk/Desktop/drobot/build/drobot_bringup/resource/drobot_bringup -> /home/leo11dk/Desktop/drobot/install/drobot_bringup/share/ament_index/resource_index/packages
symbolically linking /home/leo11dk/Desktop/drobot/build/drobot_bringup/package.xml -> /home/leo11dk/Desktop/drobot/install/drobot_bringup/share/drobot_bringup
creating /home/leo11dk/Desktop/drobot/install/drobot_bringup/share/drobot_bringup/launch
symbolically linking /home/leo11dk/Desktop/drobot/build/drobot_bringup/launch/bringup.launch.py -> /home/leo11dk/Desktop/drobot/install/drobot_bringup/share/drobot_bringup/launch
