[7.958s] Invoking command in '/home/leo11dk/Desktop/drobot/src/drobot_scan_3d': DEBUGINFOD_URLS=https://debuginfod.ubuntu.com PYTHONPATH=/home/leo11dk/Desktop/drobot/build/drobot_scan_3d/prefix_override:/usr/lib/python3/dist-packages/colcon_core/task/python/colcon_distutils_commands:/home/leo11dk/Desktop/drobot/install/drobot_scan_3d/lib/python3.12/site-packages:${PYTHONPATH} /usr/bin/python3 -W ignore:setup.py install is deprecated -W ignore:easy_install command is deprecated setup.py egg_info --egg-base ../../build/drobot_scan_3d build --build-base /home/leo11dk/Desktop/drobot/build/drobot_scan_3d/build install --record /home/leo11dk/Desktop/drobot/build/drobot_scan_3d/install.log --single-version-externally-managed install_data
[8.610s] running egg_info
[8.610s] creating ../../build/drobot_scan_3d/drobot_scan_3d.egg-info
[8.610s] writing ../../build/drobot_scan_3d/drobot_scan_3d.egg-info/PKG-INFO
[8.610s] writing dependency_links to ../../build/drobot_scan_3d/drobot_scan_3d.egg-info/dependency_links.txt
[8.610s] writing requirements to ../../build/drobot_scan_3d/drobot_scan_3d.egg-info/requires.txt
[8.610s] writing top-level names to ../../build/drobot_scan_3d/drobot_scan_3d.egg-info/top_level.txt
[8.610s] writing manifest file '../../build/drobot_scan_3d/drobot_scan_3d.egg-info/SOURCES.txt'
[8.610s] reading manifest file '../../build/drobot_scan_3d/drobot_scan_3d.egg-info/SOURCES.txt'
[8.610s] writing manifest file '../../build/drobot_scan_3d/drobot_scan_3d.egg-info/SOURCES.txt'
[8.611s] running build
[8.611s] running build_py
[8.611s] creating /home/leo11dk/Desktop/drobot/build/drobot_scan_3d/build
[8.611s] creating /home/leo11dk/Desktop/drobot/build/drobot_scan_3d/build/lib
[8.611s] creating /home/leo11dk/Desktop/drobot/build/drobot_scan_3d/build/lib/drobot_scan_3d
[8.611s] copying drobot_scan_3d/__init__.py -> /home/leo11dk/Desktop/drobot/build/drobot_scan_3d/build/lib/drobot_scan_3d
[8.611s] running install
[8.611s] running install_lib
[8.611s] creating /home/leo11dk/Desktop/drobot/install/drobot_scan_3d/lib/python3.12/site-packages/drobot_scan_3d
[8.611s] copying /home/leo11dk/Desktop/drobot/build/drobot_scan_3d/build/lib/drobot_scan_3d/__init__.py -> /home/leo11dk/Desktop/drobot/install/drobot_scan_3d/lib/python3.12/site-packages/drobot_scan_3d
[8.611s] byte-compiling /home/leo11dk/Desktop/drobot/install/drobot_scan_3d/lib/python3.12/site-packages/drobot_scan_3d/__init__.py to __init__.cpython-312.pyc
[8.611s] running install_data
[8.611s] creating /home/leo11dk/Desktop/drobot/install/drobot_scan_3d/share/ament_index
[8.611s] creating /home/leo11dk/Desktop/drobot/install/drobot_scan_3d/share/ament_index/resource_index
[8.611s] creating /home/leo11dk/Desktop/drobot/install/drobot_scan_3d/share/ament_index/resource_index/packages
[8.611s] copying resource/drobot_scan_3d -> /home/leo11dk/Desktop/drobot/install/drobot_scan_3d/share/ament_index/resource_index/packages
[8.612s] copying package.xml -> /home/leo11dk/Desktop/drobot/install/drobot_scan_3d/share/drobot_scan_3d
[8.615s] running install_egg_info
[8.615s] Copying ../../build/drobot_scan_3d/drobot_scan_3d.egg-info to /home/leo11dk/Desktop/drobot/install/drobot_scan_3d/lib/python3.12/site-packages/drobot_scan_3d-0.0.0-py3.12.egg-info
[8.615s] running install_scripts
[8.620s] writing list of installed files to '/home/leo11dk/Desktop/drobot/build/drobot_scan_3d/install.log'
[8.898s] Invoked command in '/home/leo11dk/Desktop/drobot/src/drobot_scan_3d' returned '0': DEBUGINFOD_URLS=https://debuginfod.ubuntu.com PYTHONPATH=/home/leo11dk/Desktop/drobot/build/drobot_scan_3d/prefix_override:/usr/lib/python3/dist-packages/colcon_core/task/python/colcon_distutils_commands:/home/leo11dk/Desktop/drobot/install/drobot_scan_3d/lib/python3.12/site-packages:${PYTHONPATH} /usr/bin/python3 -W ignore:setup.py install is deprecated -W ignore:easy_install command is deprecated setup.py egg_info --egg-base ../../build/drobot_scan_3d build --build-base /home/leo11dk/Desktop/drobot/build/drobot_scan_3d/build install --record /home/leo11dk/Desktop/drobot/build/drobot_scan_3d/install.log --single-version-externally-managed install_data
