running egg_info
creating ../../build/drobot_bringup/drobot_bringup.egg-info
writing ../../build/drobot_bringup/drobot_bringup.egg-info/PKG-INFO
writing dependency_links to ../../build/drobot_bringup/drobot_bringup.egg-info/dependency_links.txt
writing requirements to ../../build/drobot_bringup/drobot_bringup.egg-info/requires.txt
writing top-level names to ../../build/drobot_bringup/drobot_bringup.egg-info/top_level.txt
writing manifest file '../../build/drobot_bringup/drobot_bringup.egg-info/SOURCES.txt'
reading manifest file '../../build/drobot_bringup/drobot_bringup.egg-info/SOURCES.txt'
writing manifest file '../../build/drobot_bringup/drobot_bringup.egg-info/SOURCES.txt'
running build
running build_py
creating /home/leo11dk/Desktop/drobot/build/drobot_bringup/build
creating /home/leo11dk/Desktop/drobot/build/drobot_bringup/build/lib
creating /home/leo11dk/Desktop/drobot/build/drobot_bringup/build/lib/drobot_bringup
copying drobot_bringup/__init__.py -> /home/leo11dk/Desktop/drobot/build/drobot_bringup/build/lib/drobot_bringup
running install
running install_lib
creating /home/leo11dk/Desktop/drobot/install/drobot_bringup/lib/python3.12/site-packages/drobot_bringup
copying /home/leo11dk/Desktop/drobot/build/drobot_bringup/build/lib/drobot_bringup/__init__.py -> /home/leo11dk/Desktop/drobot/install/drobot_bringup/lib/python3.12/site-packages/drobot_bringup
byte-compiling /home/leo11dk/Desktop/drobot/install/drobot_bringup/lib/python3.12/site-packages/drobot_bringup/__init__.py to __init__.cpython-312.pyc
running install_data
creating /home/leo11dk/Desktop/drobot/install/drobot_bringup/share/ament_index
creating /home/leo11dk/Desktop/drobot/install/drobot_bringup/share/ament_index/resource_index
creating /home/leo11dk/Desktop/drobot/install/drobot_bringup/share/ament_index/resource_index/packages
copying resource/drobot_bringup -> /home/leo11dk/Desktop/drobot/install/drobot_bringup/share/ament_index/resource_index/packages
copying package.xml -> /home/leo11dk/Desktop/drobot/install/drobot_bringup/share/drobot_bringup
running install_egg_info
Copying ../../build/drobot_bringup/drobot_bringup.egg-info to /home/leo11dk/Desktop/drobot/install/drobot_bringup/lib/python3.12/site-packages/drobot_bringup-0.0.0-py3.12.egg-info
running install_scripts
writing list of installed files to '/home/leo11dk/Desktop/drobot/build/drobot_bringup/install.log'
