[2.178s] Invoking command in '/home/leo11dk/Desktop/drobot/src/drobot_bringup': DEBUGINFOD_URLS=https://debuginfod.ubuntu.com PYTHONPATH=/home/leo11dk/Desktop/drobot/build/drobot_bringup/prefix_override:/usr/lib/python3/dist-packages/colcon_core/task/python/colcon_distutils_commands:/home/leo11dk/Desktop/drobot/install/drobot_bringup/lib/python3.12/site-packages:${PYTHONPATH} /usr/bin/python3 -W ignore:setup.py install is deprecated -W ignore:easy_install command is deprecated setup.py egg_info --egg-base ../../build/drobot_bringup build --build-base /home/leo11dk/Desktop/drobot/build/drobot_bringup/build install --record /home/leo11dk/Desktop/drobot/build/drobot_bringup/install.log --single-version-externally-managed install_data
[2.681s] running egg_info
[2.682s] creating ../../build/drobot_bringup/drobot_bringup.egg-info
[2.707s] writing ../../build/drobot_bringup/drobot_bringup.egg-info/PKG-INFO
[2.707s] writing dependency_links to ../../build/drobot_bringup/drobot_bringup.egg-info/dependency_links.txt
[2.708s] writing requirements to ../../build/drobot_bringup/drobot_bringup.egg-info/requires.txt
[2.708s] writing top-level names to ../../build/drobot_bringup/drobot_bringup.egg-info/top_level.txt
[2.711s] writing manifest file '../../build/drobot_bringup/drobot_bringup.egg-info/SOURCES.txt'
[2.763s] reading manifest file '../../build/drobot_bringup/drobot_bringup.egg-info/SOURCES.txt'
[2.764s] writing manifest file '../../build/drobot_bringup/drobot_bringup.egg-info/SOURCES.txt'
[2.765s] running build
[2.765s] running build_py
[2.765s] creating /home/leo11dk/Desktop/drobot/build/drobot_bringup/build
[2.765s] creating /home/leo11dk/Desktop/drobot/build/drobot_bringup/build/lib
[2.766s] creating /home/leo11dk/Desktop/drobot/build/drobot_bringup/build/lib/drobot_bringup
[2.766s] copying drobot_bringup/__init__.py -> /home/leo11dk/Desktop/drobot/build/drobot_bringup/build/lib/drobot_bringup
[2.767s] running install
[2.776s] running install_lib
[2.802s] creating /home/leo11dk/Desktop/drobot/install/drobot_bringup/lib/python3.12/site-packages/drobot_bringup
[2.802s] copying /home/leo11dk/Desktop/drobot/build/drobot_bringup/build/lib/drobot_bringup/__init__.py -> /home/leo11dk/Desktop/drobot/install/drobot_bringup/lib/python3.12/site-packages/drobot_bringup
[2.806s] byte-compiling /home/leo11dk/Desktop/drobot/install/drobot_bringup/lib/python3.12/site-packages/drobot_bringup/__init__.py to __init__.cpython-312.pyc
[2.806s] running install_data
[2.806s] creating /home/leo11dk/Desktop/drobot/install/drobot_bringup/share/ament_index
[2.806s] creating /home/leo11dk/Desktop/drobot/install/drobot_bringup/share/ament_index/resource_index
[2.806s] creating /home/leo11dk/Desktop/drobot/install/drobot_bringup/share/ament_index/resource_index/packages
[2.806s] copying resource/drobot_bringup -> /home/leo11dk/Desktop/drobot/install/drobot_bringup/share/ament_index/resource_index/packages
[2.806s] copying package.xml -> /home/leo11dk/Desktop/drobot/install/drobot_bringup/share/drobot_bringup
[2.806s] running install_egg_info
[2.832s] Copying ../../build/drobot_bringup/drobot_bringup.egg-info to /home/leo11dk/Desktop/drobot/install/drobot_bringup/lib/python3.12/site-packages/drobot_bringup-0.0.0-py3.12.egg-info
[2.833s] running install_scripts
[3.006s] writing list of installed files to '/home/leo11dk/Desktop/drobot/build/drobot_bringup/install.log'
[3.062s] Invoked command in '/home/leo11dk/Desktop/drobot/src/drobot_bringup' returned '0': DEBUGINFOD_URLS=https://debuginfod.ubuntu.com PYTHONPATH=/home/leo11dk/Desktop/drobot/build/drobot_bringup/prefix_override:/usr/lib/python3/dist-packages/colcon_core/task/python/colcon_distutils_commands:/home/leo11dk/Desktop/drobot/install/drobot_bringup/lib/python3.12/site-packages:${PYTHONPATH} /usr/bin/python3 -W ignore:setup.py install is deprecated -W ignore:easy_install command is deprecated setup.py egg_info --egg-base ../../build/drobot_bringup build --build-base /home/leo11dk/Desktop/drobot/build/drobot_bringup/build install --record /home/leo11dk/Desktop/drobot/build/drobot_bringup/install.log --single-version-externally-managed install_data
