[1.469s] Invoking command in '/home/leo11dk/Desktop/drobot/src/drobot_strategy': DEBUGINFOD_URLS=https://debuginfod.ubuntu.com PYTHONPATH=/home/leo11dk/Desktop/drobot/build/drobot_strategy/prefix_override:/usr/lib/python3/dist-packages/colcon_core/task/python/colcon_distutils_commands:/home/leo11dk/Desktop/drobot/install/drobot_strategy/lib/python3.12/site-packages:${PYTHONPATH} /usr/bin/python3 -W ignore:setup.py install is deprecated -W ignore:easy_install command is deprecated setup.py egg_info --egg-base ../../build/drobot_strategy build --build-base /home/leo11dk/Desktop/drobot/build/drobot_strategy/build install --record /home/leo11dk/Desktop/drobot/build/drobot_strategy/install.log --single-version-externally-managed install_data
[1.785s] running egg_info
[1.786s] creating ../../build/drobot_strategy/drobot_strategy.egg-info
[1.811s] writing ../../build/drobot_strategy/drobot_strategy.egg-info/PKG-INFO
[1.811s] writing dependency_links to ../../build/drobot_strategy/drobot_strategy.egg-info/dependency_links.txt
[1.811s] writing requirements to ../../build/drobot_strategy/drobot_strategy.egg-info/requires.txt
[1.811s] writing top-level names to ../../build/drobot_strategy/drobot_strategy.egg-info/top_level.txt
[1.811s] writing manifest file '../../build/drobot_strategy/drobot_strategy.egg-info/SOURCES.txt'
[1.862s] reading manifest file '../../build/drobot_strategy/drobot_strategy.egg-info/SOURCES.txt'
[1.864s] writing manifest file '../../build/drobot_strategy/drobot_strategy.egg-info/SOURCES.txt'
[1.864s] running build
[1.864s] running build_py
[1.864s] creating /home/leo11dk/Desktop/drobot/build/drobot_strategy/build
[1.865s] creating /home/leo11dk/Desktop/drobot/build/drobot_strategy/build/lib
[1.865s] creating /home/leo11dk/Desktop/drobot/build/drobot_strategy/build/lib/drobot_strategy
[1.865s] copying drobot_strategy/__init__.py -> /home/leo11dk/Desktop/drobot/build/drobot_strategy/build/lib/drobot_strategy
[1.865s] running install
[1.871s] running install_lib
[1.898s] creating /home/leo11dk/Desktop/drobot/install/drobot_strategy/lib/python3.12/site-packages/drobot_strategy
[1.898s] copying /home/leo11dk/Desktop/drobot/build/drobot_strategy/build/lib/drobot_strategy/__init__.py -> /home/leo11dk/Desktop/drobot/install/drobot_strategy/lib/python3.12/site-packages/drobot_strategy
[1.898s] byte-compiling /home/leo11dk/Desktop/drobot/install/drobot_strategy/lib/python3.12/site-packages/drobot_strategy/__init__.py to __init__.cpython-312.pyc
[1.898s] running install_data
[1.898s] creating /home/leo11dk/Desktop/drobot/install/drobot_strategy/share/ament_index
[1.898s] creating /home/leo11dk/Desktop/drobot/install/drobot_strategy/share/ament_index/resource_index
[1.898s] creating /home/leo11dk/Desktop/drobot/install/drobot_strategy/share/ament_index/resource_index/packages
[1.899s] copying resource/drobot_strategy -> /home/leo11dk/Desktop/drobot/install/drobot_strategy/share/ament_index/resource_index/packages
[1.899s] copying package.xml -> /home/leo11dk/Desktop/drobot/install/drobot_strategy/share/drobot_strategy
[1.899s] running install_egg_info
[1.929s] Copying ../../build/drobot_strategy/drobot_strategy.egg-info to /home/leo11dk/Desktop/drobot/install/drobot_strategy/lib/python3.12/site-packages/drobot_strategy-0.0.0-py3.12.egg-info
[1.930s] running install_scripts
[2.094s] writing list of installed files to '/home/leo11dk/Desktop/drobot/build/drobot_strategy/install.log'
[2.136s] Invoked command in '/home/leo11dk/Desktop/drobot/src/drobot_strategy' returned '0': DEBUGINFOD_URLS=https://debuginfod.ubuntu.com PYTHONPATH=/home/leo11dk/Desktop/drobot/build/drobot_strategy/prefix_override:/usr/lib/python3/dist-packages/colcon_core/task/python/colcon_distutils_commands:/home/leo11dk/Desktop/drobot/install/drobot_strategy/lib/python3.12/site-packages:${PYTHONPATH} /usr/bin/python3 -W ignore:setup.py install is deprecated -W ignore:easy_install command is deprecated setup.py egg_info --egg-base ../../build/drobot_strategy build --build-base /home/leo11dk/Desktop/drobot/build/drobot_strategy/build install --record /home/leo11dk/Desktop/drobot/build/drobot_strategy/install.log --single-version-externally-managed install_data
