[0.943s] Invoking command in '/home/leo11dk/Desktop/drobot/build/drobot_simulation': CMAKE_PREFIX_PATH=${CMAKE_PREFIX_PATH}:/opt/ros/jazzy DEBUGINFOD_URLS=https://debuginfod.ubuntu.com /usr/bin/cmake --build /home/leo11dk/Desktop/drobot/build/drobot_simulation -- -j6 -l6
[0.994s] Invoked command in '/home/leo11dk/Desktop/drobot/build/drobot_simulation' returned '0': CMAKE_PREFIX_PATH=${CMAKE_PREFIX_PATH}:/opt/ros/jazzy DEBUGINFOD_URLS=https://debuginfod.ubuntu.com /usr/bin/cmake --build /home/leo11dk/Desktop/drobot/build/drobot_simulation -- -j6 -l6
[0.995s] Invoking command in '/home/leo11dk/Desktop/drobot/build/drobot_simulation': CMAKE_PREFIX_PATH=${CMAKE_PREFIX_PATH}:/opt/ros/jazzy DEBUGINFOD_URLS=https://debuginfod.ubuntu.com /usr/bin/cmake --install /home/leo11dk/Desktop/drobot/build/drobot_simulation
[1.270s] -- Install configuration: ""
[1.272s] -- Up-to-date: /home/leo11dk/Desktop/drobot/install/drobot_simulation/share/ament_index/resource_index/package_run_dependencies/drobot_simulation
[1.272s] -- Up-to-date: /home/leo11dk/Desktop/drobot/install/drobot_simulation/share/ament_index/resource_index/parent_prefix_path/drobot_simulation
[1.272s] -- Up-to-date: /home/leo11dk/Desktop/drobot/install/drobot_simulation/share/drobot_simulation/environment/ament_prefix_path.sh
[1.272s] -- Up-to-date: /home/leo11dk/Desktop/drobot/install/drobot_simulation/share/drobot_simulation/environment/ament_prefix_path.dsv
[1.272s] -- Up-to-date: /home/leo11dk/Desktop/drobot/install/drobot_simulation/share/drobot_simulation/environment/path.sh
[1.274s] -- Up-to-date: /home/leo11dk/Desktop/drobot/install/drobot_simulation/share/drobot_simulation/environment/path.dsv
[1.274s] -- Up-to-date: /home/leo11dk/Desktop/drobot/install/drobot_simulation/share/drobot_simulation/local_setup.bash
[1.274s] -- Up-to-date: /home/leo11dk/Desktop/drobot/install/drobot_simulation/share/drobot_simulation/local_setup.sh
[1.274s] -- Up-to-date: /home/leo11dk/Desktop/drobot/install/drobot_simulation/share/drobot_simulation/local_setup.zsh
[1.274s] -- Up-to-date: /home/leo11dk/Desktop/drobot/install/drobot_simulation/share/drobot_simulation/local_setup.dsv
[1.274s] -- Up-to-date: /home/leo11dk/Desktop/drobot/install/drobot_simulation/share/drobot_simulation/package.dsv
[1.274s] -- Up-to-date: /home/leo11dk/Desktop/drobot/install/drobot_simulation/share/ament_index/resource_index/packages/drobot_simulation
[1.274s] -- Up-to-date: /home/leo11dk/Desktop/drobot/install/drobot_simulation/share/drobot_simulation/cmake/drobot_simulationConfig.cmake
[1.274s] -- Up-to-date: /home/leo11dk/Desktop/drobot/install/drobot_simulation/share/drobot_simulation/cmake/drobot_simulationConfig-version.cmake
[1.275s] -- Up-to-date: /home/leo11dk/Desktop/drobot/install/drobot_simulation/share/drobot_simulation/package.xml
[1.275s] Invoked command in '/home/leo11dk/Desktop/drobot/build/drobot_simulation' returned '0': CMAKE_PREFIX_PATH=${CMAKE_PREFIX_PATH}:/opt/ros/jazzy DEBUGINFOD_URLS=https://debuginfod.ubuntu.com /usr/bin/cmake --install /home/leo11dk/Desktop/drobot/build/drobot_simulation
