[0.984s] Invoking command in '/home/leo11dk/Desktop/drobot/build/drobot_simulation': CMAKE_PREFIX_PATH=${CMAKE_PREFIX_PATH}:/opt/ros/jazzy DEBUGINFOD_URLS=https://debuginfod.ubuntu.com /usr/bin/cmake /home/leo11dk/Desktop/drobot/src/drobot_simulation -DCMAKE_INSTALL_PREFIX=/home/leo11dk/Desktop/drobot/install/drobot_simulation
[1.426s] -- The C compiler identification is GNU 13.3.0
[2.345s] -- The CXX compiler identification is GNU 13.3.0
[2.602s] -- Detecting C compiler ABI info
[2.758s] -- Detecting C compiler ABI info - done
[2.768s] -- Check for working C compiler: /usr/bin/cc - skipped
[2.769s] -- Detecting C compile features
[2.769s] -- Detecting C compile features - done
[2.796s] -- Detecting CXX compiler ABI info
[2.944s] -- Detecting CXX compiler ABI info - done
[2.954s] -- Check for working CXX compiler: /usr/bin/c++ - skipped
[2.954s] -- Detecting CXX compile features
[2.954s] -- Detecting CXX compile features - done
[3.600s] -- Found ament_cmake: 2.5.5 (/opt/ros/jazzy/share/ament_cmake/cmake)
[4.055s] -- Found Python3: /usr/bin/python3 (found version "3.12.3") found components: Interpreter 
[4.959s] -- Found ament_lint_auto: 0.17.4 (/opt/ros/jazzy/share/ament_lint_auto/cmake)
[5.527s] -- Added test 'lint_cmake' to check CMake code style
[5.556s] -- Added test 'xmllint' to check XML markup files
[5.572s] -- Configuring done (4.6s)
[5.580s] -- Generating done (0.0s)
[5.584s] -- Build files have been written to: /home/leo11dk/Desktop/drobot/build/drobot_simulation
[5.593s] Invoked command in '/home/leo11dk/Desktop/drobot/build/drobot_simulation' returned '0': CMAKE_PREFIX_PATH=${CMAKE_PREFIX_PATH}:/opt/ros/jazzy DEBUGINFOD_URLS=https://debuginfod.ubuntu.com /usr/bin/cmake /home/leo11dk/Desktop/drobot/src/drobot_simulation -DCMAKE_INSTALL_PREFIX=/home/leo11dk/Desktop/drobot/install/drobot_simulation
[5.594s] Invoking command in '/home/leo11dk/Desktop/drobot/build/drobot_simulation': CMAKE_PREFIX_PATH=${CMAKE_PREFIX_PATH}:/opt/ros/jazzy DEBUGINFOD_URLS=https://debuginfod.ubuntu.com /usr/bin/cmake --build /home/leo11dk/Desktop/drobot/build/drobot_simulation -- -j6 -l6
[5.639s] Invoked command in '/home/leo11dk/Desktop/drobot/build/drobot_simulation' returned '0': CMAKE_PREFIX_PATH=${CMAKE_PREFIX_PATH}:/opt/ros/jazzy DEBUGINFOD_URLS=https://debuginfod.ubuntu.com /usr/bin/cmake --build /home/leo11dk/Desktop/drobot/build/drobot_simulation -- -j6 -l6
[5.649s] Invoking command in '/home/leo11dk/Desktop/drobot/build/drobot_simulation': CMAKE_PREFIX_PATH=${CMAKE_PREFIX_PATH}:/opt/ros/jazzy DEBUGINFOD_URLS=https://debuginfod.ubuntu.com /usr/bin/cmake --install /home/leo11dk/Desktop/drobot/build/drobot_simulation
[5.657s] -- Install configuration: ""
[5.657s] -- Installing: /home/leo11dk/Desktop/drobot/install/drobot_simulation/share/ament_index/resource_index/package_run_dependencies/drobot_simulation
[5.657s] -- Installing: /home/leo11dk/Desktop/drobot/install/drobot_simulation/share/ament_index/resource_index/parent_prefix_path/drobot_simulation
[5.657s] -- Installing: /home/leo11dk/Desktop/drobot/install/drobot_simulation/share/drobot_simulation/environment/ament_prefix_path.sh
[5.658s] -- Installing: /home/leo11dk/Desktop/drobot/install/drobot_simulation/share/drobot_simulation/environment/ament_prefix_path.dsv
[5.658s] -- Installing: /home/leo11dk/Desktop/drobot/install/drobot_simulation/share/drobot_simulation/environment/path.sh
[5.658s] -- Installing: /home/leo11dk/Desktop/drobot/install/drobot_simulation/share/drobot_simulation/environment/path.dsv
[5.658s] -- Installing: /home/leo11dk/Desktop/drobot/install/drobot_simulation/share/drobot_simulation/local_setup.bash
[5.658s] -- Installing: /home/leo11dk/Desktop/drobot/install/drobot_simulation/share/drobot_simulation/local_setup.sh
[5.658s] -- Installing: /home/leo11dk/Desktop/drobot/install/drobot_simulation/share/drobot_simulation/local_setup.zsh
[5.659s] -- Installing: /home/leo11dk/Desktop/drobot/install/drobot_simulation/share/drobot_simulation/local_setup.dsv
[5.659s] -- Installing: /home/leo11dk/Desktop/drobot/install/drobot_simulation/share/drobot_simulation/package.dsv
[5.659s] -- Installing: /home/leo11dk/Desktop/drobot/install/drobot_simulation/share/ament_index/resource_index/packages/drobot_simulation
[5.659s] -- Installing: /home/leo11dk/Desktop/drobot/install/drobot_simulation/share/drobot_simulation/cmake/drobot_simulationConfig.cmake
[5.659s] -- Installing: /home/leo11dk/Desktop/drobot/install/drobot_simulation/share/drobot_simulation/cmake/drobot_simulationConfig-version.cmake
[5.659s] -- Installing: /home/leo11dk/Desktop/drobot/install/drobot_simulation/share/drobot_simulation/package.xml
[5.661s] Invoked command in '/home/leo11dk/Desktop/drobot/build/drobot_simulation' returned '0': CMAKE_PREFIX_PATH=${CMAKE_PREFIX_PATH}:/opt/ros/jazzy DEBUGINFOD_URLS=https://debuginfod.ubuntu.com /usr/bin/cmake --install /home/leo11dk/Desktop/drobot/build/drobot_simulation
