[2.155s] Invoking command in '/home/leo11dk/Desktop/drobot/src/drobot_scan_2d': DEBUGINFOD_URLS=https://debuginfod.ubuntu.com PYTHONPATH=/home/leo11dk/Desktop/drobot/build/drobot_scan_2d/prefix_override:/usr/lib/python3/dist-packages/colcon_core/task/python/colcon_distutils_commands:/home/leo11dk/Desktop/drobot/install/drobot_scan_2d/lib/python3.12/site-packages:${PYTHONPATH} /usr/bin/python3 -W ignore:setup.py install is deprecated -W ignore:easy_install command is deprecated setup.py egg_info --egg-base ../../build/drobot_scan_2d build --build-base /home/leo11dk/Desktop/drobot/build/drobot_scan_2d/build install --record /home/leo11dk/Desktop/drobot/build/drobot_scan_2d/install.log --single-version-externally-managed install_data
[2.626s] running egg_info
[2.627s] creating ../../build/drobot_scan_2d/drobot_scan_2d.egg-info
[2.655s] writing ../../build/drobot_scan_2d/drobot_scan_2d.egg-info/PKG-INFO
[2.655s] writing dependency_links to ../../build/drobot_scan_2d/drobot_scan_2d.egg-info/dependency_links.txt
[2.656s] writing requirements to ../../build/drobot_scan_2d/drobot_scan_2d.egg-info/requires.txt
[2.656s] writing top-level names to ../../build/drobot_scan_2d/drobot_scan_2d.egg-info/top_level.txt
[2.657s] writing manifest file '../../build/drobot_scan_2d/drobot_scan_2d.egg-info/SOURCES.txt'
[2.713s] reading manifest file '../../build/drobot_scan_2d/drobot_scan_2d.egg-info/SOURCES.txt'
[2.714s] writing manifest file '../../build/drobot_scan_2d/drobot_scan_2d.egg-info/SOURCES.txt'
[2.714s] running build
[2.714s] running build_py
[2.714s] creating /home/leo11dk/Desktop/drobot/build/drobot_scan_2d/build
[2.714s] creating /home/leo11dk/Desktop/drobot/build/drobot_scan_2d/build/lib
[2.716s] creating /home/leo11dk/Desktop/drobot/build/drobot_scan_2d/build/lib/drobot_scan_2d
[2.716s] copying drobot_scan_2d/__init__.py -> /home/leo11dk/Desktop/drobot/build/drobot_scan_2d/build/lib/drobot_scan_2d
[2.716s] running install
[2.723s] running install_lib
[2.752s] creating /home/leo11dk/Desktop/drobot/install/drobot_scan_2d/lib/python3.12/site-packages/drobot_scan_2d
[2.752s] copying /home/leo11dk/Desktop/drobot/build/drobot_scan_2d/build/lib/drobot_scan_2d/__init__.py -> /home/leo11dk/Desktop/drobot/install/drobot_scan_2d/lib/python3.12/site-packages/drobot_scan_2d
[2.753s] byte-compiling /home/leo11dk/Desktop/drobot/install/drobot_scan_2d/lib/python3.12/site-packages/drobot_scan_2d/__init__.py to __init__.cpython-312.pyc
[2.753s] running install_data
[2.754s] creating /home/leo11dk/Desktop/drobot/install/drobot_scan_2d/share/ament_index
[2.754s] creating /home/leo11dk/Desktop/drobot/install/drobot_scan_2d/share/ament_index/resource_index
[2.754s] creating /home/leo11dk/Desktop/drobot/install/drobot_scan_2d/share/ament_index/resource_index/packages
[2.755s] copying resource/drobot_scan_2d -> /home/leo11dk/Desktop/drobot/install/drobot_scan_2d/share/ament_index/resource_index/packages
[2.755s] copying package.xml -> /home/leo11dk/Desktop/drobot/install/drobot_scan_2d/share/drobot_scan_2d
[2.755s] running install_egg_info
[2.791s] Copying ../../build/drobot_scan_2d/drobot_scan_2d.egg-info to /home/leo11dk/Desktop/drobot/install/drobot_scan_2d/lib/python3.12/site-packages/drobot_scan_2d-0.0.0-py3.12.egg-info
[2.791s] running install_scripts
[2.987s] writing list of installed files to '/home/leo11dk/Desktop/drobot/build/drobot_scan_2d/install.log'
[3.031s] Invoked command in '/home/leo11dk/Desktop/drobot/src/drobot_scan_2d' returned '0': DEBUGINFOD_URLS=https://debuginfod.ubuntu.com PYTHONPATH=/home/leo11dk/Desktop/drobot/build/drobot_scan_2d/prefix_override:/usr/lib/python3/dist-packages/colcon_core/task/python/colcon_distutils_commands:/home/leo11dk/Desktop/drobot/install/drobot_scan_2d/lib/python3.12/site-packages:${PYTHONPATH} /usr/bin/python3 -W ignore:setup.py install is deprecated -W ignore:easy_install command is deprecated setup.py egg_info --egg-base ../../build/drobot_scan_2d build --build-base /home/leo11dk/Desktop/drobot/build/drobot_scan_2d/build install --record /home/leo11dk/Desktop/drobot/build/drobot_scan_2d/install.log --single-version-externally-managed install_data
