[0.496s] Invoking command in '/home/leo11dk/Desktop/drobot/build/drobot_description': CMAKE_PREFIX_PATH=${CMAKE_PREFIX_PATH}:/opt/ros/jazzy DEBUGINFOD_URLS=https://debuginfod.ubuntu.com /usr/bin/cmake /home/leo11dk/Desktop/drobot/src/drobot_description -DCMAKE_INSTALL_PREFIX=/home/leo11dk/Desktop/drobot/install/drobot_description
[1.439s] -- The C compiler identification is GNU 13.3.0
[2.358s] -- The CXX compiler identification is GNU 13.3.0
[2.613s] -- Detecting C compiler ABI info
[2.771s] -- Detecting C compiler ABI info - done
[2.780s] -- Check for working C compiler: /usr/bin/cc - skipped
[2.781s] -- Detecting C compile features
[2.782s] -- Detecting C compile features - done
[2.809s] -- Detecting CXX compiler ABI info
[2.956s] -- Detecting CXX compiler ABI info - done
[2.966s] -- Check for working CXX compiler: /usr/bin/c++ - skipped
[2.966s] -- Detecting CXX compile features
[2.967s] -- Detecting CXX compile features - done
[3.612s] -- Found ament_cmake: 2.5.5 (/opt/ros/jazzy/share/ament_cmake/cmake)
[4.068s] -- Found Python3: /usr/bin/python3 (found version "3.12.3") found components: Interpreter 
[4.972s] -- Found ament_lint_auto: 0.17.4 (/opt/ros/jazzy/share/ament_lint_auto/cmake)
[5.539s] -- Added test 'lint_cmake' to check CMake code style
[5.568s] -- Added test 'xmllint' to check XML markup files
[5.583s] -- Configuring done (4.9s)
[5.593s] -- Generating done (0.0s)
[5.597s] -- Build files have been written to: /home/leo11dk/Desktop/drobot/build/drobot_description
[5.609s] Invoked command in '/home/leo11dk/Desktop/drobot/build/drobot_description' returned '0': CMAKE_PREFIX_PATH=${CMAKE_PREFIX_PATH}:/opt/ros/jazzy DEBUGINFOD_URLS=https://debuginfod.ubuntu.com /usr/bin/cmake /home/leo11dk/Desktop/drobot/src/drobot_description -DCMAKE_INSTALL_PREFIX=/home/leo11dk/Desktop/drobot/install/drobot_description
[5.610s] Invoking command in '/home/leo11dk/Desktop/drobot/build/drobot_description': CMAKE_PREFIX_PATH=${CMAKE_PREFIX_PATH}:/opt/ros/jazzy DEBUGINFOD_URLS=https://debuginfod.ubuntu.com /usr/bin/cmake --build /home/leo11dk/Desktop/drobot/build/drobot_description -- -j6 -l6
[5.662s] Invoked command in '/home/leo11dk/Desktop/drobot/build/drobot_description' returned '0': CMAKE_PREFIX_PATH=${CMAKE_PREFIX_PATH}:/opt/ros/jazzy DEBUGINFOD_URLS=https://debuginfod.ubuntu.com /usr/bin/cmake --build /home/leo11dk/Desktop/drobot/build/drobot_description -- -j6 -l6
[5.663s] Invoking command in '/home/leo11dk/Desktop/drobot/build/drobot_description': CMAKE_PREFIX_PATH=${CMAKE_PREFIX_PATH}:/opt/ros/jazzy DEBUGINFOD_URLS=https://debuginfod.ubuntu.com /usr/bin/cmake --install /home/leo11dk/Desktop/drobot/build/drobot_description
[5.670s] -- Install configuration: ""
[5.670s] -- Installing: /home/leo11dk/Desktop/drobot/install/drobot_description/share/ament_index/resource_index/package_run_dependencies/drobot_description
[5.671s] -- Installing: /home/leo11dk/Desktop/drobot/install/drobot_description/share/ament_index/resource_index/parent_prefix_path/drobot_description
[5.671s] -- Installing: /home/leo11dk/Desktop/drobot/install/drobot_description/share/drobot_description/environment/ament_prefix_path.sh
[5.671s] -- Installing: /home/leo11dk/Desktop/drobot/install/drobot_description/share/drobot_description/environment/ament_prefix_path.dsv
[5.671s] -- Installing: /home/leo11dk/Desktop/drobot/install/drobot_description/share/drobot_description/environment/path.sh
[5.672s] -- Installing: /home/leo11dk/Desktop/drobot/install/drobot_description/share/drobot_description/environment/path.dsv
[5.672s] -- Installing: /home/leo11dk/Desktop/drobot/install/drobot_description/share/drobot_description/local_setup.bash
[5.672s] -- Installing: /home/leo11dk/Desktop/drobot/install/drobot_description/share/drobot_description/local_setup.sh
[5.672s] -- Installing: /home/leo11dk/Desktop/drobot/install/drobot_description/share/drobot_description/local_setup.zsh
[5.672s] -- Installing: /home/leo11dk/Desktop/drobot/install/drobot_description/share/drobot_description/local_setup.dsv
[5.672s] -- Installing: /home/leo11dk/Desktop/drobot/install/drobot_description/share/drobot_description/package.dsv
[5.672s] -- Installing: /home/leo11dk/Desktop/drobot/install/drobot_description/share/ament_index/resource_index/packages/drobot_description
[5.672s] -- Installing: /home/leo11dk/Desktop/drobot/install/drobot_description/share/drobot_description/cmake/drobot_descriptionConfig.cmake
[5.672s] -- Installing: /home/leo11dk/Desktop/drobot/install/drobot_description/share/drobot_description/cmake/drobot_descriptionConfig-version.cmake
[5.673s] -- Installing: /home/leo11dk/Desktop/drobot/install/drobot_description/share/drobot_description/package.xml
[5.856s] Invoked command in '/home/leo11dk/Desktop/drobot/build/drobot_description' returned '0': CMAKE_PREFIX_PATH=${CMAKE_PREFIX_PATH}:/opt/ros/jazzy DEBUGINFOD_URLS=https://debuginfod.ubuntu.com /usr/bin/cmake --install /home/leo11dk/Desktop/drobot/build/drobot_description
